#
# A fatal error has been detected by the Java Runtime Environment:
#
#  SIGSEGV (0xb) at pc=0x00007fff9c5e3c02, pid=24641, tid=0x0000000000000307
#
# JRE version: Java(TM) SE Runtime Environment (8.0_131-b11) (build 1.8.0_131-b11)
# Java VM: Java HotSpot(TM) 64-Bit Server VM (25.131-b11 mixed mode bsd-amd64 compressed oops)
# Problematic frame:
# C  [libGPUSupportMercury.dylib+0xac02]  gldAttachDrawable+0x12f
#
# Failed to write core dump. Core dumps have been disabled. To enable core dumping, try "ulimit -c unlimited" before starting Java again
#
# If you would like to submit a bug report, please visit:
#   http://bugreport.java.com/bugreport/crash.jsp
# The crash happened outside the Java Virtual Machine in native code.
# See problematic frame for where to report the bug.
#

---------------  T H R E A D  ---------------

Current thread (0x00007fd412904000):  JavaThread "AppKit Thread" daemon [_thread_in_native, id=775, stack(0x00007fff4fdcb000,0x00007fff505cb000)]

siginfo: si_signo: 11 (SIGSEGV), si_code: 1 (SEGV_MAPERR), si_addr: 0x0000000000000008

Registers:
RAX=0x0000000000000000, RBX=0x0000000000002715, RCX=0x0000000000000c24, RDX=0x00007fd410c42b10
RSP=0x00007fff505c4ae0, RBP=0x00007fff505c4be0, RSI=0x000000000000f2bf, RDI=0x0000000000020283
R8 =0x0000000001313ecc, R9 =0x00007fd415800a00, R10=0x000000000000003c, R11=0x0000000000000206
R12=0x00007fd410c42b08, R13=0x00007fd413027600, R14=0x00007fd410c42b10, R15=0x0000000000000000
RIP=0x00007fff9c5e3c02, EFLAGS=0x0000000000010206, ERR=0x0000000000000004
  TRAPNO=0x000000000000000e

Top of Stack: (sp=0x00007fff505c4ae0)
0x00007fff505c4ae0:   00007fff505c4b20 00007fffa03c4c97
0x00007fff505c4af0:   0000000000000000 4036000000000000
0x00007fff505c4b00:   4084000000000000 00007fd417009ee0
0x00007fff505c4b10:   0000000000000000 00007fd410c3a201
0x00007fff505c4b20:   00007fff505c4c01 00000050a04b3fce
0x00007fff505c4b30:   0000000000000000 4036000000000000
0x00007fff505c4b40:   4084000000000000 407e000000000000
0x00007fff505c4b50:   7ff0000000000000 7ff0000000000000
0x00007fff505c4b60:   0000000000000000 0000000000000000
0x00007fff505c4b70:   00007fd412259cc0 00020283a04abc64
0x00007fff505c4b80:   7ff0000000000000 7ff0000000000000
0x00007fff505c4b90:   0000000000000000 0000000000000000
0x00007fff505c4ba0:   0000000000000000 00007fffa0499e7e
0x00007fff505c4bb0:   230381a176a10029 00007fd417000000
0x00007fff505c4bc0:   0000000000002718 0000000000000000
0x00007fff505c4bd0:   0000000000000050 0000000000000000
0x00007fff505c4be0:   00007fff505c4c40 00000001303ffe59
0x00007fff505c4bf0:   409a400000000000 0000000000000000
0x00007fff505c4c00:   00007fd417009ee0 0000000000000000
0x00007fff505c4c10:   00007fd410c42b08 00007fd41481c488
0x00007fff505c4c20:   00007fd41481c550 00007fd41481c580
0x00007fff505c4c30:   00007fd41481a600 230381a176a10029
0x00007fff505c4c40:   00007fff505c4d20 00007fff938cd7f0
0x00007fff505c4c50:   4070700000000000 4084000000000000
0x00007fff505c4c60:   407f600000000000 0000000000000000
0x00007fff505c4c70:   4036000000000000 4084000000000000
0x00007fff505c4c80:   407e000000000000 0000000000000002
0x00007fff505c4c90:   0000000000000000 0000000000000004
0x00007fff505c4ca0:   00007fd410c42b08 0000000000000004
0x00007fff505c4cb0:   00007fff505c4d20 00007fff938d2945
0x00007fff505c4cc0:   00000004505c4ce0 00007fd41481c550
0x00007fff505c4cd0:   00007fd41481c488 0000000200001006 

Instructions: (pc=0x00007fff9c5e3c02)
0x00007fff9c5e3be2:   24 04 81 e1 3f 8c 00 00 48 8b 85 38 ff ff ff 44
0x00007fff9c5e3bf2:   8b 80 38 02 00 00 4c 89 f2 48 8b 85 30 ff ff ff
0x00007fff9c5e3c02:   ff 50 08 bb 15 27 00 00 85 c0 0f 85 31 02 00 00
0x00007fff9c5e3c12:   49 8b 4d 60 41 8b 06 eb 10 41 8b 06 bb 15 27 00 

Register to memory mapping:

RAX=0x0000000000000000 is an unknown value
RBX=0x0000000000002715 is an unknown value
RCX=0x0000000000000c24 is an unknown value
RDX=0x00007fd410c42b10 is an unknown value
RSP=0x00007fff505c4ae0 is pointing into the stack for thread: 0x00007fd412904000
RBP=0x00007fff505c4be0 is pointing into the stack for thread: 0x00007fd412904000
RSI=0x000000000000f2bf is an unknown value
RDI=0x0000000000020283 is an unknown value
R8 =0x0000000001313ecc is an unknown value
R9 =0x00007fd415800a00 is an unknown value
R10=0x000000000000003c is an unknown value
R11=0x0000000000000206 is an unknown value
R12=0x00007fd410c42b08 is an unknown value
R13=0x00007fd413027600 is an unknown value
R14=0x00007fd410c42b10 is an unknown value
R15=0x0000000000000000 is an unknown value


Stack: [0x00007fff4fdcb000,0x00007fff505cb000],  sp=0x00007fff505c4ae0,  free space=8166k
Native frames: (J=compiled Java code, j=interpreted, Vv=VM code, C=native code)
C  [libGPUSupportMercury.dylib+0xac02]  gldAttachDrawable+0x12f
C  [GLEngine+0x15e59]  gliAttachDrawableWithOptions+0x106
C  [OpenGL+0x37f0]  glcGetIOAccelService+0xe8c
C  [OpenGL+0x76f7]  CGLSetPBuffer+0xb45
C  [OpenGL+0x7a15]  CGLSetSurface+0x125
C  [AppKit+0x335c80]  NSOpenGLContextAttachOnScreenViewSurface+0x187
C  [AppKit+0x6efc57]  __27-[NSOpenGLContext setView:]_block_invoke+0xd3
C  [AppKit+0x179d48]  NSPerformVisuallyAtomicChange+0x93
C  [AppKit+0x322538]  -[NSOpenGLContext setView:]+0x69
C  [liblwjgl.dylib+0xa586]  -[MacOSXOpenGLView lockFocus]+0x76
C  [AppKit+0x19ce7b]  -[NSView _recursiveDisplayRectIfNeededIgnoringOpacity:isVisibleRect:rectIsVisibleRectForView:topView:]+0x6ee
C  [AppKit+0x19d6d1]  -[NSView _recursiveDisplayRectIfNeededIgnoringOpacity:isVisibleRect:rectIsVisibleRectForView:topView:]+0xf44
C  [AppKit+0x19c2af]  -[NSThemeFrame _recursiveDisplayRectIfNeededIgnoringOpacity:isVisibleRect:rectIsVisibleRectForView:topView:]+0x14e
C  [AppKit+0x19a6d8]  -[NSView _displayRectIgnoringOpacity:isVisibleRect:rectIsVisibleRectForView:]+0x994
C  [AppKit+0x195fca]  -[NSView displayIfNeeded]+0x6d4
C  [AppKit+0x1958db]  -[NSWindow displayIfNeeded]+0xe6
C  [AppKit+0x8f5cb4]  ___NSWindowGetDisplayCycleObserver_block_invoke.6228+0x115
C  [AppKit+0x1953b9]  __37+[NSDisplayCycle currentDisplayCycle]_block_invoke+0x1c6
C  [QuartzCore+0x11d06]  _ZN2CA11Transaction19run_commit_handlersE18CATransactionPhase+0x2e
C  [QuartzCore+0x11b8bc]  _ZN2CA7Context18commit_transactionEPNS_11TransactionE+0xa0
C  [QuartzCore+0x107e1]  _ZN2CA11Transaction6commitEv+0x1db
C  [AppKit+0x4788b1]  __37+[NSDisplayCycle currentDisplayCycle]_block_invoke.31+0x143
C  [CoreFoundation+0xa6d37]  __CFRUNLOOP_IS_CALLING_OUT_TO_AN_OBSERVER_CALLBACK_FUNCTION__+0x17
C  [CoreFoundation+0xa6ca7]  __CFRunLoopDoObservers+0x187
C  [CoreFoundation+0x876d9]  __CFRunLoopRun+0x369
C  [CoreFoundation+0x87114]  CFRunLoopRunSpecific+0x1a4
C  [HIToolbox+0x30ebc]  RunCurrentEventLoopInMode+0xf0
C  [HIToolbox+0x30bf9]  ReceiveNextEventCommon+0xb8
C  [HIToolbox+0x30b26]  _BlockUntilNextEventMatchingListInModeWithFilter+0x47
C  [AppKit+0x46a54]  _DPSNextEvent+0x460
C  [AppKit+0x7c27ee]  -[NSApplication(NSEvent) _nextEventMatchingEventMask:untilDate:inMode:dequeue:]+0xaec
C  [libosxapp.dylib+0x23aa]  -[NSApplicationAWT nextEventMatchingMask:untilDate:inMode:dequeue:]+0x7c
C  [AppKit+0x3b3db]  -[NSApplication run]+0x39e
C  [libosxapp.dylib+0x214d]  +[NSApplicationAWT runAWTLoopWithApp:]+0x9c
C  [libawt_lwawt.dylib+0x45edf]  -[AWTStarter starter:]+0x389
C  [Foundation+0x7152a]  __NSThreadPerformPerform+0x146
C  [CoreFoundation+0xa7321]  __CFRUNLOOP_IS_CALLING_OUT_TO_A_SOURCE0_PERFORM_FUNCTION__+0x11
C  [CoreFoundation+0x8821d]  __CFRunLoopDoSources0+0x22d
C  [CoreFoundation+0x87716]  __CFRunLoopRun+0x3a6
C  [CoreFoundation+0x87114]  CFRunLoopRunSpecific+0x1a4
C  [java+0x6465]  CreateExecutionEnvironment+0x367
C  [java+0x218c]  JLI_Launch+0x7a0
C  [java+0x84c2]  main+0x65
C  [java+0x19e4]  start+0x34
C  0x0000000000000005


---------------  P R O C E S S  ---------------

Java Threads: ( => current thread )
  0x00007fd41db06800 JavaThread "AWT-Shutdown" [_thread_blocked, id=80659, stack(0x000070000d66c000,0x000070000d76c000)]
  0x00007fd412993800 JavaThread "DestroyJavaVM" [_thread_blocked, id=6915, stack(0x000070000c2b0000,0x000070000c3b0000)]
  0x00007fd412993000 JavaThread "LWJGL Application" [_thread_in_native, id=75015, stack(0x000070000db04000,0x000070000dc04000)]
=>0x00007fd412904000 JavaThread "AppKit Thread" daemon [_thread_in_native, id=775, stack(0x00007fff4fdcb000,0x00007fff505cb000)]
  0x00007fd411846800 JavaThread "Service Thread" daemon [_thread_blocked, id=21251, stack(0x000070000d466000,0x000070000d566000)]
  0x00007fd411025800 JavaThread "C1 CompilerThread3" daemon [_thread_blocked, id=20739, stack(0x000070000d363000,0x000070000d463000)]
  0x00007fd41100f000 JavaThread "C2 CompilerThread2" daemon [_thread_blocked, id=20227, stack(0x000070000d260000,0x000070000d360000)]
  0x00007fd414001000 JavaThread "C2 CompilerThread1" daemon [_thread_blocked, id=19715, stack(0x000070000d15d000,0x000070000d25d000)]
  0x00007fd41101a800 JavaThread "C2 CompilerThread0" daemon [_thread_blocked, id=19203, stack(0x000070000d05a000,0x000070000d15a000)]
  0x00007fd413801800 JavaThread "Signal Dispatcher" daemon [_thread_blocked, id=18691, stack(0x000070000cf57000,0x000070000d057000)]
  0x00007fd411801800 JavaThread "Finalizer" daemon [_thread_blocked, id=14339, stack(0x000070000cdd1000,0x000070000ced1000)]
  0x00007fd412835800 JavaThread "Reference Handler" daemon [_thread_blocked, id=13827, stack(0x000070000ccce000,0x000070000cdce000)]

Other Threads:
  0x00007fd412831000 VMThread [stack: 0x000070000cbcb000,0x000070000cccb000] [id=13315]
  0x00007fd411847800 WatcherThread [stack: 0x000070000d569000,0x000070000d669000] [id=21763]

VM state:not at safepoint (normal execution)

VM Mutex/Monitor currently owned by a thread: None

Heap:
 PSYoungGen      total 76288K, used 41584K [0x000000076ab00000, 0x0000000770000000, 0x00000007c0000000)
  eden space 65536K, 50% used [0x000000076ab00000,0x000000076cb6ee38,0x000000076eb00000)
  from space 10752K, 77% used [0x000000076f580000,0x000000076fdad3e0,0x0000000770000000)
  to   space 10752K, 0% used [0x000000076eb00000,0x000000076eb00000,0x000000076f580000)
 ParOldGen       total 175104K, used 176K [0x00000006c0000000, 0x00000006cab00000, 0x000000076ab00000)
  object space 175104K, 0% used [0x00000006c0000000,0x00000006c002c020,0x00000006cab00000)
 Metaspace       used 16390K, capacity 16595K, committed 16768K, reserved 1064960K
  class space    used 1787K, capacity 1861K, committed 1920K, reserved 1048576K

Card table byte_map: [0x0000000111b63000,0x0000000112364000] byte_map_base: 0x000000010e563000

Marking Bits: (ParMarkBitMap*) 0x00000001110f1ea0
 Begin Bits: [0x00000001128ba000, 0x00000001168ba000)
 End Bits:   [0x00000001168ba000, 0x000000011a8ba000)

Polling page: 0x000000010f6f5000

CodeCache: size=245760Kb used=6807Kb max_used=6818Kb free=238952Kb
 bounds [0x000000011e29a000, 0x000000011e94a000, 0x000000012d29a000]
 total_blobs=2579 nmethods=2039 adapters=453
 compilation: enabled

Compilation events (10 events):
Event: 22.451 Thread 0x00007fd411025800 2034       3       world.Car::snapTo (469 bytes)
Event: 22.453 Thread 0x00007fd411025800 nmethod 2034 0x000000011e9405d0 code [0x000000011e940a00, 0x000000011e942478]
Event: 22.453 Thread 0x00007fd411025800 2035   !   3       world.Car::$SWITCH_TABLE$world$WorldSpatial$Direction (74 bytes)
Event: 22.453 Thread 0x00007fd411025800 nmethod 2035 0x000000011e93b290 code [0x000000011e93b440, 0x000000011e93bbc8]
Event: 22.468 Thread 0x00007fd411025800 2036   !   3       mycontroller.ReverseOut::$SWITCH_TABLE$world$WorldSpatial$Direction (74 bytes)
Event: 22.469 Thread 0x00007fd411025800 nmethod 2036 0x000000011e93e8d0 code [0x000000011e93ea80, 0x000000011e93f208]
Event: 22.802 Thread 0x00007fd41100f000 2037       4       mycontroller.Radar::isDirectionBlocked (151 bytes)
Event: 22.826 Thread 0x00007fd41100f000 nmethod 2037 0x000000011e944250 code [0x000000011e9444c0, 0x000000011e9455b8]
Event: 22.852 Thread 0x00007fd414001000 2038       4       java.util.regex.Pattern$LastNode::match (45 bytes)
Event: 22.853 Thread 0x00007fd414001000 nmethod 2038 0x000000011e9429d0 code [0x000000011e942b20, 0x000000011e942bf8]

GC Heap History (8 events):
Event: 8.036 GC heap before
{Heap before GC invocations=1 (full 0):
 PSYoungGen      total 76288K, used 65536K [0x000000076ab00000, 0x0000000770000000, 0x00000007c0000000)
  eden space 65536K, 100% used [0x000000076ab00000,0x000000076eb00000,0x000000076eb00000)
  from space 10752K, 0% used [0x000000076f580000,0x000000076f580000,0x0000000770000000)
  to   space 10752K, 0% used [0x000000076eb00000,0x000000076eb00000,0x000000076f580000)
 ParOldGen       total 175104K, used 0K [0x00000006c0000000, 0x00000006cab00000, 0x000000076ab00000)
  object space 175104K, 0% used [0x00000006c0000000,0x00000006c0000000,0x00000006cab00000)
 Metaspace       used 15895K, capacity 16075K, committed 16256K, reserved 1062912K
  class space    used 1783K, capacity 1861K, committed 1920K, reserved 1048576K
Event: 8.046 GC heap after
Heap after GC invocations=1 (full 0):
 PSYoungGen      total 76288K, used 8409K [0x000000076ab00000, 0x0000000770000000, 0x00000007c0000000)
  eden space 65536K, 0% used [0x000000076ab00000,0x000000076ab00000,0x000000076eb00000)
  from space 10752K, 78% used [0x000000076eb00000,0x000000076f3364e0,0x000000076f580000)
  to   space 10752K, 0% used [0x000000076f580000,0x000000076f580000,0x0000000770000000)
 ParOldGen       total 175104K, used 88K [0x00000006c0000000, 0x00000006cab00000, 0x000000076ab00000)
  object space 175104K, 0% used [0x00000006c0000000,0x00000006c0016010,0x00000006cab00000)
 Metaspace       used 15895K, capacity 16075K, committed 16256K, reserved 1062912K
  class space    used 1783K, capacity 1861K, committed 1920K, reserved 1048576K
}
Event: 12.036 GC heap before
{Heap before GC invocations=2 (full 0):
 PSYoungGen      total 76288K, used 73945K [0x000000076ab00000, 0x0000000770000000, 0x00000007c0000000)
  eden space 65536K, 100% used [0x000000076ab00000,0x000000076eb00000,0x000000076eb00000)
  from space 10752K, 78% used [0x000000076eb00000,0x000000076f3364e0,0x000000076f580000)
  to   space 10752K, 0% used [0x000000076f580000,0x000000076f580000,0x0000000770000000)
 ParOldGen       total 175104K, used 88K [0x00000006c0000000, 0x00000006cab00000, 0x000000076ab00000)
  object space 175104K, 0% used [0x00000006c0000000,0x00000006c0016010,0x00000006cab00000)
 Metaspace       used 16150K, capacity 16331K, committed 16512K, reserved 1064960K
  class space    used 1783K, capacity 1861K, committed 1920K, reserved 1048576K
Event: 12.043 GC heap after
Heap after GC invocations=2 (full 0):
 PSYoungGen      total 76288K, used 5300K [0x000000076ab00000, 0x0000000770000000, 0x00000007c0000000)
  eden space 65536K, 0% used [0x000000076ab00000,0x000000076ab00000,0x000000076eb00000)
  from space 10752K, 49% used [0x000000076f580000,0x000000076faad3e0,0x0000000770000000)
  to   space 10752K, 0% used [0x000000076eb00000,0x000000076eb00000,0x000000076f580000)
 ParOldGen       total 175104K, used 96K [0x00000006c0000000, 0x00000006cab00000, 0x000000076ab00000)
  object space 175104K, 0% used [0x00000006c0000000,0x00000006c0018010,0x00000006cab00000)
 Metaspace       used 16150K, capacity 16331K, committed 16512K, reserved 1064960K
  class space    used 1783K, capacity 1861K, committed 1920K, reserved 1048576K
}
Event: 16.169 GC heap before
{Heap before GC invocations=3 (full 0):
 PSYoungGen      total 76288K, used 70836K [0x000000076ab00000, 0x0000000770000000, 0x00000007c0000000)
  eden space 65536K, 100% used [0x000000076ab00000,0x000000076eb00000,0x000000076eb00000)
  from space 10752K, 49% used [0x000000076f580000,0x000000076faad3e0,0x0000000770000000)
  to   space 10752K, 0% used [0x000000076eb00000,0x000000076eb00000,0x000000076f580000)
 ParOldGen       total 175104K, used 96K [0x00000006c0000000, 0x00000006cab00000, 0x000000076ab00000)
  object space 175104K, 0% used [0x00000006c0000000,0x00000006c0018010,0x00000006cab00000)
 Metaspace       used 16306K, capacity 16467K, committed 16768K, reserved 1064960K
  class space    used 1786K, capacity 1861K, committed 1920K, reserved 1048576K
Event: 16.173 GC heap after
Heap after GC invocations=3 (full 0):
 PSYoungGen      total 76288K, used 6804K [0x000000076ab00000, 0x0000000770000000, 0x00000007c0000000)
  eden space 65536K, 0% used [0x000000076ab00000,0x000000076ab00000,0x000000076eb00000)
  from space 10752K, 63% used [0x000000076eb00000,0x000000076f1a53f0,0x000000076f580000)
  to   space 10752K, 0% used [0x000000076f580000,0x000000076f580000,0x0000000770000000)
 ParOldGen       total 175104K, used 104K [0x00000006c0000000, 0x00000006cab00000, 0x000000076ab00000)
  object space 175104K, 0% used [0x00000006c0000000,0x00000006c001a010,0x00000006cab00000)
 Metaspace       used 16306K, capacity 16467K, committed 16768K, reserved 1064960K
  class space    used 1786K, capacity 1861K, committed 1920K, reserved 1048576K
}
Event: 20.834 GC heap before
{Heap before GC invocations=4 (full 0):
 PSYoungGen      total 76288K, used 72340K [0x000000076ab00000, 0x0000000770000000, 0x00000007c0000000)
  eden space 65536K, 100% used [0x000000076ab00000,0x000000076eb00000,0x000000076eb00000)
  from space 10752K, 63% used [0x000000076eb00000,0x000000076f1a53f0,0x000000076f580000)
  to   space 10752K, 0% used [0x000000076f580000,0x000000076f580000,0x0000000770000000)
 ParOldGen       total 175104K, used 104K [0x00000006c0000000, 0x00000006cab00000, 0x000000076ab00000)
  object space 175104K, 0% used [0x00000006c0000000,0x00000006c001a010,0x00000006cab00000)
 Metaspace       used 16379K, capacity 16595K, committed 16768K, reserved 1064960K
  class space    used 1786K, capacity 1861K, committed 1920K, reserved 1048576K
Event: 20.842 GC heap after
Heap after GC invocations=4 (full 0):
 PSYoungGen      total 76288K, used 8372K [0x000000076ab00000, 0x0000000770000000, 0x00000007c0000000)
  eden space 65536K, 0% used [0x000000076ab00000,0x000000076ab00000,0x000000076eb00000)
  from space 10752K, 77% used [0x000000076f580000,0x000000076fdad3e0,0x0000000770000000)
  to   space 10752K, 0% used [0x000000076eb00000,0x000000076eb00000,0x000000076f580000)
 ParOldGen       total 175104K, used 176K [0x00000006c0000000, 0x00000006cab00000, 0x000000076ab00000)
  object space 175104K, 0% used [0x00000006c0000000,0x00000006c002c020,0x00000006cab00000)
 Metaspace       used 16379K, capacity 16595K, committed 16768K, reserved 1064960K
  class space    used 1786K, capacity 1861K, committed 1920K, reserved 1048576K
}

Deoptimization events (10 events):
Event: 6.717 Thread 0x00007fd412993000 Uncommon trap: reason=range_check action=make_not_entrant pc=0x000000011e59e7c8 method=sun.reflect.generics.parser.SignatureParser.current()C @ 34
Event: 6.743 Thread 0x00007fd412993000 Uncommon trap: reason=unstable_if action=reinterpret pc=0x000000011e5b7e54 method=java.util.HashMap.putVal(ILjava/lang/Object;Ljava/lang/Object;ZZ)Ljava/lang/Object; @ 193
Event: 6.889 Thread 0x00007fd412993000 Uncommon trap: reason=unstable_if action=reinterpret pc=0x000000011e662ce0 method=utilities.Coordinate.equals(Ljava/lang/Object;)Z @ 29
Event: 7.670 Thread 0x00007fd412993000 Uncommon trap: reason=null_check action=make_not_entrant pc=0x000000011e6713e4 method=utilities.Coordinate.equals(Ljava/lang/Object;)Z @ 8
Event: 12.886 Thread 0x00007fd412993000 Uncommon trap: reason=null_check action=make_not_entrant pc=0x000000011e85ee28 method=com.badlogic.gdx.utils.ObjectIntMap.put(Ljava/lang/Object;I)V @ 43
Event: 13.019 Thread 0x00007fd412993000 Uncommon trap: reason=null_check action=make_not_entrant pc=0x000000011e86533c method=com.badlogic.gdx.utils.ObjectIntMap.put(Ljava/lang/Object;I)V @ 75
Event: 13.171 Thread 0x00007fd412993000 Uncommon trap: reason=null_check action=make_not_entrant pc=0x000000011e86a4f0 method=com.badlogic.gdx.utils.ObjectIntMap.put(Ljava/lang/Object;I)V @ 107
Event: 13.936 Thread 0x00007fd412993000 Uncommon trap: reason=unstable_if action=reinterpret pc=0x000000011e887d50 method=mycontroller.Radar.isDriveable(Ltiles/MapTile;Lutilities/Coordinate;)Z @ 36
Event: 14.335 Thread 0x00007fd412993000 Uncommon trap: reason=unstable_if action=reinterpret pc=0x000000011e6c91e0 method=utilities.Coordinate.equals(Ljava/lang/Object;)Z @ 40
Event: 16.173 Thread 0x00007fd412835800 Uncommon trap: reason=unstable_if action=reinterpret pc=0x000000011e8396ec method=sun.misc.Cleaner.remove(Lsun/misc/Cleaner;)Z @ 14

Internal exceptions (10 events):
Event: 11.590 Thread 0x00007fd412993000 Exception <a 'java/lang/NullPointerException'> (0x000000076e3ed308) thrown at [/Users/java_re/workspace/8-2-build-macosx-x86_64/jdk8u131/8869/hotspot/src/share/vm/runtime/sharedRuntime.cpp, line 605]
Event: 11.593 Thread 0x00007fd412993000 Implicit null exception at 0x000000011e6697c5 to 0x000000011e66bd47
Event: 11.593 Thread 0x00007fd412993000 Exception <a 'java/lang/NullPointerException'> (0x000000076e40e768) thrown at [/Users/java_re/workspace/8-2-build-macosx-x86_64/jdk8u131/8869/hotspot/src/share/vm/runtime/sharedRuntime.cpp, line 605]
Event: 11.593 Thread 0x00007fd412993000 Implicit null exception at 0x000000011e668037 to 0x000000011e66bae6
Event: 11.593 Thread 0x00007fd412993000 Exception <a 'java/lang/NullPointerException'> (0x000000076e4108f0) thrown at [/Users/java_re/workspace/8-2-build-macosx-x86_64/jdk8u131/8869/hotspot/src/share/vm/runtime/sharedRuntime.cpp, line 605]
Event: 11.937 Thread 0x00007fd412993000 Implicit null exception at 0x000000011e668037 to 0x000000011e66bae6
Event: 11.937 Thread 0x00007fd412993000 Exception <a 'java/lang/NullPointerException'> (0x000000076e964b48) thrown at [/Users/java_re/workspace/8-2-build-macosx-x86_64/jdk8u131/8869/hotspot/src/share/vm/runtime/sharedRuntime.cpp, line 605]
Event: 12.886 Thread 0x00007fd412993000 Implicit null exception at 0x000000011e85e7d0 to 0x000000011e85ee01
Event: 13.019 Thread 0x00007fd412993000 Implicit null exception at 0x000000011e864d7c to 0x000000011e865309
Event: 13.171 Thread 0x00007fd412993000 Implicit null exception at 0x000000011e86a038 to 0x000000011e86a4b1

Events (10 events):
Event: 20.842 Thread 0x00007fd4117f3800 Thread exited: 0x00007fd4117f3800
Event: 21.206 Thread 0x00007fd41ea25000 Thread added: 0x00007fd41ea25000
Event: 22.350 Executing VM operation: RevokeBias
Event: 22.350 Executing VM operation: RevokeBias done
Event: 22.350 Thread 0x00007fd41ea25000 Thread exited: 0x00007fd41ea25000
Event: 22.987 Thread 0x00007fd41db06800 Thread added: 0x00007fd41db06800
Event: 23.086 loading class com/badlogic/gdx/backends/lwjgl/LwjglApplication$2
Event: 23.086 loading class com/badlogic/gdx/backends/lwjgl/LwjglApplication$2 done
Event: 23.104 loading class org/lwjgl/opengl/CallbackUtil
Event: 23.104 loading class org/lwjgl/opengl/CallbackUtil done


Dynamic libraries:
0x000000001950e000 	/System/Library/Frameworks/Cocoa.framework/Versions/A/Cocoa
0x000000001950e000 	/System/Library/Frameworks/Security.framework/Versions/A/Security
0x000000001950e000 	/System/Library/Frameworks/ApplicationServices.framework/Versions/A/ApplicationServices
0x000000001950e000 	/usr/lib/libz.1.dylib
0x000000001950e000 	/usr/lib/libSystem.B.dylib
0x000000001950e000 	/usr/lib/libobjc.A.dylib
0x000000001950e000 	/System/Library/Frameworks/CoreFoundation.framework/Versions/A/CoreFoundation
0x000000001950e000 	/System/Library/Frameworks/Foundation.framework/Versions/C/Foundation
0x000000001950e000 	/System/Library/Frameworks/AppKit.framework/Versions/C/AppKit
0x000000001950e000 	/System/Library/Frameworks/CoreData.framework/Versions/A/CoreData
0x000000001950e000 	/System/Library/PrivateFrameworks/RemoteViewServices.framework/Versions/A/RemoteViewServices
0x000000001950e000 	/System/Library/PrivateFrameworks/UIFoundation.framework/Versions/A/UIFoundation
0x000000001950e000 	/System/Library/PrivateFrameworks/DFRFoundation.framework/Versions/A/DFRFoundation
0x000000001950e000 	/usr/lib/libenergytrace.dylib
0x000000001950e000 	/System/Library/PrivateFrameworks/SkyLight.framework/Versions/A/SkyLight
0x000000001950e000 	/System/Library/Frameworks/CoreGraphics.framework/Versions/A/CoreGraphics
0x000000001950e000 	/usr/lib/libScreenReader.dylib
0x000000001950e000 	/System/Library/Frameworks/Accelerate.framework/Versions/A/Accelerate
0x000000001950e000 	/System/Library/Frameworks/IOSurface.framework/Versions/A/IOSurface
0x000000001950e000 	/System/Library/Frameworks/AudioToolbox.framework/Versions/A/AudioToolbox
0x000000001950e000 	/System/Library/Frameworks/AudioUnit.framework/Versions/A/AudioUnit
0x000000001950e000 	/System/Library/PrivateFrameworks/DataDetectorsCore.framework/Versions/A/DataDetectorsCore
0x000000001950e000 	/System/Library/PrivateFrameworks/DesktopServicesPriv.framework/Versions/A/DesktopServicesPriv
0x000000001950e000 	/System/Library/Frameworks/Carbon.framework/Versions/A/Frameworks/HIToolbox.framework/Versions/A/HIToolbox
0x000000001950e000 	/usr/lib/libicucore.A.dylib
0x000000001950e000 	/System/Library/Frameworks/QuartzCore.framework/Versions/A/QuartzCore
0x000000001950e000 	/System/Library/Frameworks/Carbon.framework/Versions/A/Frameworks/SpeechRecognition.framework/Versions/A/SpeechRecognition
0x000000001950e000 	/usr/lib/libauto.dylib
0x000000001950e000 	/usr/lib/libxml2.2.dylib
0x000000001950e000 	/System/Library/PrivateFrameworks/CoreUI.framework/Versions/A/CoreUI
0x000000001950e000 	/System/Library/Frameworks/CoreAudio.framework/Versions/A/CoreAudio
0x000000001950e000 	/System/Library/Frameworks/DiskArbitration.framework/Versions/A/DiskArbitration
0x000000001950e000 	/usr/lib/liblangid.dylib
0x000000001950e000 	/System/Library/PrivateFrameworks/MultitouchSupport.framework/Versions/A/MultitouchSupport
0x000000001950e000 	/System/Library/Frameworks/IOKit.framework/Versions/A/IOKit
0x000000001950e000 	/usr/lib/libDiagnosticMessagesClient.dylib
0x000000001950e000 	/System/Library/Frameworks/CoreServices.framework/Versions/A/CoreServices
0x000000001950e000 	/System/Library/PrivateFrameworks/PerformanceAnalysis.framework/Versions/A/PerformanceAnalysis
0x000000001950e000 	/System/Library/PrivateFrameworks/GenerationalStorage.framework/Versions/A/GenerationalStorage
0x000000001950e000 	/System/Library/Frameworks/OpenGL.framework/Versions/A/OpenGL
0x000000001950e000 	/System/Library/Frameworks/CoreImage.framework/Versions/A/CoreImage
0x000000001950e000 	/System/Library/Frameworks/CoreText.framework/Versions/A/CoreText
0x000000001950e000 	/System/Library/Frameworks/ImageIO.framework/Versions/A/ImageIO
0x000000001950e000 	/System/Library/PrivateFrameworks/Backup.framework/Versions/A/Backup
0x000000001950e000 	/usr/lib/libarchive.2.dylib
0x000000001950e000 	/System/Library/Frameworks/CFNetwork.framework/Versions/A/CFNetwork
0x000000001950e000 	/System/Library/Frameworks/SystemConfiguration.framework/Versions/A/SystemConfiguration
0x000000001950e000 	/usr/lib/libCRFSuite.dylib
0x000000001950e000 	/usr/lib/libc++.1.dylib
0x000000001950e000 	/usr/lib/libc++abi.dylib
0x000000001950e000 	/usr/lib/system/libcache.dylib
0x000000001950e000 	/usr/lib/system/libcommonCrypto.dylib
0x000000001950e000 	/usr/lib/system/libcompiler_rt.dylib
0x000000001950e000 	/usr/lib/system/libcopyfile.dylib
0x000000001950e000 	/usr/lib/system/libcorecrypto.dylib
0x000000001950e000 	/usr/lib/system/libdispatch.dylib
0x000000001950e000 	/usr/lib/system/libdyld.dylib
0x000000001950e000 	/usr/lib/system/libkeymgr.dylib
0x000000001950e000 	/usr/lib/system/liblaunch.dylib
0x000000001950e000 	/usr/lib/system/libmacho.dylib
0x000000001950e000 	/usr/lib/system/libquarantine.dylib
0x000000001950e000 	/usr/lib/system/libremovefile.dylib
0x000000001950e000 	/usr/lib/system/libsystem_asl.dylib
0x000000001950e000 	/usr/lib/system/libsystem_blocks.dylib
0x000000001950e000 	/usr/lib/system/libsystem_c.dylib
0x000000001950e000 	/usr/lib/system/libsystem_configuration.dylib
0x000000001950e000 	/usr/lib/system/libsystem_coreservices.dylib
0x000000001950e000 	/usr/lib/system/libsystem_coretls.dylib
0x000000001950e000 	/usr/lib/system/libsystem_dnssd.dylib
0x000000001950e000 	/usr/lib/system/libsystem_info.dylib
0x000000001950e000 	/usr/lib/system/libsystem_kernel.dylib
0x000000001950e000 	/usr/lib/system/libsystem_m.dylib
0x000000001950e000 	/usr/lib/system/libsystem_malloc.dylib
0x000000001950e000 	/usr/lib/system/libsystem_network.dylib
0x000000001950e000 	/usr/lib/system/libsystem_networkextension.dylib
0x000000001950e000 	/usr/lib/system/libsystem_notify.dylib
0x000000001950e000 	/usr/lib/system/libsystem_platform.dylib
0x000000001950e000 	/usr/lib/system/libsystem_pthread.dylib
0x000000001950e000 	/usr/lib/system/libsystem_sandbox.dylib
0x000000001950e000 	/usr/lib/system/libsystem_secinit.dylib
0x000000001950e000 	/usr/lib/system/libsystem_symptoms.dylib
0x000000001950e000 	/usr/lib/system/libsystem_trace.dylib
0x000000001950e000 	/usr/lib/system/libunwind.dylib
0x000000001950e000 	/usr/lib/system/libxpc.dylib
0x000000001950e000 	/usr/lib/libbsm.0.dylib
0x000000001950e000 	/usr/lib/system/libkxld.dylib
0x000000001950e000 	/usr/lib/libcoretls.dylib
0x000000001950e000 	/usr/lib/libcoretls_cfhelpers.dylib
0x000000001950e000 	/usr/lib/libOpenScriptingUtil.dylib
0x000000001950e000 	/usr/lib/libpam.2.dylib
0x000000001950e000 	/usr/lib/libsqlite3.dylib
0x000000001950e000 	/usr/lib/libxar.1.dylib
0x000000001950e000 	/usr/lib/libbz2.1.0.dylib
0x000000001950e000 	/usr/lib/liblzma.5.dylib
0x000000001950e000 	/usr/lib/libnetwork.dylib
0x000000001950e000 	/usr/lib/libpcap.A.dylib
0x000000001950e000 	/System/Library/Frameworks/CoreServices.framework/Versions/A/Frameworks/FSEvents.framework/Versions/A/FSEvents
0x000000001950e000 	/System/Library/Frameworks/CoreServices.framework/Versions/A/Frameworks/CarbonCore.framework/Versions/A/CarbonCore
0x000000001950e000 	/System/Library/Frameworks/CoreServices.framework/Versions/A/Frameworks/Metadata.framework/Versions/A/Metadata
0x000000001950e000 	/System/Library/Frameworks/CoreServices.framework/Versions/A/Frameworks/OSServices.framework/Versions/A/OSServices
0x000000001950e000 	/System/Library/Frameworks/CoreServices.framework/Versions/A/Frameworks/SearchKit.framework/Versions/A/SearchKit
0x000000001950e000 	/System/Library/Frameworks/CoreServices.framework/Versions/A/Frameworks/AE.framework/Versions/A/AE
0x000000001950e000 	/System/Library/Frameworks/CoreServices.framework/Versions/A/Frameworks/LaunchServices.framework/Versions/A/LaunchServices
0x000000001950e000 	/System/Library/Frameworks/CoreServices.framework/Versions/A/Frameworks/DictionaryServices.framework/Versions/A/DictionaryServices
0x000000001950e000 	/System/Library/Frameworks/CoreServices.framework/Versions/A/Frameworks/SharedFileList.framework/Versions/A/SharedFileList
0x000000001950e000 	/System/Library/Frameworks/NetFS.framework/Versions/A/NetFS
0x000000001950e000 	/System/Library/PrivateFrameworks/NetAuth.framework/Versions/A/NetAuth
0x000000001950e000 	/System/Library/PrivateFrameworks/login.framework/Versions/A/Frameworks/loginsupport.framework/Versions/A/loginsupport
0x000000001950e000 	/System/Library/PrivateFrameworks/TCC.framework/Versions/A/TCC
0x000000001950e000 	/usr/lib/libmecabra.dylib
0x000000001950e000 	/System/Library/Frameworks/ApplicationServices.framework/Versions/A/Frameworks/ATS.framework/Versions/A/ATS
0x000000001950e000 	/System/Library/Frameworks/ApplicationServices.framework/Versions/A/Frameworks/ColorSync.framework/Versions/A/ColorSync
0x000000001950e000 	/System/Library/Frameworks/ApplicationServices.framework/Versions/A/Frameworks/HIServices.framework/Versions/A/HIServices
0x000000001950e000 	/System/Library/Frameworks/ApplicationServices.framework/Versions/A/Frameworks/LangAnalysis.framework/Versions/A/LangAnalysis
0x000000001950e000 	/System/Library/Frameworks/ApplicationServices.framework/Versions/A/Frameworks/PrintCore.framework/Versions/A/PrintCore
0x000000001950e000 	/System/Library/Frameworks/ApplicationServices.framework/Versions/A/Frameworks/QD.framework/Versions/A/QD
0x000000001950e000 	/System/Library/Frameworks/ApplicationServices.framework/Versions/A/Frameworks/SpeechSynthesis.framework/Versions/A/SpeechSynthesis
0x000000001950e000 	/System/Library/Frameworks/Accelerate.framework/Versions/A/Frameworks/vImage.framework/Versions/A/vImage
0x000000001950e000 	/System/Library/Frameworks/Accelerate.framework/Versions/A/Frameworks/vecLib.framework/Versions/A/vecLib
0x000000001950e000 	/System/Library/Frameworks/Accelerate.framework/Versions/A/Frameworks/vecLib.framework/Versions/A/libvDSP.dylib
0x000000001950e000 	/System/Library/Frameworks/Accelerate.framework/Versions/A/Frameworks/vecLib.framework/Versions/A/libBNNS.dylib
0x000000001950e000 	/System/Library/Frameworks/Accelerate.framework/Versions/A/Frameworks/vecLib.framework/Versions/A/libQuadrature.dylib
0x000000001950e000 	/System/Library/Frameworks/Accelerate.framework/Versions/A/Frameworks/vecLib.framework/Versions/A/libvMisc.dylib
0x000000001950e000 	/System/Library/Frameworks/Accelerate.framework/Versions/A/Frameworks/vecLib.framework/Versions/A/libLAPACK.dylib
0x000000001950e000 	/System/Library/Frameworks/Accelerate.framework/Versions/A/Frameworks/vecLib.framework/Versions/A/libBLAS.dylib
0x000000001950e000 	/System/Library/Frameworks/Accelerate.framework/Versions/A/Frameworks/vecLib.framework/Versions/A/libLinearAlgebra.dylib
0x000000001950e000 	/System/Library/Frameworks/Accelerate.framework/Versions/A/Frameworks/vecLib.framework/Versions/A/libSparseBLAS.dylib
0x000000001950e000 	/System/Library/Frameworks/ApplicationServices.framework/Versions/A/Frameworks/ATS.framework/Versions/A/Resources/libFontParser.dylib
0x000000001950e000 	/System/Library/Frameworks/ApplicationServices.framework/Versions/A/Frameworks/ATS.framework/Versions/A/Resources/libFontRegistry.dylib
0x000000001950e000 	/System/Library/Frameworks/ImageIO.framework/Versions/A/Resources/libJPEG.dylib
0x000000001950e000 	/System/Library/Frameworks/ImageIO.framework/Versions/A/Resources/libTIFF.dylib
0x000000001950e000 	/System/Library/Frameworks/ImageIO.framework/Versions/A/Resources/libPng.dylib
0x000000001950e000 	/System/Library/Frameworks/ImageIO.framework/Versions/A/Resources/libGIF.dylib
0x000000001950e000 	/System/Library/Frameworks/ImageIO.framework/Versions/A/Resources/libJP2.dylib
0x000000001950e000 	/System/Library/Frameworks/ImageIO.framework/Versions/A/Resources/libRadiance.dylib
0x000000001950e000 	/usr/lib/libcompression.dylib
0x000000001950e000 	/System/Library/PrivateFrameworks/AppleJPEG.framework/Versions/A/AppleJPEG
0x000000001950e000 	/usr/lib/libcups.2.dylib
0x000000001950e000 	/System/Library/Frameworks/Kerberos.framework/Versions/A/Kerberos
0x000000001950e000 	/System/Library/Frameworks/GSS.framework/Versions/A/GSS
0x000000001950e000 	/usr/lib/libresolv.9.dylib
0x000000001950e000 	/usr/lib/libiconv.2.dylib
0x000000001950e000 	/System/Library/PrivateFrameworks/Heimdal.framework/Versions/A/Heimdal
0x000000001950e000 	/usr/lib/libheimdal-asn1.dylib
0x000000001950e000 	/System/Library/Frameworks/OpenDirectory.framework/Versions/A/OpenDirectory
0x000000001950e000 	/System/Library/PrivateFrameworks/CommonAuth.framework/Versions/A/CommonAuth
0x000000001950e000 	/System/Library/Frameworks/OpenDirectory.framework/Versions/A/Frameworks/CFOpenDirectory.framework/Versions/A/CFOpenDirectory
0x000000001950e000 	/System/Library/Frameworks/SecurityFoundation.framework/Versions/A/SecurityFoundation
0x000000001950e000 	/System/Library/PrivateFrameworks/LanguageModeling.framework/Versions/A/LanguageModeling
0x000000001950e000 	/usr/lib/libmarisa.dylib
0x000000001950e000 	/usr/lib/libChineseTokenizer.dylib
0x000000001950e000 	/usr/lib/libcmph.dylib
0x000000001950e000 	/System/Library/PrivateFrameworks/CoreEmoji.framework/Versions/A/CoreEmoji
0x000000001950e000 	/System/Library/Frameworks/ServiceManagement.framework/Versions/A/ServiceManagement
0x000000001950e000 	/usr/lib/libxslt.1.dylib
0x000000001950e000 	/System/Library/Frameworks/Carbon.framework/Versions/A/Frameworks/Ink.framework/Versions/A/Ink
0x000000001950e000 	/System/Library/PrivateFrameworks/TextureIO.framework/Versions/A/TextureIO
0x000000001950e000 	/System/Library/Frameworks/Metal.framework/Versions/A/Metal
0x000000001950e000 	/usr/lib/libate.dylib
0x000000001950e000 	/System/Library/PrivateFrameworks/GPUCompiler.framework/libmetal_timestamp.dylib
0x000000001950e000 	/System/Library/Frameworks/OpenGL.framework/Versions/A/Libraries/libCoreFSCache.dylib
0x000000001950e000 	/System/Library/PrivateFrameworks/IOAccelerator.framework/Versions/A/IOAccelerator
0x000000001950e000 	/System/Library/Frameworks/CoreVideo.framework/Versions/A/CoreVideo
0x000000001950e000 	/usr/lib/libFosl_dynamic.dylib
0x000000001950e000 	/System/Library/PrivateFrameworks/MetalPerformanceShaders.framework/Versions/A/MetalPerformanceShaders
0x000000001950e000 	/System/Library/PrivateFrameworks/FaceCore.framework/Versions/A/FaceCore
0x000000001950e000 	/System/Library/Frameworks/OpenCL.framework/Versions/A/OpenCL
0x000000001950e000 	/System/Library/Frameworks/OpenGL.framework/Versions/A/Libraries/libGLU.dylib
0x000000001950e000 	/System/Library/Frameworks/OpenGL.framework/Versions/A/Libraries/libGFXShared.dylib
0x000000001950e000 	/System/Library/Frameworks/OpenGL.framework/Versions/A/Libraries/libGL.dylib
0x000000001950e000 	/System/Library/Frameworks/OpenGL.framework/Versions/A/Libraries/libGLImage.dylib
0x000000001950e000 	/System/Library/Frameworks/OpenGL.framework/Versions/A/Libraries/libCVMSPluginSupport.dylib
0x000000001950e000 	/System/Library/Frameworks/OpenGL.framework/Versions/A/Libraries/libCoreVMClient.dylib
0x000000001950e000 	/System/Library/PrivateFrameworks/CrashReporterSupport.framework/Versions/A/CrashReporterSupport
0x000000001950e000 	/System/Library/PrivateFrameworks/Sharing.framework/Versions/A/Sharing
0x000000001950e000 	/System/Library/PrivateFrameworks/IconServices.framework/Versions/A/IconServices
0x000000001950e000 	/System/Library/PrivateFrameworks/ProtocolBuffer.framework/Versions/A/ProtocolBuffer
0x000000001950e000 	/System/Library/PrivateFrameworks/Apple80211.framework/Versions/A/Apple80211
0x000000001950e000 	/System/Library/Frameworks/CoreWLAN.framework/Versions/A/CoreWLAN
0x000000001950e000 	/System/Library/PrivateFrameworks/CoreUtils.framework/Versions/A/CoreUtils
0x000000001950e000 	/System/Library/Frameworks/IOBluetooth.framework/Versions/A/IOBluetooth
0x000000001950e000 	/System/Library/PrivateFrameworks/CoreWiFi.framework/Versions/A/CoreWiFi
0x000000001950e000 	/System/Library/Frameworks/CoreBluetooth.framework/Versions/A/CoreBluetooth
0x000000001950e000 	/System/Library/Frameworks/CoreDisplay.framework/Versions/A/CoreDisplay
0x000000001950e000 	/System/Library/PrivateFrameworks/IOPresentment.framework/Versions/A/IOPresentment
0x000000001950e000 	/System/Library/PrivateFrameworks/DSExternalDisplay.framework/Versions/A/DSExternalDisplay
0x000000001950e000 	/System/Library/PrivateFrameworks/DebugSymbols.framework/Versions/A/DebugSymbols
0x000000001950e000 	/System/Library/PrivateFrameworks/CoreSymbolication.framework/Versions/A/CoreSymbolication
0x000000001950e000 	/System/Library/PrivateFrameworks/Symbolication.framework/Versions/A/Symbolication
0x000000001950e000 	/System/Library/PrivateFrameworks/AppleFSCompression.framework/Versions/A/AppleFSCompression
0x000000001950e000 	/System/Library/PrivateFrameworks/SpeechRecognitionCore.framework/Versions/A/SpeechRecognitionCore
0x000000001950e000 	/System/Library/PrivateFrameworks/ChunkingLibrary.framework/Versions/A/ChunkingLibrary
0x0000000110800000 	/Library/Java/JavaVirtualMachines/jdk1.8.0_131.jdk/Contents/Home/jre/lib/server/libjvm.dylib
0x000000001950e000 	/usr/lib/libstdc++.6.dylib
0x000000010f6b2000 	/Library/Java/JavaVirtualMachines/jdk1.8.0_131.jdk/Contents/Home/jre/lib/libverify.dylib
0x000000010f6c0000 	/Library/Java/JavaVirtualMachines/jdk1.8.0_131.jdk/Contents/Home/jre/lib/libjava.dylib
0x000000010f6ff000 	/Library/Java/JavaVirtualMachines/jdk1.8.0_131.jdk/Contents/Home/jre/lib/libzip.dylib
0x000000011d766000 	/System/Library/Frameworks/JavaVM.framework/Frameworks/JavaRuntimeSupport.framework/JavaRuntimeSupport
0x000000011d780000 	/System/Library/Frameworks/JavaVM.framework/Versions/A/Frameworks/JavaNativeFoundation.framework/Versions/A/JavaNativeFoundation
0x000000011d795000 	/System/Library/Frameworks/JavaVM.framework/Versions/A/JavaVM
0x000000001950e000 	/System/Library/Frameworks/Carbon.framework/Versions/A/Carbon
0x000000011d7a2000 	/System/Library/PrivateFrameworks/JavaLaunching.framework/Versions/A/JavaLaunching
0x000000001950e000 	/System/Library/Frameworks/Carbon.framework/Versions/A/Frameworks/CommonPanels.framework/Versions/A/CommonPanels
0x000000001950e000 	/System/Library/Frameworks/Carbon.framework/Versions/A/Frameworks/Help.framework/Versions/A/Help
0x000000001950e000 	/System/Library/Frameworks/Carbon.framework/Versions/A/Frameworks/ImageCapture.framework/Versions/A/ImageCapture
0x000000001950e000 	/System/Library/Frameworks/Carbon.framework/Versions/A/Frameworks/OpenScripting.framework/Versions/A/OpenScripting
0x000000001950e000 	/System/Library/Frameworks/Carbon.framework/Versions/A/Frameworks/Print.framework/Versions/A/Print
0x000000001950e000 	/System/Library/Frameworks/Carbon.framework/Versions/A/Frameworks/SecurityHI.framework/Versions/A/SecurityHI
0x000000011d87f000 	/private/var/folders/kh/bld4fxgd1d76npx9hl51bcmc0000gn/T/libgdxnicholas/25a8e9fb/libgdx64.dylib
0x000000011d8cf000 	/Library/Java/JavaVirtualMachines/jdk1.8.0_131.jdk/Contents/Home/jre/lib/libawt.dylib
0x000000011d977000 	/Library/Java/JavaVirtualMachines/jdk1.8.0_131.jdk/Contents/Home/jre/lib/./libmlib_image.dylib
0x000000011da43000 	/Library/Java/JavaVirtualMachines/jdk1.8.0_131.jdk/Contents/Home/jre/lib/libawt_lwawt.dylib
0x000000011dafa000 	/Library/Java/JavaVirtualMachines/jdk1.8.0_131.jdk/Contents/Home/jre/lib/./libosxapp.dylib
0x000000001950e000 	/System/Library/Frameworks/ExceptionHandling.framework/Versions/A/ExceptionHandling
0x000000001950e000 	/System/Library/PrivateFrameworks/CoreServicesInternal.framework/Versions/A/CoreServicesInternal
0x000000001950e000 	/System/Library/CoreServices/RawCamera.bundle/Contents/MacOS/RawCamera
0x000000001950e000 	/System/Library/Frameworks/Accelerate.framework/Versions/A/Frameworks/vImage.framework/Versions/A/Libraries/libCGInterfaces.dylib
0x000000001950e000 	/System/Library/Frameworks/ApplicationServices.framework/Versions/A/Frameworks/ATS.framework/Versions/A/Resources/libTrueTypeScaler.dylib
0x00000001303ea000 	/System/Library/Frameworks/OpenGL.framework/Resources/GLEngine.bundle/GLEngine
0x000000001950e000 	/System/Library/Frameworks/OpenGL.framework/Versions/A/Libraries/libGLProgrammability.dylib
0x00000001305cf000 	/System/Library/Extensions/AppleIntelKBLGraphicsGLDriver.bundle/Contents/MacOS/AppleIntelKBLGraphicsGLDriver
0x000000001950e000 	/System/Library/PrivateFrameworks/GPUSupport.framework/Versions/A/Libraries/libGPUSupportMercury.dylib
0x0000000131352000 	/System/Library/Extensions/AMDRadeonX4000GLDriver.bundle/Contents/MacOS/AMDRadeonX4000GLDriver
0x0000000131432000 	/System/Library/Extensions/AMDRadeonX4000GLDriver.bundle/Contents/MacOS/ATIRadeonX4000SCLib.dylib
0x0000000131a0f000 	/System/Library/Frameworks/OpenGL.framework/Resources//GLRendererFloat.bundle/GLRendererFloat
0x000000001950e000 	/System/Library/Frameworks/OpenCL.framework/Versions/A/Libraries/libcldcpuengine.dylib
0x000000001950e000 	/usr/lib/libcrypto.0.9.8.dylib
0x000000001950e000 	/System/Library/PrivateFrameworks/TrustEvaluationAgent.framework/Versions/A/TrustEvaluationAgent
0x000000001950e000 	/System/Library/Extensions/AMDMTLBronzeDriver.bundle/Contents/MacOS/AMDMTLBronzeDriver
0x000000001950e000 	/System/Library/PrivateFrameworks/IOAccelMemoryInfo.framework/Versions/A/IOAccelMemoryInfo
0x0000000131a57000 	/System/Library/Extensions/AppleIntelKBLGraphicsMTLDriver.bundle/Contents/MacOS/AppleIntelKBLGraphicsMTLDriver
0x000000001950e000 	/System/Library/PrivateFrameworks/FamilyControls.framework/Versions/A/FamilyControls
0x000000001950e000 	/System/Library/PrivateFrameworks/CommerceKit.framework/Versions/A/Frameworks/CommerceCore.framework/Versions/A/CommerceCore
0x000000001950e000 	/System/Library/PrivateFrameworks/SystemAdministration.framework/Versions/A/SystemAdministration
0x000000001950e000 	/System/Library/PrivateFrameworks/AppContainer.framework/Versions/A/AppContainer
0x000000001950e000 	/System/Library/PrivateFrameworks/SecCodeWrapper.framework/Versions/A/SecCodeWrapper
0x000000001950e000 	/System/Library/Frameworks/DirectoryService.framework/Versions/A/DirectoryService
0x000000001950e000 	/System/Library/PrivateFrameworks/DiskImages.framework/Versions/A/DiskImages
0x000000001950e000 	/System/Library/PrivateFrameworks/LoginUIKit.framework/Versions/A/Frameworks/LoginUICore.framework/Versions/A/LoginUICore
0x000000001950e000 	/usr/lib/libCoreStorage.dylib
0x000000001950e000 	/usr/lib/libcsfde.dylib
0x000000001950e000 	/usr/lib/libodfde.dylib
0x000000001950e000 	/System/Library/Frameworks/DiscRecording.framework/Versions/A/DiscRecording
0x000000001950e000 	/usr/lib/libcurl.4.dylib
0x000000001950e000 	/System/Library/PrivateFrameworks/MediaKit.framework/Versions/A/MediaKit
0x000000001950e000 	/System/Library/PrivateFrameworks/ProtectedCloudStorage.framework/Versions/A/ProtectedCloudStorage
0x000000001950e000 	/System/Library/PrivateFrameworks/EFILogin.framework/Versions/A/EFILogin
0x000000001950e000 	/usr/lib/libutil.dylib
0x000000001950e000 	/System/Library/Frameworks/LDAP.framework/Versions/A/LDAP
0x000000001950e000 	/usr/lib/libsasl2.2.dylib
0x000000001950e000 	/System/Library/PrivateFrameworks/CoreDaemon.framework/Versions/B/CoreDaemon
0x000000001950e000 	/System/Library/PrivateFrameworks/AppleSRP.framework/Versions/A/AppleSRP
0x000000001950e000 	/System/Library/PrivateFrameworks/APFS.framework/Versions/A/APFS
0x00000001331de000 	/Library/Java/JavaVirtualMachines/jdk1.8.0_131.jdk/Contents/Home/jre/lib/libfontmanager.dylib
0x0000000133245000 	/private/var/folders/kh/bld4fxgd1d76npx9hl51bcmc0000gn/T/libgdxnicholas/f7649394/liblwjgl.dylib
0x000000011e189000 	/Library/Java/JavaVirtualMachines/jdk1.8.0_131.jdk/Contents/Home/jre/lib/libjawt.dylib
0x00000001332c7000 	/var/folders/kh/bld4fxgd1d76npx9hl51bcmc0000gn/T/libgdxnicholas/f7649394/openal.dylib
0x0000000133323000 	/System/Library/Components/CoreAudio.component/Contents/MacOS/CoreAudio
0x00000001303df000 	/System/Library/Extensions/AppleHDA.kext/Contents/PlugIns/AppleHDAHALPlugIn.bundle/Contents/MacOS/AppleHDAHALPlugIn
0x000000001950e000 	/System/Library/PrivateFrameworks/ViewBridge.framework/Versions/A/ViewBridge
0x000000001950e000 	/System/Library/PrivateFrameworks/XPCService.framework/Versions/A/XPCService
0x000000001950e000 	/System/Library/PrivateFrameworks/AppSandbox.framework/Versions/A/AppSandbox
0x000000001950e000 	/usr/lib/libsandbox.1.dylib
0x000000001950e000 	/usr/lib/libMatch.1.dylib
0x0000000131fe6000 	/Library/Java/JavaVirtualMachines/jdk1.8.0_131.jdk/Contents/Home/jre/lib/libmanagement.dylib
0x0000000132039000 	/Library/Java/JavaVirtualMachines/jdk1.8.0_131.jdk/Contents/Home/jre/lib/libnet.dylib
0x000000013544a000 	/Library/Java/JavaVirtualMachines/jdk1.8.0_131.jdk/Contents/Home/jre/lib/libnio.dylib

VM Arguments:
jvm_args: -Dfile.encoding=UTF-8 
java_command: swen30006.driving.desktop.DesktopLauncher
java_class_path (initial): /Library/Java/JavaVirtualMachines/jdk1.8.0_131.jdk/Contents/Home/jre/lib/resources.jar:/Library/Java/JavaVirtualMachines/jdk1.8.0_131.jdk/Contents/Home/jre/lib/rt.jar:/Library/Java/JavaVirtualMachines/jdk1.8.0_131.jdk/Contents/Home/jre/lib/jsse.jar:/Library/Java/JavaVirtualMachines/jdk1.8.0_131.jdk/Contents/Home/jre/lib/jce.jar:/Library/Java/JavaVirtualMachines/jdk1.8.0_131.jdk/Contents/Home/jre/lib/charsets.jar:/Library/Java/JavaVirtualMachines/jdk1.8.0_131.jdk/Contents/Home/jre/lib/jfr.jar:/Library/Java/JavaVirtualMachines/jdk1.8.0_131.jdk/Contents/Home/jre/lib/ext/cldrdata.jar:/Library/Java/JavaVirtualMachines/jdk1.8.0_131.jdk/Contents/Home/jre/lib/ext/dnsns.jar:/Library/Java/JavaVirtualMachines/jdk1.8.0_131.jdk/Contents/Home/jre/lib/ext/jaccess.jar:/Library/Java/JavaVirtualMachines/jdk1.8.0_131.jdk/Contents/Home/jre/lib/ext/jfxrt.jar:/Library/Java/JavaVirtualMachines/jdk1.8.0_131.jdk/Contents/Home/jre/lib/ext/localedata.jar:/Library/Java/JavaVirtualMachines/jdk1.8.0_131.jdk/Contents/Home/jre/lib/ext/nashorn.jar:/Library/Java/JavaVirtualMachines/jdk1.8.0_131.jdk/Contents/Home/jre/lib/ext/sunec.jar:/Library/Java/JavaVirtualMachines/jdk1.8.0_131.jdk/Contents/Home/jre/lib/ext/sunjce_provider.jar:/Library/Java/JavaVirtualMachines/jdk1.8.0_131.jdk/Contents/Home/jre/lib/ext/sunpkcs11.jar:/Library/Java/JavaVirtualMachines/jdk1.8.0_131.jdk/Contents/Home/jre/lib/ext/zipfs.jar:/System/Library/Java/Extensions/MRJToolkit.jar:/Users/nicholas/eclipse-workspace/Part C/bin:/Users/nicholas/eclipse-workspace/Part C/lib/gdx-1.9.8.jar:/Users/nicholas/eclipse-workspace/Part C/lib/gdx-backend-lwjgl-1.9.8.jar:/Users/nicholas/eclipse-workspace/Part C/lib/gdx-platform-1.9.8-natives-desktop.jar:/Users/nicholas/eclipse-workspace/Part C/lib/jinput-2.0.5.jar:/Users/nicholas/eclipse-workspace/Part C/lib/jinput-platform-2.0.5-natives-linux.jar:/Users/nicholas/eclipse-workspace/Part C/lib/jinput-platform-2.0.5-natives-osx.jar:/Users/nicholas/eclipse-workspace/Part C
Launcher Type: SUN_STANDARD

Environment Variables:
PATH=/usr/bin:/bin:/usr/sbin:/sbin
SHELL=/bin/bash

Signal Handlers:
SIGSEGV: [libjvm.dylib+0x5b1eb1], sa_mask[0]=11111111011111110111111111111111, sa_flags=SA_ONSTACK|SA_RESTART|SA_SIGINFO
SIGBUS: [libjvm.dylib+0x5b1eb1], sa_mask[0]=11111111011111110111111111111111, sa_flags=SA_RESTART|SA_SIGINFO
SIGFPE: [libjvm.dylib+0x488988], sa_mask[0]=11111111011111110111111111111111, sa_flags=SA_RESTART|SA_SIGINFO
SIGPIPE: [libjvm.dylib+0x488988], sa_mask[0]=11111111011111110111111111111111, sa_flags=SA_RESTART|SA_SIGINFO
SIGXFSZ: [libjvm.dylib+0x488988], sa_mask[0]=11111111011111110111111111111111, sa_flags=SA_RESTART|SA_SIGINFO
SIGILL: [libjvm.dylib+0x488988], sa_mask[0]=11111111011111110111111111111111, sa_flags=SA_RESTART|SA_SIGINFO
SIGUSR1: SIG_DFL, sa_mask[0]=00000000000000000000000000000000, sa_flags=none
SIGUSR2: [libjvm.dylib+0x4884a6], sa_mask[0]=00100000000000000000000000000000, sa_flags=SA_RESTART|SA_SIGINFO
SIGHUP: [libjvm.dylib+0x486a7d], sa_mask[0]=11111111011111110111111111111111, sa_flags=SA_RESTART|SA_SIGINFO
SIGINT: [libjvm.dylib+0x486a7d], sa_mask[0]=11111111011111110111111111111111, sa_flags=SA_RESTART|SA_SIGINFO
SIGTERM: [libjvm.dylib+0x486a7d], sa_mask[0]=11111111011111110111111111111111, sa_flags=SA_RESTART|SA_SIGINFO
SIGQUIT: [libjvm.dylib+0x486a7d], sa_mask[0]=11111111011111110111111111111111, sa_flags=SA_RESTART|SA_SIGINFO


---------------  S Y S T E M  ---------------

OS:Bsduname:Darwin 16.7.0 Darwin Kernel Version 16.7.0: Thu Jun 15 17:36:27 PDT 2017; root:xnu-3789.70.16~2/RELEASE_X86_64 x86_64
rlimit: STACK 8192k, CORE 0k, NPROC 709, NOFILE 10240, AS infinity
load average:2.30 1.75 1.66

CPU:total 8 (initial active 8) (4 cores per cpu, 2 threads per core) family 6 model 158 stepping 9, cmov, cx8, fxsr, mmx, sse, sse2, sse3, ssse3, sse4.1, sse4.2, popcnt, avx, avx2, aes, clmul, erms, rtm, 3dnowpref, lzcnt, ht, tsc, tscinvbit, bmi1, bmi2, adx

Memory: 4k page, physical 16777216k(82376k free)

/proc/meminfo:


vm_info: Java HotSpot(TM) 64-Bit Server VM (25.131-b11) for bsd-amd64 JRE (1.8.0_131-b11), built on Mar 15 2017 01:32:22 by "java_re" with gcc 4.2.1 (Based on Apple Inc. build 5658) (LLVM build 2336.11.00)

time: Wed May 23 16:54:03 2018
elapsed time: 23 seconds (0d 0h 0m 23s)

