#
# A fatal error has been detected by the Java Runtime Environment:
#
#  SIGSEGV (0xb) at pc=0x00007fffa37a5cfa, pid=22578, tid=0x0000000000000307
#
# JRE version: Java(TM) SE Runtime Environment (8.0_131-b11) (build 1.8.0_131-b11)
# Java VM: Java HotSpot(TM) 64-Bit Server VM (25.131-b11 mixed mode bsd-amd64 compressed oops)
# Problematic frame:
# C  [libobjc.A.dylib+0xbcfa]  objc_storeWeak+0x160
#
# Failed to write core dump. Core dumps have been disabled. To enable core dumping, try "ulimit -c unlimited" before starting Java again
#
# If you would like to submit a bug report, please visit:
#   http://bugreport.java.com/bugreport/crash.jsp
# The crash happened outside the Java Virtual Machine in native code.
# See problematic frame for where to report the bug.
#

---------------  T H R E A D  ---------------

Current thread (0x00007fb04695f000):  JavaThread "AppKit Thread" daemon [_thread_in_native, id=775, stack(0x00007fff5580b000,0x00007fff5600b000)]

siginfo: si_signo: 11 (SIGSEGV), si_code: 1 (SEGV_MAPERR), si_addr: 0x0000003f04280c20

Registers:
RAX=0x0000000000000000, RBX=0x00007fffacefd480, RCX=0x0000000000000307, RDX=0x00007ffffffffff8
RSP=0x00007fff56004d30, RBP=0x00007fff56004db0, RSI=0x0000003f04280c00, RDI=0x00007fffacefd480
R8 =0x000000000000003f, R9 =0x00007fb045c65670, R10=0x000000000000003e, R11=0x00007fb0480d41e0
R12=0x00007fffacefe040, R13=0x0000000000000000, R14=0x00007fb045e71a20, R15=0x0000000000000000
RIP=0x00007fffa37a5cfa, EFLAGS=0x0000000000010206, ERR=0x0000000000000004
  TRAPNO=0x000000000000000e

Top of Stack: (sp=0x00007fff56004d30)
0x00007fff56004d30:   0000000000000000 00007fb045e345b8
0x00007fff56004d40:   ffff804fba39a990 0000000000000bc0
0x00007fff56004d50:   00007ffface47630 0000000000000000
0x00007fff56004d60:   00007fffacefe040 00007fb045e71a20
0x00007fff56004d70:   0000000000000000 00007fb045e71418
0x00007fff56004d80:   000000000000000f 00007fb045c65670
0x00007fff56004d90:   0000000000000000 00007fb045c65670
0x00007fff56004da0:   00007fb045e71280 00007fb045e71a20
0x00007fff56004db0:   00007fff56004df0 00007fff90314acf
0x00007fff56004dc0:   00007fff56004df0 0000000000000000
0x00007fff56004dd0:   00007fb045e71a20 00007fff8d049006
0x00007fff56004de0:   00007fb045c65670 00007fffa37a1040
0x00007fff56004df0:   00007fff56004e20 00007fff8c6e16fb
0x00007fff56004e00:   00007fffa37a1040 00007fff56004ea8
0x00007fff56004e10:   00007fff8d08c759 00007fffa37a1040
0x00007fff56004e20:   00007fff56004e60 00007fff8caaec73
0x00007fff56004e30:   0000000000000000 0000000000000000
0x00007fff56004e40:   0000000000000094 00007fff8d06f17f
0x00007fff56004e50:   00007fff56004ea8 0000000000000001
0x00007fff56004e60:   00007fff56004e90 00007fff8c538d48
0x00007fff56004e70:   0000000000000000 00007fb045e71a20
0x00007fff56004e80:   00007fb045c65670 0000000000000000
0x00007fff56004e90:   00007fff56004ef0 00007fff8c6e1538
0x00007fff56004ea0:   0000000000000000 00007fffacf90060
0x00007fff56004eb0:   00000000c2000000 00007fff8caaeb84
0x00007fff56004ec0:   00007fffa905dcf0 0000000000000000
0x00007fff56004ed0:   00007fb045e71a20 00007fb045c65670
0x00007fff56004ee0:   00007fb045c65670 00007fb045e71a20
0x00007fff56004ef0:   00007fff56004f20 000000012d7be586
0x00007fff56004f00:   00007fb045c65670 000000012d7f2c60
0x00007fff56004f10:   00007fb045c53460 00007fb045c53460
0x00007fff56004f20:   00007fff56005490 00007fff8c55be7b 

Instructions: (pc=0x00007fffa37a5cfa)
0x00007fffa37a5cda:   49 48 83 7d a8 00 75 08 49 8b 36 48 21 d6 eb 07
0x00007fffa37a5cea:   48 8b 45 a0 48 8b 30 48 8b 45 c0 48 39 c6 74 2a
0x00007fffa37a5cfa:   48 8b 46 20 48 89 c1 48 21 d1 48 8b 49 08 f6 01
0x00007fffa37a5d0a:   01 75 0a 48 8b 06 48 21 d0 48 8b 40 20 48 21 d0 

Register to memory mapping:

RAX=0x0000000000000000 is an unknown value
RBX=0x00007fffacefd480: _ZN12_GLOBAL__N_1L12SideTableBufE+0 in /usr/lib/libobjc.A.dylib at 0x00007fffa379a000
RCX=0x0000000000000307 is an unknown value
RDX=0x00007ffffffffff8 is an unknown value
RSP=0x00007fff56004d30 is pointing into the stack for thread: 0x00007fb04695f000
RBP=0x00007fff56004db0 is pointing into the stack for thread: 0x00007fb04695f000
RSI=0x0000003f04280c00 is an unknown value
RDI=0x00007fffacefd480: _ZN12_GLOBAL__N_1L12SideTableBufE+0 in /usr/lib/libobjc.A.dylib at 0x00007fffa379a000
R8 =0x000000000000003f is an unknown value
R9 =0x00007fb045c65670 is an unknown value
R10=0x000000000000003e is an unknown value
R11=0x00007fb0480d41e0 is an unknown value
R12=0x00007fffacefe040: _ZN12_GLOBAL__N_1L12SideTableBufE+0xbc0 in /usr/lib/libobjc.A.dylib at 0x00007fffa379a000
R13=0x0000000000000000 is an unknown value
R14=0x00007fb045e71a20 is an unknown value
R15=0x0000000000000000 is an unknown value


Stack: [0x00007fff5580b000,0x00007fff5600b000],  sp=0x00007fff56004d30,  free space=8167k
Native frames: (J=compiled Java code, j=interpreted, Vv=VM code, C=native code)
C  [libobjc.A.dylib+0xbcfa]  objc_storeWeak+0x160
C  [Foundation+0x17acf]  -[NSConcreteMapTable setObject:forKey:]+0x6a
C  [AppKit+0x3226fb]  -[NSView(NSOpenGLContextAssociation) _setOpenGLContext:]+0x9b
C  [AppKit+0x6efc73]  __27-[NSOpenGLContext setView:]_block_invoke+0xef
C  [AppKit+0x179d48]  NSPerformVisuallyAtomicChange+0x93
C  [AppKit+0x322538]  -[NSOpenGLContext setView:]+0x69
C  [liblwjgl.dylib+0xa586]  -[MacOSXOpenGLView lockFocus]+0x76
C  [AppKit+0x19ce7b]  -[NSView _recursiveDisplayRectIfNeededIgnoringOpacity:isVisibleRect:rectIsVisibleRectForView:topView:]+0x6ee
C  [AppKit+0x19d6d1]  -[NSView _recursiveDisplayRectIfNeededIgnoringOpacity:isVisibleRect:rectIsVisibleRectForView:topView:]+0xf44
C  [AppKit+0x19c2af]  -[NSThemeFrame _recursiveDisplayRectIfNeededIgnoringOpacity:isVisibleRect:rectIsVisibleRectForView:topView:]+0x14e
C  [AppKit+0x19a6d8]  -[NSView _displayRectIgnoringOpacity:isVisibleRect:rectIsVisibleRectForView:]+0x994
C  [AppKit+0x195fca]  -[NSView displayIfNeeded]+0x6d4
C  [AppKit+0x1958db]  -[NSWindow displayIfNeeded]+0xe6
C  [AppKit+0x8f5cb4]  ___NSWindowGetDisplayCycleObserver_block_invoke.6228+0x115
C  [AppKit+0x1953b9]  __37+[NSDisplayCycle currentDisplayCycle]_block_invoke+0x1c6
C  [QuartzCore+0x11d06]  _ZN2CA11Transaction19run_commit_handlersE18CATransactionPhase+0x2e
C  [QuartzCore+0x11b8bc]  _ZN2CA7Context18commit_transactionEPNS_11TransactionE+0xa0
C  [QuartzCore+0x107e1]  _ZN2CA11Transaction6commitEv+0x1db
C  [AppKit+0x4788b1]  __37+[NSDisplayCycle currentDisplayCycle]_block_invoke.31+0x143
C  [CoreFoundation+0xa6d37]  __CFRUNLOOP_IS_CALLING_OUT_TO_AN_OBSERVER_CALLBACK_FUNCTION__+0x17
C  [CoreFoundation+0xa6ca7]  __CFRunLoopDoObservers+0x187
C  [CoreFoundation+0x876d9]  __CFRunLoopRun+0x369
C  [CoreFoundation+0x87114]  CFRunLoopRunSpecific+0x1a4
C  [HIToolbox+0x30ebc]  RunCurrentEventLoopInMode+0xf0
C  [HIToolbox+0x30bf9]  ReceiveNextEventCommon+0xb8
C  [HIToolbox+0x30b26]  _BlockUntilNextEventMatchingListInModeWithFilter+0x47
C  [AppKit+0x46a54]  _DPSNextEvent+0x460
C  [AppKit+0x7c27ee]  -[NSApplication(NSEvent) _nextEventMatchingEventMask:untilDate:inMode:dequeue:]+0xaec
C  [libosxapp.dylib+0x23aa]  -[NSApplicationAWT nextEventMatchingMask:untilDate:inMode:dequeue:]+0x7c
C  [AppKit+0x3b3db]  -[NSApplication run]+0x39e
C  [libosxapp.dylib+0x214d]  +[NSApplicationAWT runAWTLoopWithApp:]+0x9c
C  [libawt_lwawt.dylib+0x45edf]  -[AWTStarter starter:]+0x389
C  [Foundation+0x7152a]  __NSThreadPerformPerform+0x146
C  [CoreFoundation+0xa7321]  __CFRUNLOOP_IS_CALLING_OUT_TO_A_SOURCE0_PERFORM_FUNCTION__+0x11
C  [CoreFoundation+0x8821d]  __CFRunLoopDoSources0+0x22d
C  [CoreFoundation+0x87716]  __CFRunLoopRun+0x3a6
C  [CoreFoundation+0x87114]  CFRunLoopRunSpecific+0x1a4
C  [java+0x6465]  CreateExecutionEnvironment+0x367
C  [java+0x218c]  JLI_Launch+0x7a0
C  [java+0x84c2]  main+0x65
C  [java+0x19e4]  start+0x34
C  0x0000000000000005


---------------  P R O C E S S  ---------------

Java Threads: ( => current thread )
  0x00007fb04652f800 JavaThread "AWT-Shutdown" [_thread_blocked, id=81423, stack(0x000070000ec7a000,0x000070000ed7a000)]
  0x00007fb04680a800 JavaThread "DestroyJavaVM" [_thread_blocked, id=7171, stack(0x000070000d941000,0x000070000da41000)]
  0x00007fb0480f6800 JavaThread "LWJGL Application" [_thread_in_native, id=74499, stack(0x000070000f112000,0x000070000f212000)]
=>0x00007fb04695f000 JavaThread "AppKit Thread" daemon [_thread_in_native, id=775, stack(0x00007fff5580b000,0x00007fff5600b000)]
  0x00007fb04603e000 JavaThread "Service Thread" daemon [_thread_blocked, id=20995, stack(0x000070000ea74000,0x000070000eb74000)]
  0x00007fb046025800 JavaThread "C1 CompilerThread3" daemon [_thread_blocked, id=20483, stack(0x000070000e971000,0x000070000ea71000)]
  0x00007fb046014800 JavaThread "C2 CompilerThread2" daemon [_thread_blocked, id=19971, stack(0x000070000e86e000,0x000070000e96e000)]
  0x00007fb046014000 JavaThread "C2 CompilerThread1" daemon [_thread_blocked, id=19459, stack(0x000070000e76b000,0x000070000e86b000)]
  0x00007fb04800e000 JavaThread "C2 CompilerThread0" daemon [_thread_blocked, id=18947, stack(0x000070000e668000,0x000070000e768000)]
  0x00007fb048016000 JavaThread "Signal Dispatcher" daemon [_thread_blocked, id=18435, stack(0x000070000e565000,0x000070000e665000)]
  0x00007fb047807000 JavaThread "Finalizer" daemon [_thread_blocked, id=14595, stack(0x000070000e462000,0x000070000e562000)]
  0x00007fb047804000 JavaThread "Reference Handler" daemon [_thread_blocked, id=14083, stack(0x000070000e35f000,0x000070000e45f000)]

Other Threads:
  0x00007fb046868000 VMThread [stack: 0x000070000e25c000,0x000070000e35c000] [id=13571]
  0x00007fb046011800 WatcherThread [stack: 0x000070000eb77000,0x000070000ec77000] [id=21507]

VM state:not at safepoint (normal execution)

VM Mutex/Monitor currently owned by a thread: None

Heap:
 PSYoungGen      total 76288K, used 69140K [0x000000076ab00000, 0x0000000770000000, 0x00000007c0000000)
  eden space 65536K, 92% used [0x000000076ab00000,0x000000076e6407a8,0x000000076eb00000)
  from space 10752K, 78% used [0x000000076eb00000,0x000000076f344b58,0x000000076f580000)
  to   space 10752K, 0% used [0x000000076f580000,0x000000076f580000,0x0000000770000000)
 ParOldGen       total 175104K, used 88K [0x00000006c0000000, 0x00000006cab00000, 0x000000076ab00000)
  object space 175104K, 0% used [0x00000006c0000000,0x00000006c0016010,0x00000006cab00000)
 Metaspace       used 16201K, capacity 16403K, committed 16768K, reserved 1064960K
  class space    used 1783K, capacity 1861K, committed 1920K, reserved 1048576K

Card table byte_map: [0x000000011b3c0000,0x000000011bbc1000] byte_map_base: 0x0000000117dc0000

Marking Bits: (ParMarkBitMap*) 0x000000010a563ea0
 Begin Bits: [0x000000011c117000, 0x0000000120117000)
 End Bits:   [0x0000000120117000, 0x0000000124117000)

Polling page: 0x000000010ac58000

CodeCache: size=245760Kb used=5733Kb max_used=5744Kb free=240026Kb
 bounds [0x000000010c000000, 0x000000010c5b0000, 0x000000011b000000]
 total_blobs=2307 nmethods=1767 adapters=453
 compilation: enabled

Compilation events (10 events):
Event: 12.574 Thread 0x00007fb046025800 1764   !   3       org.apache.logging.log4j.core.config.AppenderControl::tryCallAppender (36 bytes)
Event: 12.574 Thread 0x00007fb046025800 nmethod 1764 0x000000010c59a550 code [0x000000010c59a700, 0x000000010c59aad8]
Event: 12.574 Thread 0x00007fb046025800 1765   !   3       org.apache.logging.log4j.core.appender.AbstractOutputStreamAppender::append (62 bytes)
Event: 12.574 Thread 0x00007fb046025800 nmethod 1765 0x000000010c59acd0 code [0x000000010c59af60, 0x000000010c59c158]
Event: 12.574 Thread 0x00007fb046025800 1758       3       mycontroller.Radar::isBlockedAhead (10 bytes)
Event: 12.575 Thread 0x00007fb046025800 nmethod 1758 0x000000010c58e910 code [0x000000010c58ea80, 0x000000010c58ec28]
Event: 12.575 Thread 0x00007fb046025800 1759       3       org.apache.logging.log4j.core.util.CloseShieldOutputStream::write (11 bytes)
Event: 12.575 Thread 0x00007fb046025800 nmethod 1759 0x000000010c59c8d0 code [0x000000010c59ca40, 0x000000010c59cc68]
Event: 12.581 Thread 0x00007fb046025800 1766       3       sun.awt.AWTAutoShutdown::notifyToolkitThreadBusy (8 bytes)
Event: 12.582 Thread 0x00007fb046025800 nmethod 1766 0x000000010c59cd50 code [0x000000010c59cec0, 0x000000010c59d088]

GC Heap History (2 events):
Event: 8.253 GC heap before
{Heap before GC invocations=1 (full 0):
 PSYoungGen      total 76288K, used 65536K [0x000000076ab00000, 0x0000000770000000, 0x00000007c0000000)
  eden space 65536K, 100% used [0x000000076ab00000,0x000000076eb00000,0x000000076eb00000)
  from space 10752K, 0% used [0x000000076f580000,0x000000076f580000,0x0000000770000000)
  to   space 10752K, 0% used [0x000000076eb00000,0x000000076eb00000,0x000000076f580000)
 ParOldGen       total 175104K, used 0K [0x00000006c0000000, 0x00000006cab00000, 0x000000076ab00000)
  object space 175104K, 0% used [0x00000006c0000000,0x00000006c0000000,0x00000006cab00000)
 Metaspace       used 15901K, capacity 16139K, committed 16512K, reserved 1064960K
  class space    used 1781K, capacity 1861K, committed 1920K, reserved 1048576K
Event: 8.263 GC heap after
Heap after GC invocations=1 (full 0):
 PSYoungGen      total 76288K, used 8466K [0x000000076ab00000, 0x0000000770000000, 0x00000007c0000000)
  eden space 65536K, 0% used [0x000000076ab00000,0x000000076ab00000,0x000000076eb00000)
  from space 10752K, 78% used [0x000000076eb00000,0x000000076f344b58,0x000000076f580000)
  to   space 10752K, 0% used [0x000000076f580000,0x000000076f580000,0x0000000770000000)
 ParOldGen       total 175104K, used 88K [0x00000006c0000000, 0x00000006cab00000, 0x000000076ab00000)
  object space 175104K, 0% used [0x00000006c0000000,0x00000006c0016010,0x00000006cab00000)
 Metaspace       used 15901K, capacity 16139K, committed 16512K, reserved 1064960K
  class space    used 1781K, capacity 1861K, committed 1920K, reserved 1048576K
}

Deoptimization events (8 events):
Event: 1.479 Thread 0x00007fb0480f6800 Uncommon trap: reason=unstable_if action=reinterpret pc=0x000000010c1a5468 method=java.lang.String.replace(CC)Ljava/lang/String; @ 26
Event: 1.654 Thread 0x00007fb0480f6800 Uncommon trap: reason=unstable_if action=reinterpret pc=0x000000010c2e9d58 method=java.util.HashMap.getNode(ILjava/lang/Object;)Ljava/util/HashMap$Node; @ 62
Event: 1.655 Thread 0x00007fb0480f6800 Uncommon trap: reason=unstable_if action=reinterpret pc=0x000000010c2e0a3c method=java.util.HashMap.getNode(ILjava/lang/Object;)Ljava/util/HashMap$Node; @ 62
Event: 6.739 Thread 0x00007fb0480f6800 Uncommon trap: reason=unstable_if action=reinterpret pc=0x000000010c330f30 method=java.util.HashMap.getNode(ILjava/lang/Object;)Ljava/util/HashMap$Node; @ 129
Event: 6.739 Thread 0x00007fb0480f6800 Uncommon trap: reason=unstable_if action=reinterpret pc=0x000000010c3341bc method=java.util.HashMap.putVal(ILjava/lang/Object;Ljava/lang/Object;ZZ)Ljava/lang/Object; @ 193
Event: 6.741 Thread 0x00007fb0480f6800 Uncommon trap: reason=range_check action=make_not_entrant pc=0x000000010c304748 method=sun.reflect.generics.parser.SignatureParser.current()C @ 34
Event: 6.768 Thread 0x00007fb0480f6800 Uncommon trap: reason=unstable_if action=reinterpret pc=0x000000010c33243c method=java.util.HashMap.getNode(ILjava/lang/Object;)Ljava/util/HashMap$Node; @ 129
Event: 6.768 Thread 0x00007fb0480f6800 Uncommon trap: reason=unstable_if action=reinterpret pc=0x000000010c31e790 method=java.util.HashMap.putVal(ILjava/lang/Object;Ljava/lang/Object;ZZ)Ljava/lang/Object; @ 193

Internal exceptions (10 events):
Event: 0.430 Thread 0x00007fb04680a800 Exception <a 'java/io/FileNotFoundException'> (0x000000076b0bd1e8) thrown at [/Users/java_re/workspace/8-2-build-macosx-x86_64/jdk8u131/8869/hotspot/src/share/vm/prims/jni.cpp, line 709]
Event: 0.430 Thread 0x00007fb04680a800 Exception <a 'java/io/FileNotFoundException'> (0x000000076b0bdd68) thrown at [/Users/java_re/workspace/8-2-build-macosx-x86_64/jdk8u131/8869/hotspot/src/share/vm/prims/jni.cpp, line 709]
Event: 0.440 Thread 0x00007fb04680a800 Exception <a 'java/security/PrivilegedActionException'> (0x000000076b0d9758) thrown at [/Users/java_re/workspace/8-2-build-macosx-x86_64/jdk8u131/8869/hotspot/src/share/vm/prims/jvm.cpp, line 1390]
Event: 0.440 Thread 0x00007fb04680a800 Exception <a 'java/security/PrivilegedActionException'> (0x000000076b0db340) thrown at [/Users/java_re/workspace/8-2-build-macosx-x86_64/jdk8u131/8869/hotspot/src/share/vm/prims/jvm.cpp, line 1390]
Event: 0.440 Thread 0x00007fb04680a800 Exception <a 'java/security/PrivilegedActionException'> (0x000000076b0dc460) thrown at [/Users/java_re/workspace/8-2-build-macosx-x86_64/jdk8u131/8869/hotspot/src/share/vm/prims/jvm.cpp, line 1390]
Event: 0.440 Thread 0x00007fb04680a800 Exception <a 'java/security/PrivilegedActionException'> (0x000000076b0e1580) thrown at [/Users/java_re/workspace/8-2-build-macosx-x86_64/jdk8u131/8869/hotspot/src/share/vm/prims/jvm.cpp, line 1390]
Event: 0.440 Thread 0x00007fb04680a800 Exception <a 'java/security/PrivilegedActionException'> (0x000000076b0e21d8) thrown at [/Users/java_re/workspace/8-2-build-macosx-x86_64/jdk8u131/8869/hotspot/src/share/vm/prims/jvm.cpp, line 1390]
Event: 0.440 Thread 0x00007fb04680a800 Exception <a 'java/security/PrivilegedActionException'> (0x000000076b0e2e00) thrown at [/Users/java_re/workspace/8-2-build-macosx-x86_64/jdk8u131/8869/hotspot/src/share/vm/prims/jvm.cpp, line 1390]
Event: 6.741 Thread 0x00007fb0480f6800 Exception <a 'java/lang/ArrayIndexOutOfBoundsException': 18> (0x000000076cf7a000) thrown at [/Users/java_re/workspace/8-2-build-macosx-x86_64/jdk8u131/8869/hotspot/src/share/vm/interpreter/interpreterRuntime.cpp, line 366]
Event: 6.742 Thread 0x00007fb0480f6800 Exception <a 'java/lang/ArrayIndexOutOfBoundsException': 110> (0x000000076cf7b558) thrown at [/Users/java_re/workspace/8-2-build-macosx-x86_64/jdk8u131/8869/hotspot/src/share/vm/interpreter/interpreterRuntime.cpp, line 366]

Events (10 events):
Event: 8.706 Thread 0x00007fb0480f6800 DEOPT UNPACKING pc=0x000000010c047633 sp=0x000070000f211408 mode 0
Event: 9.334 Thread 0x00007fb04652f800 Thread added: 0x00007fb04652f800
Event: 9.353 loading class com/badlogic/gdx/backends/lwjgl/LwjglInput$TouchEvent
Event: 9.353 loading class com/badlogic/gdx/backends/lwjgl/LwjglInput$TouchEvent done
Event: 10.371 loading class com/badlogic/gdx/backends/lwjgl/LwjglInput$KeyEvent
Event: 10.371 loading class com/badlogic/gdx/backends/lwjgl/LwjglInput$KeyEvent done
Event: 12.702 loading class com/badlogic/gdx/backends/lwjgl/LwjglApplication$2
Event: 12.702 loading class com/badlogic/gdx/backends/lwjgl/LwjglApplication$2 done
Event: 12.729 loading class org/lwjgl/opengl/CallbackUtil
Event: 12.729 loading class org/lwjgl/opengl/CallbackUtil done


Dynamic libraries:
0x000000001950e000 	/System/Library/Frameworks/Cocoa.framework/Versions/A/Cocoa
0x000000001950e000 	/System/Library/Frameworks/Security.framework/Versions/A/Security
0x000000001950e000 	/System/Library/Frameworks/ApplicationServices.framework/Versions/A/ApplicationServices
0x000000001950e000 	/usr/lib/libz.1.dylib
0x000000001950e000 	/usr/lib/libSystem.B.dylib
0x000000001950e000 	/usr/lib/libobjc.A.dylib
0x000000001950e000 	/System/Library/Frameworks/CoreFoundation.framework/Versions/A/CoreFoundation
0x000000001950e000 	/System/Library/Frameworks/Foundation.framework/Versions/C/Foundation
0x000000001950e000 	/System/Library/Frameworks/AppKit.framework/Versions/C/AppKit
0x000000001950e000 	/System/Library/Frameworks/CoreData.framework/Versions/A/CoreData
0x000000001950e000 	/System/Library/PrivateFrameworks/RemoteViewServices.framework/Versions/A/RemoteViewServices
0x000000001950e000 	/System/Library/PrivateFrameworks/UIFoundation.framework/Versions/A/UIFoundation
0x000000001950e000 	/System/Library/PrivateFrameworks/DFRFoundation.framework/Versions/A/DFRFoundation
0x000000001950e000 	/usr/lib/libenergytrace.dylib
0x000000001950e000 	/System/Library/PrivateFrameworks/SkyLight.framework/Versions/A/SkyLight
0x000000001950e000 	/System/Library/Frameworks/CoreGraphics.framework/Versions/A/CoreGraphics
0x000000001950e000 	/usr/lib/libScreenReader.dylib
0x000000001950e000 	/System/Library/Frameworks/Accelerate.framework/Versions/A/Accelerate
0x000000001950e000 	/System/Library/Frameworks/IOSurface.framework/Versions/A/IOSurface
0x000000001950e000 	/System/Library/Frameworks/AudioToolbox.framework/Versions/A/AudioToolbox
0x000000001950e000 	/System/Library/Frameworks/AudioUnit.framework/Versions/A/AudioUnit
0x000000001950e000 	/System/Library/PrivateFrameworks/DataDetectorsCore.framework/Versions/A/DataDetectorsCore
0x000000001950e000 	/System/Library/PrivateFrameworks/DesktopServicesPriv.framework/Versions/A/DesktopServicesPriv
0x000000001950e000 	/System/Library/Frameworks/Carbon.framework/Versions/A/Frameworks/HIToolbox.framework/Versions/A/HIToolbox
0x000000001950e000 	/usr/lib/libicucore.A.dylib
0x000000001950e000 	/System/Library/Frameworks/QuartzCore.framework/Versions/A/QuartzCore
0x000000001950e000 	/System/Library/Frameworks/Carbon.framework/Versions/A/Frameworks/SpeechRecognition.framework/Versions/A/SpeechRecognition
0x000000001950e000 	/usr/lib/libauto.dylib
0x000000001950e000 	/usr/lib/libxml2.2.dylib
0x000000001950e000 	/System/Library/PrivateFrameworks/CoreUI.framework/Versions/A/CoreUI
0x000000001950e000 	/System/Library/Frameworks/CoreAudio.framework/Versions/A/CoreAudio
0x000000001950e000 	/System/Library/Frameworks/DiskArbitration.framework/Versions/A/DiskArbitration
0x000000001950e000 	/usr/lib/liblangid.dylib
0x000000001950e000 	/System/Library/PrivateFrameworks/MultitouchSupport.framework/Versions/A/MultitouchSupport
0x000000001950e000 	/System/Library/Frameworks/IOKit.framework/Versions/A/IOKit
0x000000001950e000 	/usr/lib/libDiagnosticMessagesClient.dylib
0x000000001950e000 	/System/Library/Frameworks/CoreServices.framework/Versions/A/CoreServices
0x000000001950e000 	/System/Library/PrivateFrameworks/PerformanceAnalysis.framework/Versions/A/PerformanceAnalysis
0x000000001950e000 	/System/Library/PrivateFrameworks/GenerationalStorage.framework/Versions/A/GenerationalStorage
0x000000001950e000 	/System/Library/Frameworks/OpenGL.framework/Versions/A/OpenGL
0x000000001950e000 	/System/Library/Frameworks/CoreImage.framework/Versions/A/CoreImage
0x000000001950e000 	/System/Library/Frameworks/CoreText.framework/Versions/A/CoreText
0x000000001950e000 	/System/Library/Frameworks/ImageIO.framework/Versions/A/ImageIO
0x000000001950e000 	/System/Library/PrivateFrameworks/Backup.framework/Versions/A/Backup
0x000000001950e000 	/usr/lib/libarchive.2.dylib
0x000000001950e000 	/System/Library/Frameworks/CFNetwork.framework/Versions/A/CFNetwork
0x000000001950e000 	/System/Library/Frameworks/SystemConfiguration.framework/Versions/A/SystemConfiguration
0x000000001950e000 	/usr/lib/libCRFSuite.dylib
0x000000001950e000 	/usr/lib/libc++.1.dylib
0x000000001950e000 	/usr/lib/libc++abi.dylib
0x000000001950e000 	/usr/lib/system/libcache.dylib
0x000000001950e000 	/usr/lib/system/libcommonCrypto.dylib
0x000000001950e000 	/usr/lib/system/libcompiler_rt.dylib
0x000000001950e000 	/usr/lib/system/libcopyfile.dylib
0x000000001950e000 	/usr/lib/system/libcorecrypto.dylib
0x000000001950e000 	/usr/lib/system/libdispatch.dylib
0x000000001950e000 	/usr/lib/system/libdyld.dylib
0x000000001950e000 	/usr/lib/system/libkeymgr.dylib
0x000000001950e000 	/usr/lib/system/liblaunch.dylib
0x000000001950e000 	/usr/lib/system/libmacho.dylib
0x000000001950e000 	/usr/lib/system/libquarantine.dylib
0x000000001950e000 	/usr/lib/system/libremovefile.dylib
0x000000001950e000 	/usr/lib/system/libsystem_asl.dylib
0x000000001950e000 	/usr/lib/system/libsystem_blocks.dylib
0x000000001950e000 	/usr/lib/system/libsystem_c.dylib
0x000000001950e000 	/usr/lib/system/libsystem_configuration.dylib
0x000000001950e000 	/usr/lib/system/libsystem_coreservices.dylib
0x000000001950e000 	/usr/lib/system/libsystem_coretls.dylib
0x000000001950e000 	/usr/lib/system/libsystem_dnssd.dylib
0x000000001950e000 	/usr/lib/system/libsystem_info.dylib
0x000000001950e000 	/usr/lib/system/libsystem_kernel.dylib
0x000000001950e000 	/usr/lib/system/libsystem_m.dylib
0x000000001950e000 	/usr/lib/system/libsystem_malloc.dylib
0x000000001950e000 	/usr/lib/system/libsystem_network.dylib
0x000000001950e000 	/usr/lib/system/libsystem_networkextension.dylib
0x000000001950e000 	/usr/lib/system/libsystem_notify.dylib
0x000000001950e000 	/usr/lib/system/libsystem_platform.dylib
0x000000001950e000 	/usr/lib/system/libsystem_pthread.dylib
0x000000001950e000 	/usr/lib/system/libsystem_sandbox.dylib
0x000000001950e000 	/usr/lib/system/libsystem_secinit.dylib
0x000000001950e000 	/usr/lib/system/libsystem_symptoms.dylib
0x000000001950e000 	/usr/lib/system/libsystem_trace.dylib
0x000000001950e000 	/usr/lib/system/libunwind.dylib
0x000000001950e000 	/usr/lib/system/libxpc.dylib
0x000000001950e000 	/usr/lib/libbsm.0.dylib
0x000000001950e000 	/usr/lib/system/libkxld.dylib
0x000000001950e000 	/usr/lib/libcoretls.dylib
0x000000001950e000 	/usr/lib/libcoretls_cfhelpers.dylib
0x000000001950e000 	/usr/lib/libOpenScriptingUtil.dylib
0x000000001950e000 	/usr/lib/libpam.2.dylib
0x000000001950e000 	/usr/lib/libsqlite3.dylib
0x000000001950e000 	/usr/lib/libxar.1.dylib
0x000000001950e000 	/usr/lib/libbz2.1.0.dylib
0x000000001950e000 	/usr/lib/liblzma.5.dylib
0x000000001950e000 	/usr/lib/libnetwork.dylib
0x000000001950e000 	/usr/lib/libpcap.A.dylib
0x000000001950e000 	/System/Library/Frameworks/CoreServices.framework/Versions/A/Frameworks/FSEvents.framework/Versions/A/FSEvents
0x000000001950e000 	/System/Library/Frameworks/CoreServices.framework/Versions/A/Frameworks/CarbonCore.framework/Versions/A/CarbonCore
0x000000001950e000 	/System/Library/Frameworks/CoreServices.framework/Versions/A/Frameworks/Metadata.framework/Versions/A/Metadata
0x000000001950e000 	/System/Library/Frameworks/CoreServices.framework/Versions/A/Frameworks/OSServices.framework/Versions/A/OSServices
0x000000001950e000 	/System/Library/Frameworks/CoreServices.framework/Versions/A/Frameworks/SearchKit.framework/Versions/A/SearchKit
0x000000001950e000 	/System/Library/Frameworks/CoreServices.framework/Versions/A/Frameworks/AE.framework/Versions/A/AE
0x000000001950e000 	/System/Library/Frameworks/CoreServices.framework/Versions/A/Frameworks/LaunchServices.framework/Versions/A/LaunchServices
0x000000001950e000 	/System/Library/Frameworks/CoreServices.framework/Versions/A/Frameworks/DictionaryServices.framework/Versions/A/DictionaryServices
0x000000001950e000 	/System/Library/Frameworks/CoreServices.framework/Versions/A/Frameworks/SharedFileList.framework/Versions/A/SharedFileList
0x000000001950e000 	/System/Library/Frameworks/NetFS.framework/Versions/A/NetFS
0x000000001950e000 	/System/Library/PrivateFrameworks/NetAuth.framework/Versions/A/NetAuth
0x000000001950e000 	/System/Library/PrivateFrameworks/login.framework/Versions/A/Frameworks/loginsupport.framework/Versions/A/loginsupport
0x000000001950e000 	/System/Library/PrivateFrameworks/TCC.framework/Versions/A/TCC
0x000000001950e000 	/usr/lib/libmecabra.dylib
0x000000001950e000 	/System/Library/Frameworks/ApplicationServices.framework/Versions/A/Frameworks/ATS.framework/Versions/A/ATS
0x000000001950e000 	/System/Library/Frameworks/ApplicationServices.framework/Versions/A/Frameworks/ColorSync.framework/Versions/A/ColorSync
0x000000001950e000 	/System/Library/Frameworks/ApplicationServices.framework/Versions/A/Frameworks/HIServices.framework/Versions/A/HIServices
0x000000001950e000 	/System/Library/Frameworks/ApplicationServices.framework/Versions/A/Frameworks/LangAnalysis.framework/Versions/A/LangAnalysis
0x000000001950e000 	/System/Library/Frameworks/ApplicationServices.framework/Versions/A/Frameworks/PrintCore.framework/Versions/A/PrintCore
0x000000001950e000 	/System/Library/Frameworks/ApplicationServices.framework/Versions/A/Frameworks/QD.framework/Versions/A/QD
0x000000001950e000 	/System/Library/Frameworks/ApplicationServices.framework/Versions/A/Frameworks/SpeechSynthesis.framework/Versions/A/SpeechSynthesis
0x000000001950e000 	/System/Library/Frameworks/Accelerate.framework/Versions/A/Frameworks/vImage.framework/Versions/A/vImage
0x000000001950e000 	/System/Library/Frameworks/Accelerate.framework/Versions/A/Frameworks/vecLib.framework/Versions/A/vecLib
0x000000001950e000 	/System/Library/Frameworks/Accelerate.framework/Versions/A/Frameworks/vecLib.framework/Versions/A/libvDSP.dylib
0x000000001950e000 	/System/Library/Frameworks/Accelerate.framework/Versions/A/Frameworks/vecLib.framework/Versions/A/libBNNS.dylib
0x000000001950e000 	/System/Library/Frameworks/Accelerate.framework/Versions/A/Frameworks/vecLib.framework/Versions/A/libQuadrature.dylib
0x000000001950e000 	/System/Library/Frameworks/Accelerate.framework/Versions/A/Frameworks/vecLib.framework/Versions/A/libvMisc.dylib
0x000000001950e000 	/System/Library/Frameworks/Accelerate.framework/Versions/A/Frameworks/vecLib.framework/Versions/A/libLAPACK.dylib
0x000000001950e000 	/System/Library/Frameworks/Accelerate.framework/Versions/A/Frameworks/vecLib.framework/Versions/A/libBLAS.dylib
0x000000001950e000 	/System/Library/Frameworks/Accelerate.framework/Versions/A/Frameworks/vecLib.framework/Versions/A/libLinearAlgebra.dylib
0x000000001950e000 	/System/Library/Frameworks/Accelerate.framework/Versions/A/Frameworks/vecLib.framework/Versions/A/libSparseBLAS.dylib
0x000000001950e000 	/System/Library/Frameworks/ApplicationServices.framework/Versions/A/Frameworks/ATS.framework/Versions/A/Resources/libFontParser.dylib
0x000000001950e000 	/System/Library/Frameworks/ApplicationServices.framework/Versions/A/Frameworks/ATS.framework/Versions/A/Resources/libFontRegistry.dylib
0x000000001950e000 	/System/Library/Frameworks/ImageIO.framework/Versions/A/Resources/libJPEG.dylib
0x000000001950e000 	/System/Library/Frameworks/ImageIO.framework/Versions/A/Resources/libTIFF.dylib
0x000000001950e000 	/System/Library/Frameworks/ImageIO.framework/Versions/A/Resources/libPng.dylib
0x000000001950e000 	/System/Library/Frameworks/ImageIO.framework/Versions/A/Resources/libGIF.dylib
0x000000001950e000 	/System/Library/Frameworks/ImageIO.framework/Versions/A/Resources/libJP2.dylib
0x000000001950e000 	/System/Library/Frameworks/ImageIO.framework/Versions/A/Resources/libRadiance.dylib
0x000000001950e000 	/usr/lib/libcompression.dylib
0x000000001950e000 	/System/Library/PrivateFrameworks/AppleJPEG.framework/Versions/A/AppleJPEG
0x000000001950e000 	/usr/lib/libcups.2.dylib
0x000000001950e000 	/System/Library/Frameworks/Kerberos.framework/Versions/A/Kerberos
0x000000001950e000 	/System/Library/Frameworks/GSS.framework/Versions/A/GSS
0x000000001950e000 	/usr/lib/libresolv.9.dylib
0x000000001950e000 	/usr/lib/libiconv.2.dylib
0x000000001950e000 	/System/Library/PrivateFrameworks/Heimdal.framework/Versions/A/Heimdal
0x000000001950e000 	/usr/lib/libheimdal-asn1.dylib
0x000000001950e000 	/System/Library/Frameworks/OpenDirectory.framework/Versions/A/OpenDirectory
0x000000001950e000 	/System/Library/PrivateFrameworks/CommonAuth.framework/Versions/A/CommonAuth
0x000000001950e000 	/System/Library/Frameworks/OpenDirectory.framework/Versions/A/Frameworks/CFOpenDirectory.framework/Versions/A/CFOpenDirectory
0x000000001950e000 	/System/Library/Frameworks/SecurityFoundation.framework/Versions/A/SecurityFoundation
0x000000001950e000 	/System/Library/PrivateFrameworks/LanguageModeling.framework/Versions/A/LanguageModeling
0x000000001950e000 	/usr/lib/libmarisa.dylib
0x000000001950e000 	/usr/lib/libChineseTokenizer.dylib
0x000000001950e000 	/usr/lib/libcmph.dylib
0x000000001950e000 	/System/Library/PrivateFrameworks/CoreEmoji.framework/Versions/A/CoreEmoji
0x000000001950e000 	/System/Library/Frameworks/ServiceManagement.framework/Versions/A/ServiceManagement
0x000000001950e000 	/usr/lib/libxslt.1.dylib
0x000000001950e000 	/System/Library/Frameworks/Carbon.framework/Versions/A/Frameworks/Ink.framework/Versions/A/Ink
0x000000001950e000 	/System/Library/PrivateFrameworks/TextureIO.framework/Versions/A/TextureIO
0x000000001950e000 	/System/Library/Frameworks/Metal.framework/Versions/A/Metal
0x000000001950e000 	/usr/lib/libate.dylib
0x000000001950e000 	/System/Library/PrivateFrameworks/GPUCompiler.framework/libmetal_timestamp.dylib
0x000000001950e000 	/System/Library/Frameworks/OpenGL.framework/Versions/A/Libraries/libCoreFSCache.dylib
0x000000001950e000 	/System/Library/PrivateFrameworks/IOAccelerator.framework/Versions/A/IOAccelerator
0x000000001950e000 	/System/Library/Frameworks/CoreVideo.framework/Versions/A/CoreVideo
0x000000001950e000 	/usr/lib/libFosl_dynamic.dylib
0x000000001950e000 	/System/Library/PrivateFrameworks/MetalPerformanceShaders.framework/Versions/A/MetalPerformanceShaders
0x000000001950e000 	/System/Library/PrivateFrameworks/FaceCore.framework/Versions/A/FaceCore
0x000000001950e000 	/System/Library/Frameworks/OpenCL.framework/Versions/A/OpenCL
0x000000001950e000 	/System/Library/Frameworks/OpenGL.framework/Versions/A/Libraries/libGLU.dylib
0x000000001950e000 	/System/Library/Frameworks/OpenGL.framework/Versions/A/Libraries/libGFXShared.dylib
0x000000001950e000 	/System/Library/Frameworks/OpenGL.framework/Versions/A/Libraries/libGL.dylib
0x000000001950e000 	/System/Library/Frameworks/OpenGL.framework/Versions/A/Libraries/libGLImage.dylib
0x000000001950e000 	/System/Library/Frameworks/OpenGL.framework/Versions/A/Libraries/libCVMSPluginSupport.dylib
0x000000001950e000 	/System/Library/Frameworks/OpenGL.framework/Versions/A/Libraries/libCoreVMClient.dylib
0x000000001950e000 	/System/Library/PrivateFrameworks/CrashReporterSupport.framework/Versions/A/CrashReporterSupport
0x000000001950e000 	/System/Library/PrivateFrameworks/Sharing.framework/Versions/A/Sharing
0x000000001950e000 	/System/Library/PrivateFrameworks/IconServices.framework/Versions/A/IconServices
0x000000001950e000 	/System/Library/PrivateFrameworks/ProtocolBuffer.framework/Versions/A/ProtocolBuffer
0x000000001950e000 	/System/Library/PrivateFrameworks/Apple80211.framework/Versions/A/Apple80211
0x000000001950e000 	/System/Library/Frameworks/CoreWLAN.framework/Versions/A/CoreWLAN
0x000000001950e000 	/System/Library/PrivateFrameworks/CoreUtils.framework/Versions/A/CoreUtils
0x000000001950e000 	/System/Library/Frameworks/IOBluetooth.framework/Versions/A/IOBluetooth
0x000000001950e000 	/System/Library/PrivateFrameworks/CoreWiFi.framework/Versions/A/CoreWiFi
0x000000001950e000 	/System/Library/Frameworks/CoreBluetooth.framework/Versions/A/CoreBluetooth
0x000000001950e000 	/System/Library/Frameworks/CoreDisplay.framework/Versions/A/CoreDisplay
0x000000001950e000 	/System/Library/PrivateFrameworks/IOPresentment.framework/Versions/A/IOPresentment
0x000000001950e000 	/System/Library/PrivateFrameworks/DSExternalDisplay.framework/Versions/A/DSExternalDisplay
0x000000001950e000 	/System/Library/PrivateFrameworks/DebugSymbols.framework/Versions/A/DebugSymbols
0x000000001950e000 	/System/Library/PrivateFrameworks/CoreSymbolication.framework/Versions/A/CoreSymbolication
0x000000001950e000 	/System/Library/PrivateFrameworks/Symbolication.framework/Versions/A/Symbolication
0x000000001950e000 	/System/Library/PrivateFrameworks/AppleFSCompression.framework/Versions/A/AppleFSCompression
0x000000001950e000 	/System/Library/PrivateFrameworks/SpeechRecognitionCore.framework/Versions/A/SpeechRecognitionCore
0x000000001950e000 	/System/Library/PrivateFrameworks/ChunkingLibrary.framework/Versions/A/ChunkingLibrary
0x0000000109c72000 	/Library/Java/JavaVirtualMachines/jdk1.8.0_131.jdk/Contents/Home/jre/lib/server/libjvm.dylib
0x000000001950e000 	/usr/lib/libstdc++.6.dylib
0x000000010ac15000 	/Library/Java/JavaVirtualMachines/jdk1.8.0_131.jdk/Contents/Home/jre/lib/libverify.dylib
0x000000010ac23000 	/Library/Java/JavaVirtualMachines/jdk1.8.0_131.jdk/Contents/Home/jre/lib/libjava.dylib
0x000000010ac62000 	/Library/Java/JavaVirtualMachines/jdk1.8.0_131.jdk/Contents/Home/jre/lib/libzip.dylib
0x0000000126dbc000 	/System/Library/Frameworks/JavaVM.framework/Frameworks/JavaRuntimeSupport.framework/JavaRuntimeSupport
0x0000000126dd6000 	/System/Library/Frameworks/JavaVM.framework/Versions/A/Frameworks/JavaNativeFoundation.framework/Versions/A/JavaNativeFoundation
0x0000000126deb000 	/System/Library/Frameworks/JavaVM.framework/Versions/A/JavaVM
0x000000001950e000 	/System/Library/Frameworks/Carbon.framework/Versions/A/Carbon
0x0000000126df8000 	/System/Library/PrivateFrameworks/JavaLaunching.framework/Versions/A/JavaLaunching
0x000000001950e000 	/System/Library/Frameworks/Carbon.framework/Versions/A/Frameworks/CommonPanels.framework/Versions/A/CommonPanels
0x000000001950e000 	/System/Library/Frameworks/Carbon.framework/Versions/A/Frameworks/Help.framework/Versions/A/Help
0x000000001950e000 	/System/Library/Frameworks/Carbon.framework/Versions/A/Frameworks/ImageCapture.framework/Versions/A/ImageCapture
0x000000001950e000 	/System/Library/Frameworks/Carbon.framework/Versions/A/Frameworks/OpenScripting.framework/Versions/A/OpenScripting
0x000000001950e000 	/System/Library/Frameworks/Carbon.framework/Versions/A/Frameworks/Print.framework/Versions/A/Print
0x000000001950e000 	/System/Library/Frameworks/Carbon.framework/Versions/A/Frameworks/SecurityHI.framework/Versions/A/SecurityHI
0x0000000128783000 	/private/var/folders/kh/bld4fxgd1d76npx9hl51bcmc0000gn/T/libgdxnicholas/25a8e9fb/libgdx64.dylib
0x00000001287d3000 	/Library/Java/JavaVirtualMachines/jdk1.8.0_131.jdk/Contents/Home/jre/lib/libawt.dylib
0x000000012887b000 	/Library/Java/JavaVirtualMachines/jdk1.8.0_131.jdk/Contents/Home/jre/lib/./libmlib_image.dylib
0x0000000128947000 	/Library/Java/JavaVirtualMachines/jdk1.8.0_131.jdk/Contents/Home/jre/lib/libawt_lwawt.dylib
0x00000001289fe000 	/Library/Java/JavaVirtualMachines/jdk1.8.0_131.jdk/Contents/Home/jre/lib/./libosxapp.dylib
0x000000001950e000 	/System/Library/Frameworks/ExceptionHandling.framework/Versions/A/ExceptionHandling
0x000000001950e000 	/System/Library/PrivateFrameworks/CoreServicesInternal.framework/Versions/A/CoreServicesInternal
0x000000001950e000 	/System/Library/CoreServices/RawCamera.bundle/Contents/MacOS/RawCamera
0x000000001950e000 	/System/Library/Frameworks/Accelerate.framework/Versions/A/Frameworks/vImage.framework/Versions/A/Libraries/libCGInterfaces.dylib
0x000000001950e000 	/System/Library/Frameworks/ApplicationServices.framework/Versions/A/Frameworks/ATS.framework/Versions/A/Resources/libTrueTypeScaler.dylib
0x000000012a993000 	/System/Library/Frameworks/OpenGL.framework/Resources/GLEngine.bundle/GLEngine
0x000000001950e000 	/System/Library/Frameworks/OpenGL.framework/Versions/A/Libraries/libGLProgrammability.dylib
0x000000012ab78000 	/System/Library/Extensions/AppleIntelKBLGraphicsGLDriver.bundle/Contents/MacOS/AppleIntelKBLGraphicsGLDriver
0x000000001950e000 	/System/Library/PrivateFrameworks/GPUSupport.framework/Versions/A/Libraries/libGPUSupportMercury.dylib
0x000000012b8fb000 	/System/Library/Extensions/AMDRadeonX4000GLDriver.bundle/Contents/MacOS/AMDRadeonX4000GLDriver
0x000000012b9db000 	/System/Library/Extensions/AMDRadeonX4000GLDriver.bundle/Contents/MacOS/ATIRadeonX4000SCLib.dylib
0x000000012bfb8000 	/System/Library/Frameworks/OpenGL.framework/Resources//GLRendererFloat.bundle/GLRendererFloat
0x000000001950e000 	/System/Library/Frameworks/OpenCL.framework/Versions/A/Libraries/libcldcpuengine.dylib
0x000000001950e000 	/usr/lib/libcrypto.0.9.8.dylib
0x000000001950e000 	/System/Library/PrivateFrameworks/TrustEvaluationAgent.framework/Versions/A/TrustEvaluationAgent
0x000000001950e000 	/System/Library/Extensions/AMDMTLBronzeDriver.bundle/Contents/MacOS/AMDMTLBronzeDriver
0x000000001950e000 	/System/Library/PrivateFrameworks/IOAccelMemoryInfo.framework/Versions/A/IOAccelMemoryInfo
0x000000012c008000 	/System/Library/Extensions/AppleIntelKBLGraphicsMTLDriver.bundle/Contents/MacOS/AppleIntelKBLGraphicsMTLDriver
0x000000001950e000 	/System/Library/PrivateFrameworks/FamilyControls.framework/Versions/A/FamilyControls
0x000000001950e000 	/System/Library/PrivateFrameworks/CommerceKit.framework/Versions/A/Frameworks/CommerceCore.framework/Versions/A/CommerceCore
0x000000001950e000 	/System/Library/PrivateFrameworks/SystemAdministration.framework/Versions/A/SystemAdministration
0x000000001950e000 	/System/Library/PrivateFrameworks/AppContainer.framework/Versions/A/AppContainer
0x000000001950e000 	/System/Library/PrivateFrameworks/SecCodeWrapper.framework/Versions/A/SecCodeWrapper
0x000000001950e000 	/System/Library/Frameworks/DirectoryService.framework/Versions/A/DirectoryService
0x000000001950e000 	/System/Library/PrivateFrameworks/DiskImages.framework/Versions/A/DiskImages
0x000000001950e000 	/System/Library/PrivateFrameworks/LoginUIKit.framework/Versions/A/Frameworks/LoginUICore.framework/Versions/A/LoginUICore
0x000000001950e000 	/usr/lib/libCoreStorage.dylib
0x000000001950e000 	/usr/lib/libcsfde.dylib
0x000000001950e000 	/usr/lib/libodfde.dylib
0x000000001950e000 	/System/Library/Frameworks/DiscRecording.framework/Versions/A/DiscRecording
0x000000001950e000 	/usr/lib/libcurl.4.dylib
0x000000001950e000 	/System/Library/PrivateFrameworks/MediaKit.framework/Versions/A/MediaKit
0x000000001950e000 	/System/Library/PrivateFrameworks/ProtectedCloudStorage.framework/Versions/A/ProtectedCloudStorage
0x000000001950e000 	/System/Library/PrivateFrameworks/EFILogin.framework/Versions/A/EFILogin
0x000000001950e000 	/usr/lib/libutil.dylib
0x000000001950e000 	/System/Library/Frameworks/LDAP.framework/Versions/A/LDAP
0x000000001950e000 	/usr/lib/libsasl2.2.dylib
0x000000001950e000 	/System/Library/PrivateFrameworks/CoreDaemon.framework/Versions/B/CoreDaemon
0x000000001950e000 	/System/Library/PrivateFrameworks/AppleSRP.framework/Versions/A/AppleSRP
0x000000001950e000 	/System/Library/PrivateFrameworks/APFS.framework/Versions/A/APFS
0x000000012d74d000 	/Library/Java/JavaVirtualMachines/jdk1.8.0_131.jdk/Contents/Home/jre/lib/libfontmanager.dylib
0x000000012d7b4000 	/private/var/folders/kh/bld4fxgd1d76npx9hl51bcmc0000gn/T/libgdxnicholas/f7649394/liblwjgl.dylib
0x0000000129892000 	/Library/Java/JavaVirtualMachines/jdk1.8.0_131.jdk/Contents/Home/jre/lib/libjawt.dylib
0x000000012d836000 	/var/folders/kh/bld4fxgd1d76npx9hl51bcmc0000gn/T/libgdxnicholas/f7649394/openal.dylib
0x000000012d892000 	/System/Library/Components/CoreAudio.component/Contents/MacOS/CoreAudio
0x000000012a988000 	/System/Library/Extensions/AppleHDA.kext/Contents/PlugIns/AppleHDAHALPlugIn.bundle/Contents/MacOS/AppleHDAHALPlugIn
0x000000001950e000 	/System/Library/PrivateFrameworks/ViewBridge.framework/Versions/A/ViewBridge
0x000000001950e000 	/System/Library/PrivateFrameworks/XPCService.framework/Versions/A/XPCService
0x000000001950e000 	/System/Library/PrivateFrameworks/AppSandbox.framework/Versions/A/AppSandbox
0x000000001950e000 	/usr/lib/libsandbox.1.dylib
0x000000001950e000 	/usr/lib/libMatch.1.dylib
0x000000012c555000 	/Library/Java/JavaVirtualMachines/jdk1.8.0_131.jdk/Contents/Home/jre/lib/libmanagement.dylib
0x000000012c5a8000 	/Library/Java/JavaVirtualMachines/jdk1.8.0_131.jdk/Contents/Home/jre/lib/libnet.dylib
0x000000012f9b9000 	/Library/Java/JavaVirtualMachines/jdk1.8.0_131.jdk/Contents/Home/jre/lib/libnio.dylib

VM Arguments:
jvm_args: -Dfile.encoding=UTF-8 
java_command: swen30006.driving.desktop.DesktopLauncher
java_class_path (initial): /Library/Java/JavaVirtualMachines/jdk1.8.0_131.jdk/Contents/Home/jre/lib/resources.jar:/Library/Java/JavaVirtualMachines/jdk1.8.0_131.jdk/Contents/Home/jre/lib/rt.jar:/Library/Java/JavaVirtualMachines/jdk1.8.0_131.jdk/Contents/Home/jre/lib/jsse.jar:/Library/Java/JavaVirtualMachines/jdk1.8.0_131.jdk/Contents/Home/jre/lib/jce.jar:/Library/Java/JavaVirtualMachines/jdk1.8.0_131.jdk/Contents/Home/jre/lib/charsets.jar:/Library/Java/JavaVirtualMachines/jdk1.8.0_131.jdk/Contents/Home/jre/lib/jfr.jar:/Library/Java/JavaVirtualMachines/jdk1.8.0_131.jdk/Contents/Home/jre/lib/ext/cldrdata.jar:/Library/Java/JavaVirtualMachines/jdk1.8.0_131.jdk/Contents/Home/jre/lib/ext/dnsns.jar:/Library/Java/JavaVirtualMachines/jdk1.8.0_131.jdk/Contents/Home/jre/lib/ext/jaccess.jar:/Library/Java/JavaVirtualMachines/jdk1.8.0_131.jdk/Contents/Home/jre/lib/ext/jfxrt.jar:/Library/Java/JavaVirtualMachines/jdk1.8.0_131.jdk/Contents/Home/jre/lib/ext/localedata.jar:/Library/Java/JavaVirtualMachines/jdk1.8.0_131.jdk/Contents/Home/jre/lib/ext/nashorn.jar:/Library/Java/JavaVirtualMachines/jdk1.8.0_131.jdk/Contents/Home/jre/lib/ext/sunec.jar:/Library/Java/JavaVirtualMachines/jdk1.8.0_131.jdk/Contents/Home/jre/lib/ext/sunjce_provider.jar:/Library/Java/JavaVirtualMachines/jdk1.8.0_131.jdk/Contents/Home/jre/lib/ext/sunpkcs11.jar:/Library/Java/JavaVirtualMachines/jdk1.8.0_131.jdk/Contents/Home/jre/lib/ext/zipfs.jar:/System/Library/Java/Extensions/MRJToolkit.jar:/Users/nicholas/eclipse-workspace/Part C/bin:/Users/nicholas/eclipse-workspace/Part C/lib/gdx-1.9.8.jar:/Users/nicholas/eclipse-workspace/Part C/lib/gdx-backend-lwjgl-1.9.8.jar:/Users/nicholas/eclipse-workspace/Part C/lib/gdx-platform-1.9.8-natives-desktop.jar:/Users/nicholas/eclipse-workspace/Part C/lib/jinput-2.0.5.jar:/Users/nicholas/eclipse-workspace/Part C/lib/jinput-platform-2.0.5-natives-linux.jar:/Users/nicholas/eclipse-workspace/Part C/lib/jinput-platform-2.0.5-natives-osx.jar:/Users/nicholas/eclipse-workspace/Part C
Launcher Type: SUN_STANDARD

Environment Variables:
PATH=/usr/bin:/bin:/usr/sbin:/sbin
SHELL=/bin/bash

Signal Handlers:
SIGSEGV: [libjvm.dylib+0x5b1eb1], sa_mask[0]=11111111011111110111111111111111, sa_flags=SA_ONSTACK|SA_RESTART|SA_SIGINFO
SIGBUS: [libjvm.dylib+0x5b1eb1], sa_mask[0]=11111111011111110111111111111111, sa_flags=SA_RESTART|SA_SIGINFO
SIGFPE: [libjvm.dylib+0x488988], sa_mask[0]=11111111011111110111111111111111, sa_flags=SA_RESTART|SA_SIGINFO
SIGPIPE: [libjvm.dylib+0x488988], sa_mask[0]=11111111011111110111111111111111, sa_flags=SA_RESTART|SA_SIGINFO
SIGXFSZ: [libjvm.dylib+0x488988], sa_mask[0]=11111111011111110111111111111111, sa_flags=SA_RESTART|SA_SIGINFO
SIGILL: [libjvm.dylib+0x488988], sa_mask[0]=11111111011111110111111111111111, sa_flags=SA_RESTART|SA_SIGINFO
SIGUSR1: SIG_DFL, sa_mask[0]=00000000000000000000000000000000, sa_flags=none
SIGUSR2: [libjvm.dylib+0x4884a6], sa_mask[0]=00100000000000000000000000000000, sa_flags=SA_RESTART|SA_SIGINFO
SIGHUP: [libjvm.dylib+0x486a7d], sa_mask[0]=11111111011111110111111111111111, sa_flags=SA_RESTART|SA_SIGINFO
SIGINT: [libjvm.dylib+0x486a7d], sa_mask[0]=11111111011111110111111111111111, sa_flags=SA_RESTART|SA_SIGINFO
SIGTERM: [libjvm.dylib+0x486a7d], sa_mask[0]=11111111011111110111111111111111, sa_flags=SA_RESTART|SA_SIGINFO
SIGQUIT: [libjvm.dylib+0x486a7d], sa_mask[0]=11111111011111110111111111111111, sa_flags=SA_RESTART|SA_SIGINFO


---------------  S Y S T E M  ---------------

OS:Bsduname:Darwin 16.7.0 Darwin Kernel Version 16.7.0: Thu Jun 15 17:36:27 PDT 2017; root:xnu-3789.70.16~2/RELEASE_X86_64 x86_64
rlimit: STACK 8192k, CORE 0k, NPROC 709, NOFILE 10240, AS infinity
load average:1.37 1.46 1.46

CPU:total 8 (initial active 8) (4 cores per cpu, 2 threads per core) family 6 model 158 stepping 9, cmov, cx8, fxsr, mmx, sse, sse2, sse3, ssse3, sse4.1, sse4.2, popcnt, avx, avx2, aes, clmul, erms, rtm, 3dnowpref, lzcnt, ht, tsc, tscinvbit, bmi1, bmi2, adx

Memory: 4k page, physical 16777216k(159440k free)

/proc/meminfo:


vm_info: Java HotSpot(TM) 64-Bit Server VM (25.131-b11) for bsd-amd64 JRE (1.8.0_131-b11), built on Mar 15 2017 01:32:22 by "java_re" with gcc 4.2.1 (Based on Apple Inc. build 5658) (LLVM build 2336.11.00)

time: Tue May 22 14:37:55 2018
elapsed time: 12 seconds (0d 0h 0m 12s)

