#
# A fatal error has been detected by the Java Runtime Environment:
#
#  SIGSEGV (0xb) at pc=0x00007fffa37a105d, pid=20913, tid=0x0000000000000307
#
# JRE version: Java(TM) SE Runtime Environment (8.0_131-b11) (build 1.8.0_131-b11)
# Java VM: Java HotSpot(TM) 64-Bit Server VM (25.131-b11 mixed mode bsd-amd64 compressed oops)
# Problematic frame:
# C  [libobjc.A.dylib+0x705d]  objc_msgSend+0x1d
#
# Failed to write core dump. Core dumps have been disabled. To enable core dumping, try "ulimit -c unlimited" before starting Java again
#
# If you would like to submit a bug report, please visit:
#   http://bugreport.java.com/bugreport/crash.jsp
# The crash happened outside the Java Virtual Machine in native code.
# See problematic frame for where to report the bug.
#

---------------  T H R E A D  ---------------

Current thread (0x00007fcb37072000):  JavaThread "AppKit Thread" daemon [_thread_in_native, id=775, stack(0x00007fff5da9f000,0x00007fff5e29f000)]

siginfo: si_signo: 11 (SIGSEGV), si_code: 1 (SEGV_MAPERR), si_addr: 0x000007fcb35e7cf0

Registers:
RAX=0x00007fcb35c84ef0, RBX=0x00007fcb3bf31e40, RCX=0x00007fcb35e67b20, RDX=0x00007fcb35c84ef0
RSP=0x00007fff5e2996d8, RBP=0x00007fff5e2996e0, RSI=0x00007fff8d08c843, RDI=0x00007fcb35e67b20
R8 =0x000000000000007f, R9 =0x00007fcb3bf294c0, R10=0x000007fcb35e7cd8, R11=0x00007fff8d08c843
R12=0x0000000000000000, R13=0x00007fcb3bf294c0, R14=0x00007fcb35c84ef0, R15=0x0000000000000000
RIP=0x00007fffa37a105d, EFLAGS=0x0000000000010206, ERR=0x0000000000000004
  TRAPNO=0x000000000000000e

Top of Stack: (sp=0x00007fff5e2996d8)
0x00007fff5e2996d8:   00007fff8e92245c 00007fff5e299750
0x00007fff5e2996e8:   00007fff8e92235b 0000000000000000
0x00007fff5e2996f8:   00007fffacf90060 00000000c2000000
0x00007fff5e299708:   00007fff8e9223b0 00007fffa9806680
0x00007fff5e299718:   00007fcb3bf294c0 00007fcb35c84ef0
0x00007fff5e299728:   00007fff5e299f18 00007fffa37a1040
0x00007fff5e299738:   00007fff5e299820 00007fcb3bf294c0
0x00007fff5e299748:   00007fff8d02405a 00007fff5e299790
0x00007fff5e299758:   00007fff8e9220c2 00007fff5e299d60
0x00007fff5e299768:   0000000000000001 00007fffa37a1040
0x00007fff5e299778:   00007fff5e299820 00007fff5e299f18
0x00007fff5e299788:   00007fff8d02405a 00007fff5e299eb0
0x00007fff5e299798:   00007fff8e8df523 0000000000000004
0x00007fff5e2997a8:   0000000200000f00 0000000000000040
0x00007fff5e2997b8:   0000000101981e00 00007fcb35c1e570
0x00007fff5e2997c8:   00007fffa9807cb0 0000000000000000
0x00007fff5e2997d8:   00007fcb370700d0 00007fcb35c1e501
0x00007fff5e2997e8:   00007fcb35e91c90 00007fffa993a0e0
0x00007fff5e2997f8:   0000000000000000 0000000000000000
0x00007fff5e299808:   0000000000000000 00007fcb35e92680
0x00007fff5e299818:   00007fffa9846900 00007fff5e299d60
0x00007fff5e299828:   0000000000000002 0000000000000100
0x00007fff5e299838:   00007fcb35c84500 00007fff5e299c60
0x00007fff5e299848:   0000000000000000 0000000000000100
0x00007fff5e299858:   00007fffacefd400 00007fff5e299880
0x00007fff5e299868:   00007fffa37a3591 0000000000000000
0x00007fff5e299878:   00007fcb35c845e0 00007fff5e2998b0
0x00007fff5e299888:   00007fff8e922d0c ffff8034ca37ba20
0x00007fff5e299898:   00007fcb35c845e0 00007fffa9937640
0x00007fff5e2998a8:   00007fcb35c845e0 00007fff5e2998e0
0x00007fff5e2998b8:   00007fff8e922d58 0000000000000400
0x00007fff5e2998c8:   ffff8034ca0c2010 00007fcb35f3dff0 

Instructions: (pc=0x00007fffa37a105d)
0x00007fffa37a103d:   0f 1f 00 48 85 ff 2e 74 62 40 f6 c7 01 2e 75 66
0x00007fffa37a104d:   49 ba f8 ff ff ff ff 7f 00 00 4c 23 17 49 89 f3
0x00007fffa37a105d:   45 23 5a 18 49 c1 e3 04 4d 03 5a 10 49 3b 33 75
0x00007fffa37a106d:   04 41 ff 63 08 49 83 3b 01 76 0d 49 83 c3 10 49 

Register to memory mapping:

RAX=0x00007fcb35c84ef0 is an unknown value
RBX=0x00007fcb3bf31e40 is an unknown value
RCX=0x00007fcb35e67b20 is an unknown value
RDX=0x00007fcb35c84ef0 is an unknown value
RSP=0x00007fff5e2996d8 is pointing into the stack for thread: 0x00007fcb37072000
RBP=0x00007fff5e2996e0 is pointing into the stack for thread: 0x00007fcb37072000
RSI=0x00007fff8d08c843: __NSStyleNameIndexTable+0xe048b in /System/Library/Frameworks/AppKit.framework/Versions/C/AppKit at 0x00007fff8c3bf000
RDI=0x00007fcb35e67b20 is an unknown value
R8 =0x000000000000007f is an unknown value
R9 =0x00007fcb3bf294c0 is an unknown value
R10=0x000007fcb35e7cd8 is an unknown value
R11=0x00007fff8d08c843: __NSStyleNameIndexTable+0xe048b in /System/Library/Frameworks/AppKit.framework/Versions/C/AppKit at 0x00007fff8c3bf000
R12=0x0000000000000000 is an unknown value
R13=0x00007fcb3bf294c0 is an unknown value
R14=0x00007fcb35c84ef0 is an unknown value
R15=0x0000000000000000 is an unknown value


Stack: [0x00007fff5da9f000,0x00007fff5e29f000],  sp=0x00007fff5e2996d8,  free space=8169k
Native frames: (J=compiled Java code, j=interpreted, Vv=VM code, C=native code)
C  [libobjc.A.dylib+0x705d]  objc_msgSend+0x1d
C  [CoreFoundation+0x9d35b]  _CFXRegistrationPost+0x1ab
C  [CoreFoundation+0x9d0c2]  ___CFXNotificationPost_block_invoke+0x32
C  [CoreFoundation+0x5a523]  -[_CFXNotificationRegistrar find:object:observer:enumerator:]+0x723
C  [CoreFoundation+0x5955c]  _CFXNotificationPost+0x25c
C  [Foundation+0x6677]  -[NSNotificationCenter postNotificationName:object:userInfo:]+0x42
C  [AppKit+0x24ee3b]  -[NSSurface _disposeSurface]+0x98
C  [AppKit+0x24e9ea]  -[NSSurface setWindow:]+0x35
C  [AppKit+0x28960]  -[NSView _setWindow:]+0xa0f
C  [AppKit+0x2b587]  -[NSView removeFromSuperview]+0x1d1
C  [AppKit+0x14cd60]  -[NSView removeFromSuperviewWithoutNeedingDisplay]+0x26
C  [liblwjgl.dylib+0xa205]  +[MacOSXKeyableWindow destroyWindow]+0xb5
C  [Foundation+0x7152a]  __NSThreadPerformPerform+0x146
C  [CoreFoundation+0xa7321]  __CFRUNLOOP_IS_CALLING_OUT_TO_A_SOURCE0_PERFORM_FUNCTION__+0x11
C  [CoreFoundation+0x8821d]  __CFRunLoopDoSources0+0x22d
C  [CoreFoundation+0x87716]  __CFRunLoopRun+0x3a6
C  [CoreFoundation+0x87114]  CFRunLoopRunSpecific+0x1a4
C  [HIToolbox+0x30ebc]  RunCurrentEventLoopInMode+0xf0
C  [HIToolbox+0x30cf1]  ReceiveNextEventCommon+0x1b0
C  [HIToolbox+0x30b26]  _BlockUntilNextEventMatchingListInModeWithFilter+0x47
C  [AppKit+0x46a54]  _DPSNextEvent+0x460
C  [AppKit+0x7c27ee]  -[NSApplication(NSEvent) _nextEventMatchingEventMask:untilDate:inMode:dequeue:]+0xaec
C  [libosxapp.dylib+0x23aa]  -[NSApplicationAWT nextEventMatchingMask:untilDate:inMode:dequeue:]+0x7c
C  [AppKit+0x3b3db]  -[NSApplication run]+0x39e
C  [libosxapp.dylib+0x214d]  +[NSApplicationAWT runAWTLoopWithApp:]+0x9c
C  [libawt_lwawt.dylib+0x45edf]  -[AWTStarter starter:]+0x389
C  [Foundation+0x7152a]  __NSThreadPerformPerform+0x146
C  [CoreFoundation+0xa7321]  __CFRUNLOOP_IS_CALLING_OUT_TO_A_SOURCE0_PERFORM_FUNCTION__+0x11
C  [CoreFoundation+0x8821d]  __CFRunLoopDoSources0+0x22d
C  [CoreFoundation+0x87716]  __CFRunLoopRun+0x3a6
C  [CoreFoundation+0x87114]  CFRunLoopRunSpecific+0x1a4
C  [java+0x6465]  CreateExecutionEnvironment+0x367
C  [java+0x218c]  JLI_Launch+0x7a0
C  [java+0x84c2]  main+0x65
C  [java+0x19e4]  start+0x34
C  0x0000000000000005


---------------  P R O C E S S  ---------------

Java Threads: ( => current thread )
  0x00007fcb36cee800 JavaThread "AWT-Shutdown" [_thread_blocked, id=80395, stack(0x00007000021f8000,0x00007000022f8000)]
  0x00007fcb36802800 JavaThread "DestroyJavaVM" [_thread_blocked, id=6915, stack(0x0000700000db9000,0x0000700000eb9000)]
  0x00007fcb37959800 JavaThread "LWJGL Application" [_thread_in_native, id=74243, stack(0x000070000260d000,0x000070000270d000)]
=>0x00007fcb37072000 JavaThread "AppKit Thread" daemon [_thread_in_native, id=775, stack(0x00007fff5da9f000,0x00007fff5e29f000)]
  0x00007fcb36866000 JavaThread "Service Thread" daemon [_thread_blocked, id=21251, stack(0x0000700001f6f000,0x000070000206f000)]
  0x00007fcb3600c000 JavaThread "C1 CompilerThread3" daemon [_thread_blocked, id=20739, stack(0x0000700001e6c000,0x0000700001f6c000)]
  0x00007fcb3600b000 JavaThread "C2 CompilerThread2" daemon [_thread_blocked, id=20227, stack(0x0000700001d69000,0x0000700001e69000)]
  0x00007fcb3600a800 JavaThread "C2 CompilerThread1" daemon [_thread_blocked, id=19715, stack(0x0000700001c66000,0x0000700001d66000)]
  0x00007fcb3685b000 JavaThread "C2 CompilerThread0" daemon [_thread_blocked, id=19203, stack(0x0000700001b63000,0x0000700001c63000)]
  0x00007fcb36871000 JavaThread "Signal Dispatcher" daemon [_thread_blocked, id=18691, stack(0x0000700001a60000,0x0000700001b60000)]
  0x00007fcb36840800 JavaThread "Finalizer" daemon [_thread_blocked, id=14339, stack(0x00007000018da000,0x00007000019da000)]
  0x00007fcb37826800 JavaThread "Reference Handler" daemon [_thread_blocked, id=13827, stack(0x00007000017d7000,0x00007000018d7000)]

Other Threads:
  0x00007fcb3683e000 VMThread [stack: 0x00007000016d4000,0x00007000017d4000] [id=13315]
  0x00007fcb36871800 WatcherThread [stack: 0x0000700002072000,0x0000700002172000] [id=21763]

VM state:not at safepoint (normal execution)

VM Mutex/Monitor currently owned by a thread: None

Heap:
 PSYoungGen      total 76288K, used 47815K [0x000000076ab00000, 0x0000000770000000, 0x00000007c0000000)
  eden space 65536K, 59% used [0x000000076ab00000,0x000000076d142aa8,0x000000076eb00000)
  from space 10752K, 80% used [0x000000076eb00000,0x000000076f36f360,0x000000076f580000)
  to   space 10752K, 0% used [0x000000076f580000,0x000000076f580000,0x0000000770000000)
 ParOldGen       total 175104K, used 88K [0x00000006c0000000, 0x00000006cab00000, 0x000000076ab00000)
  object space 175104K, 0% used [0x00000006c0000000,0x00000006c0016010,0x00000006cab00000)
 Metaspace       used 16064K, capacity 16261K, committed 16512K, reserved 1064960K
  class space    used 1783K, capacity 1860K, committed 1920K, reserved 1048576K

Card table byte_map: [0x0000000103dc0000,0x00000001045c1000] byte_map_base: 0x00000001007c0000

Marking Bits: (ParMarkBitMap*) 0x00000001022cfea0
 Begin Bits: [0x0000000104b17000, 0x0000000108b17000)
 End Bits:   [0x0000000108b17000, 0x000000010cb17000)

Polling page: 0x00000001029c4000

CodeCache: size=245760Kb used=5476Kb max_used=5487Kb free=240283Kb
 bounds [0x000000010ce36000, 0x000000010d396000, 0x000000011be36000]
 total_blobs=2198 nmethods=1659 adapters=453
 compilation: enabled

Compilation events (10 events):
Event: 5.357 Thread 0x00007fcb3600c000 1654       3       com.badlogic.gdx.graphics.Color::set (34 bytes)
Event: 5.357 Thread 0x00007fcb3600c000 nmethod 1654 0x000000010d38a6d0 code [0x000000010d38a840, 0x000000010d38a9d0]
Event: 5.419 Thread 0x00007fcb3600c000 1656       3       sun.misc.FloatingDecimal$BinaryToASCIIBuffer::dtoa (1509 bytes)
Event: 5.423 Thread 0x00007fcb3600c000 nmethod 1656 0x000000010d38aa90 code [0x000000010d38aee0, 0x000000010d38d6d8]
Event: 5.520 Thread 0x00007fcb3600c000 1657   !   3       java.util.Formatter::format (271 bytes)
Event: 5.521 Thread 0x00007fcb3600c000 nmethod 1657 0x000000010d38f810 code [0x000000010d38fac0, 0x000000010d390bc8]
Event: 5.569 Thread 0x00007fcb3600c000 1658       3       java.util.Locale::getUnicodeLocaleType (54 bytes)
Event: 5.570 Thread 0x00007fcb3600c000 nmethod 1658 0x000000010d391850 code [0x000000010d391a80, 0x000000010d392698]
Event: 5.591 Thread 0x00007fcb3600a800 1659       4       java.nio.DirectByteBuffer::put (18 bytes)
Event: 5.592 Thread 0x00007fcb3600a800 nmethod 1659 0x000000010d395850 code [0x000000010d3959a0, 0x000000010d395a58]

GC Heap History (2 events):
Event: 3.286 GC heap before
{Heap before GC invocations=1 (full 0):
 PSYoungGen      total 76288K, used 65536K [0x000000076ab00000, 0x0000000770000000, 0x00000007c0000000)
  eden space 65536K, 100% used [0x000000076ab00000,0x000000076eb00000,0x000000076eb00000)
  from space 10752K, 0% used [0x000000076f580000,0x000000076f580000,0x0000000770000000)
  to   space 10752K, 0% used [0x000000076eb00000,0x000000076eb00000,0x000000076f580000)
 ParOldGen       total 175104K, used 0K [0x00000006c0000000, 0x00000006cab00000, 0x000000076ab00000)
  object space 175104K, 0% used [0x00000006c0000000,0x00000006c0000000,0x00000006cab00000)
 Metaspace       used 15877K, capacity 16069K, committed 16512K, reserved 1064960K
  class space    used 1782K, capacity 1860K, committed 1920K, reserved 1048576K
Event: 3.295 GC heap after
Heap after GC invocations=1 (full 0):
 PSYoungGen      total 76288K, used 8636K [0x000000076ab00000, 0x0000000770000000, 0x00000007c0000000)
  eden space 65536K, 0% used [0x000000076ab00000,0x000000076ab00000,0x000000076eb00000)
  from space 10752K, 80% used [0x000000076eb00000,0x000000076f36f360,0x000000076f580000)
  to   space 10752K, 0% used [0x000000076f580000,0x000000076f580000,0x0000000770000000)
 ParOldGen       total 175104K, used 88K [0x00000006c0000000, 0x00000006cab00000, 0x000000076ab00000)
  object space 175104K, 0% used [0x00000006c0000000,0x00000006c0016010,0x00000006cab00000)
 Metaspace       used 15877K, capacity 16069K, committed 16512K, reserved 1064960K
  class space    used 1782K, capacity 1860K, committed 1920K, reserved 1048576K
}

Deoptimization events (10 events):
Event: 1.896 Thread 0x00007fcb37959800 Uncommon trap: reason=unstable_if action=reinterpret pc=0x000000010d12877c method=java.util.HashMap.getNode(ILjava/lang/Object;)Ljava/util/HashMap$Node; @ 62
Event: 1.972 Thread 0x00007fcb37959800 Uncommon trap: reason=unstable_if action=reinterpret pc=0x000000010d180130 method=java.util.HashMap.getNode(ILjava/lang/Object;)Ljava/util/HashMap$Node; @ 129
Event: 1.972 Thread 0x00007fcb37959800 Uncommon trap: reason=class_check action=maybe_recompile pc=0x000000010d157e2c method=java.util.HashMap.putVal(ILjava/lang/Object;Ljava/lang/Object;ZZ)Ljava/lang/Object; @ 203
Event: 1.973 Thread 0x00007fcb37959800 Uncommon trap: reason=range_check action=make_not_entrant pc=0x000000010d14bc48 method=sun.reflect.generics.parser.SignatureParser.current()C @ 34
Event: 1.998 Thread 0x00007fcb37959800 Uncommon trap: reason=unstable_if action=reinterpret pc=0x000000010d18993c method=java.util.HashMap.getNode(ILjava/lang/Object;)Ljava/util/HashMap$Node; @ 129
Event: 1.998 Thread 0x00007fcb37959800 Uncommon trap: reason=class_check action=maybe_recompile pc=0x000000010d157e2c method=java.util.HashMap.putVal(ILjava/lang/Object;Ljava/lang/Object;ZZ)Ljava/lang/Object; @ 203
Event: 1.998 Thread 0x00007fcb37959800 Uncommon trap: reason=class_check action=maybe_recompile pc=0x000000010d157e2c method=java.util.HashMap.putVal(ILjava/lang/Object;Ljava/lang/Object;ZZ)Ljava/lang/Object; @ 203
Event: 1.998 Thread 0x00007fcb37959800 Uncommon trap: reason=class_check action=maybe_recompile pc=0x000000010d157e2c method=java.util.HashMap.putVal(ILjava/lang/Object;Ljava/lang/Object;ZZ)Ljava/lang/Object; @ 203
Event: 1.998 Thread 0x00007fcb37959800 Uncommon trap: reason=class_check action=maybe_recompile pc=0x000000010d1505cc method=java.util.HashMap.putVal(ILjava/lang/Object;Ljava/lang/Object;ZZ)Ljava/lang/Object; @ 203
Event: 2.097 Thread 0x00007fcb37959800 Uncommon trap: reason=unstable_if action=reinterpret pc=0x000000010d0b42e4 method=com.badlogic.gdx.maps.tiled.TiledMapTileLayer.getCell(II)Lcom/badlogic/gdx/maps/tiled/TiledMapTileLayer$Cell; @ 23

Internal exceptions (10 events):
Event: 0.355 Thread 0x00007fcb36802800 Exception <a 'java/io/FileNotFoundException'> (0x000000076b0bd278) thrown at [/Users/java_re/workspace/8-2-build-macosx-x86_64/jdk8u131/8869/hotspot/src/share/vm/prims/jni.cpp, line 709]
Event: 0.355 Thread 0x00007fcb36802800 Exception <a 'java/io/FileNotFoundException'> (0x000000076b0bddf8) thrown at [/Users/java_re/workspace/8-2-build-macosx-x86_64/jdk8u131/8869/hotspot/src/share/vm/prims/jni.cpp, line 709]
Event: 0.366 Thread 0x00007fcb36802800 Exception <a 'java/security/PrivilegedActionException'> (0x000000076b0d97e8) thrown at [/Users/java_re/workspace/8-2-build-macosx-x86_64/jdk8u131/8869/hotspot/src/share/vm/prims/jvm.cpp, line 1390]
Event: 0.366 Thread 0x00007fcb36802800 Exception <a 'java/security/PrivilegedActionException'> (0x000000076b0db3d0) thrown at [/Users/java_re/workspace/8-2-build-macosx-x86_64/jdk8u131/8869/hotspot/src/share/vm/prims/jvm.cpp, line 1390]
Event: 0.366 Thread 0x00007fcb36802800 Exception <a 'java/security/PrivilegedActionException'> (0x000000076b0dc4f0) thrown at [/Users/java_re/workspace/8-2-build-macosx-x86_64/jdk8u131/8869/hotspot/src/share/vm/prims/jvm.cpp, line 1390]
Event: 0.366 Thread 0x00007fcb36802800 Exception <a 'java/security/PrivilegedActionException'> (0x000000076b0e1610) thrown at [/Users/java_re/workspace/8-2-build-macosx-x86_64/jdk8u131/8869/hotspot/src/share/vm/prims/jvm.cpp, line 1390]
Event: 0.366 Thread 0x00007fcb36802800 Exception <a 'java/security/PrivilegedActionException'> (0x000000076b0e2268) thrown at [/Users/java_re/workspace/8-2-build-macosx-x86_64/jdk8u131/8869/hotspot/src/share/vm/prims/jvm.cpp, line 1390]
Event: 0.366 Thread 0x00007fcb36802800 Exception <a 'java/security/PrivilegedActionException'> (0x000000076b0e2e90) thrown at [/Users/java_re/workspace/8-2-build-macosx-x86_64/jdk8u131/8869/hotspot/src/share/vm/prims/jvm.cpp, line 1390]
Event: 1.973 Thread 0x00007fcb37959800 Exception <a 'java/lang/ArrayIndexOutOfBoundsException': 18> (0x000000076ced2940) thrown at [/Users/java_re/workspace/8-2-build-macosx-x86_64/jdk8u131/8869/hotspot/src/share/vm/interpreter/interpreterRuntime.cpp, line 366]
Event: 1.974 Thread 0x00007fcb37959800 Exception <a 'java/lang/ArrayIndexOutOfBoundsException': 110> (0x000000076ced3e98) thrown at [/Users/java_re/workspace/8-2-build-macosx-x86_64/jdk8u131/8869/hotspot/src/share/vm/interpreter/interpreterRuntime.cpp, line 366]

Events (10 events):
Event: 3.868 loading class com/badlogic/gdx/backends/lwjgl/LwjglInput$TouchEvent
Event: 3.868 loading class com/badlogic/gdx/backends/lwjgl/LwjglInput$TouchEvent done
Event: 3.970 Thread 0x00007fcb37959800 DEOPT PACKING pc=0x000000010d2b4e86 sp=0x000070000270c580
Event: 3.970 Thread 0x00007fcb37959800 DEOPT UNPACKING pc=0x000000010ce7d633 sp=0x000070000270c408 mode 0
Event: 4.095 Executing VM operation: EnableBiasedLocking
Event: 4.095 Executing VM operation: EnableBiasedLocking done
Event: 5.584 loading class com/badlogic/gdx/backends/lwjgl/LwjglApplication$2
Event: 5.584 loading class com/badlogic/gdx/backends/lwjgl/LwjglApplication$2 done
Event: 5.590 loading class org/lwjgl/opengl/CallbackUtil
Event: 5.590 loading class org/lwjgl/opengl/CallbackUtil done


Dynamic libraries:
0x000000001950e000 	/System/Library/Frameworks/Cocoa.framework/Versions/A/Cocoa
0x000000001950e000 	/System/Library/Frameworks/Security.framework/Versions/A/Security
0x000000001950e000 	/System/Library/Frameworks/ApplicationServices.framework/Versions/A/ApplicationServices
0x000000001950e000 	/usr/lib/libz.1.dylib
0x000000001950e000 	/usr/lib/libSystem.B.dylib
0x000000001950e000 	/usr/lib/libobjc.A.dylib
0x000000001950e000 	/System/Library/Frameworks/CoreFoundation.framework/Versions/A/CoreFoundation
0x000000001950e000 	/System/Library/Frameworks/Foundation.framework/Versions/C/Foundation
0x000000001950e000 	/System/Library/Frameworks/AppKit.framework/Versions/C/AppKit
0x000000001950e000 	/System/Library/Frameworks/CoreData.framework/Versions/A/CoreData
0x000000001950e000 	/System/Library/PrivateFrameworks/RemoteViewServices.framework/Versions/A/RemoteViewServices
0x000000001950e000 	/System/Library/PrivateFrameworks/UIFoundation.framework/Versions/A/UIFoundation
0x000000001950e000 	/System/Library/PrivateFrameworks/DFRFoundation.framework/Versions/A/DFRFoundation
0x000000001950e000 	/usr/lib/libenergytrace.dylib
0x000000001950e000 	/System/Library/PrivateFrameworks/SkyLight.framework/Versions/A/SkyLight
0x000000001950e000 	/System/Library/Frameworks/CoreGraphics.framework/Versions/A/CoreGraphics
0x000000001950e000 	/usr/lib/libScreenReader.dylib
0x000000001950e000 	/System/Library/Frameworks/Accelerate.framework/Versions/A/Accelerate
0x000000001950e000 	/System/Library/Frameworks/IOSurface.framework/Versions/A/IOSurface
0x000000001950e000 	/System/Library/Frameworks/AudioToolbox.framework/Versions/A/AudioToolbox
0x000000001950e000 	/System/Library/Frameworks/AudioUnit.framework/Versions/A/AudioUnit
0x000000001950e000 	/System/Library/PrivateFrameworks/DataDetectorsCore.framework/Versions/A/DataDetectorsCore
0x000000001950e000 	/System/Library/PrivateFrameworks/DesktopServicesPriv.framework/Versions/A/DesktopServicesPriv
0x000000001950e000 	/System/Library/Frameworks/Carbon.framework/Versions/A/Frameworks/HIToolbox.framework/Versions/A/HIToolbox
0x000000001950e000 	/usr/lib/libicucore.A.dylib
0x000000001950e000 	/System/Library/Frameworks/QuartzCore.framework/Versions/A/QuartzCore
0x000000001950e000 	/System/Library/Frameworks/Carbon.framework/Versions/A/Frameworks/SpeechRecognition.framework/Versions/A/SpeechRecognition
0x000000001950e000 	/usr/lib/libauto.dylib
0x000000001950e000 	/usr/lib/libxml2.2.dylib
0x000000001950e000 	/System/Library/PrivateFrameworks/CoreUI.framework/Versions/A/CoreUI
0x000000001950e000 	/System/Library/Frameworks/CoreAudio.framework/Versions/A/CoreAudio
0x000000001950e000 	/System/Library/Frameworks/DiskArbitration.framework/Versions/A/DiskArbitration
0x000000001950e000 	/usr/lib/liblangid.dylib
0x000000001950e000 	/System/Library/PrivateFrameworks/MultitouchSupport.framework/Versions/A/MultitouchSupport
0x000000001950e000 	/System/Library/Frameworks/IOKit.framework/Versions/A/IOKit
0x000000001950e000 	/usr/lib/libDiagnosticMessagesClient.dylib
0x000000001950e000 	/System/Library/Frameworks/CoreServices.framework/Versions/A/CoreServices
0x000000001950e000 	/System/Library/PrivateFrameworks/PerformanceAnalysis.framework/Versions/A/PerformanceAnalysis
0x000000001950e000 	/System/Library/PrivateFrameworks/GenerationalStorage.framework/Versions/A/GenerationalStorage
0x000000001950e000 	/System/Library/Frameworks/OpenGL.framework/Versions/A/OpenGL
0x000000001950e000 	/System/Library/Frameworks/CoreImage.framework/Versions/A/CoreImage
0x000000001950e000 	/System/Library/Frameworks/CoreText.framework/Versions/A/CoreText
0x000000001950e000 	/System/Library/Frameworks/ImageIO.framework/Versions/A/ImageIO
0x000000001950e000 	/System/Library/PrivateFrameworks/Backup.framework/Versions/A/Backup
0x000000001950e000 	/usr/lib/libarchive.2.dylib
0x000000001950e000 	/System/Library/Frameworks/CFNetwork.framework/Versions/A/CFNetwork
0x000000001950e000 	/System/Library/Frameworks/SystemConfiguration.framework/Versions/A/SystemConfiguration
0x000000001950e000 	/usr/lib/libCRFSuite.dylib
0x000000001950e000 	/usr/lib/libc++.1.dylib
0x000000001950e000 	/usr/lib/libc++abi.dylib
0x000000001950e000 	/usr/lib/system/libcache.dylib
0x000000001950e000 	/usr/lib/system/libcommonCrypto.dylib
0x000000001950e000 	/usr/lib/system/libcompiler_rt.dylib
0x000000001950e000 	/usr/lib/system/libcopyfile.dylib
0x000000001950e000 	/usr/lib/system/libcorecrypto.dylib
0x000000001950e000 	/usr/lib/system/libdispatch.dylib
0x000000001950e000 	/usr/lib/system/libdyld.dylib
0x000000001950e000 	/usr/lib/system/libkeymgr.dylib
0x000000001950e000 	/usr/lib/system/liblaunch.dylib
0x000000001950e000 	/usr/lib/system/libmacho.dylib
0x000000001950e000 	/usr/lib/system/libquarantine.dylib
0x000000001950e000 	/usr/lib/system/libremovefile.dylib
0x000000001950e000 	/usr/lib/system/libsystem_asl.dylib
0x000000001950e000 	/usr/lib/system/libsystem_blocks.dylib
0x000000001950e000 	/usr/lib/system/libsystem_c.dylib
0x000000001950e000 	/usr/lib/system/libsystem_configuration.dylib
0x000000001950e000 	/usr/lib/system/libsystem_coreservices.dylib
0x000000001950e000 	/usr/lib/system/libsystem_coretls.dylib
0x000000001950e000 	/usr/lib/system/libsystem_dnssd.dylib
0x000000001950e000 	/usr/lib/system/libsystem_info.dylib
0x000000001950e000 	/usr/lib/system/libsystem_kernel.dylib
0x000000001950e000 	/usr/lib/system/libsystem_m.dylib
0x000000001950e000 	/usr/lib/system/libsystem_malloc.dylib
0x000000001950e000 	/usr/lib/system/libsystem_network.dylib
0x000000001950e000 	/usr/lib/system/libsystem_networkextension.dylib
0x000000001950e000 	/usr/lib/system/libsystem_notify.dylib
0x000000001950e000 	/usr/lib/system/libsystem_platform.dylib
0x000000001950e000 	/usr/lib/system/libsystem_pthread.dylib
0x000000001950e000 	/usr/lib/system/libsystem_sandbox.dylib
0x000000001950e000 	/usr/lib/system/libsystem_secinit.dylib
0x000000001950e000 	/usr/lib/system/libsystem_symptoms.dylib
0x000000001950e000 	/usr/lib/system/libsystem_trace.dylib
0x000000001950e000 	/usr/lib/system/libunwind.dylib
0x000000001950e000 	/usr/lib/system/libxpc.dylib
0x000000001950e000 	/usr/lib/libbsm.0.dylib
0x000000001950e000 	/usr/lib/system/libkxld.dylib
0x000000001950e000 	/usr/lib/libcoretls.dylib
0x000000001950e000 	/usr/lib/libcoretls_cfhelpers.dylib
0x000000001950e000 	/usr/lib/libOpenScriptingUtil.dylib
0x000000001950e000 	/usr/lib/libpam.2.dylib
0x000000001950e000 	/usr/lib/libsqlite3.dylib
0x000000001950e000 	/usr/lib/libxar.1.dylib
0x000000001950e000 	/usr/lib/libbz2.1.0.dylib
0x000000001950e000 	/usr/lib/liblzma.5.dylib
0x000000001950e000 	/usr/lib/libnetwork.dylib
0x000000001950e000 	/usr/lib/libpcap.A.dylib
0x000000001950e000 	/System/Library/Frameworks/CoreServices.framework/Versions/A/Frameworks/FSEvents.framework/Versions/A/FSEvents
0x000000001950e000 	/System/Library/Frameworks/CoreServices.framework/Versions/A/Frameworks/CarbonCore.framework/Versions/A/CarbonCore
0x000000001950e000 	/System/Library/Frameworks/CoreServices.framework/Versions/A/Frameworks/Metadata.framework/Versions/A/Metadata
0x000000001950e000 	/System/Library/Frameworks/CoreServices.framework/Versions/A/Frameworks/OSServices.framework/Versions/A/OSServices
0x000000001950e000 	/System/Library/Frameworks/CoreServices.framework/Versions/A/Frameworks/SearchKit.framework/Versions/A/SearchKit
0x000000001950e000 	/System/Library/Frameworks/CoreServices.framework/Versions/A/Frameworks/AE.framework/Versions/A/AE
0x000000001950e000 	/System/Library/Frameworks/CoreServices.framework/Versions/A/Frameworks/LaunchServices.framework/Versions/A/LaunchServices
0x000000001950e000 	/System/Library/Frameworks/CoreServices.framework/Versions/A/Frameworks/DictionaryServices.framework/Versions/A/DictionaryServices
0x000000001950e000 	/System/Library/Frameworks/CoreServices.framework/Versions/A/Frameworks/SharedFileList.framework/Versions/A/SharedFileList
0x000000001950e000 	/System/Library/Frameworks/NetFS.framework/Versions/A/NetFS
0x000000001950e000 	/System/Library/PrivateFrameworks/NetAuth.framework/Versions/A/NetAuth
0x000000001950e000 	/System/Library/PrivateFrameworks/login.framework/Versions/A/Frameworks/loginsupport.framework/Versions/A/loginsupport
0x000000001950e000 	/System/Library/PrivateFrameworks/TCC.framework/Versions/A/TCC
0x000000001950e000 	/usr/lib/libmecabra.dylib
0x000000001950e000 	/System/Library/Frameworks/ApplicationServices.framework/Versions/A/Frameworks/ATS.framework/Versions/A/ATS
0x000000001950e000 	/System/Library/Frameworks/ApplicationServices.framework/Versions/A/Frameworks/ColorSync.framework/Versions/A/ColorSync
0x000000001950e000 	/System/Library/Frameworks/ApplicationServices.framework/Versions/A/Frameworks/HIServices.framework/Versions/A/HIServices
0x000000001950e000 	/System/Library/Frameworks/ApplicationServices.framework/Versions/A/Frameworks/LangAnalysis.framework/Versions/A/LangAnalysis
0x000000001950e000 	/System/Library/Frameworks/ApplicationServices.framework/Versions/A/Frameworks/PrintCore.framework/Versions/A/PrintCore
0x000000001950e000 	/System/Library/Frameworks/ApplicationServices.framework/Versions/A/Frameworks/QD.framework/Versions/A/QD
0x000000001950e000 	/System/Library/Frameworks/ApplicationServices.framework/Versions/A/Frameworks/SpeechSynthesis.framework/Versions/A/SpeechSynthesis
0x000000001950e000 	/System/Library/Frameworks/Accelerate.framework/Versions/A/Frameworks/vImage.framework/Versions/A/vImage
0x000000001950e000 	/System/Library/Frameworks/Accelerate.framework/Versions/A/Frameworks/vecLib.framework/Versions/A/vecLib
0x000000001950e000 	/System/Library/Frameworks/Accelerate.framework/Versions/A/Frameworks/vecLib.framework/Versions/A/libvDSP.dylib
0x000000001950e000 	/System/Library/Frameworks/Accelerate.framework/Versions/A/Frameworks/vecLib.framework/Versions/A/libBNNS.dylib
0x000000001950e000 	/System/Library/Frameworks/Accelerate.framework/Versions/A/Frameworks/vecLib.framework/Versions/A/libQuadrature.dylib
0x000000001950e000 	/System/Library/Frameworks/Accelerate.framework/Versions/A/Frameworks/vecLib.framework/Versions/A/libvMisc.dylib
0x000000001950e000 	/System/Library/Frameworks/Accelerate.framework/Versions/A/Frameworks/vecLib.framework/Versions/A/libLAPACK.dylib
0x000000001950e000 	/System/Library/Frameworks/Accelerate.framework/Versions/A/Frameworks/vecLib.framework/Versions/A/libBLAS.dylib
0x000000001950e000 	/System/Library/Frameworks/Accelerate.framework/Versions/A/Frameworks/vecLib.framework/Versions/A/libLinearAlgebra.dylib
0x000000001950e000 	/System/Library/Frameworks/Accelerate.framework/Versions/A/Frameworks/vecLib.framework/Versions/A/libSparseBLAS.dylib
0x000000001950e000 	/System/Library/Frameworks/ApplicationServices.framework/Versions/A/Frameworks/ATS.framework/Versions/A/Resources/libFontParser.dylib
0x000000001950e000 	/System/Library/Frameworks/ApplicationServices.framework/Versions/A/Frameworks/ATS.framework/Versions/A/Resources/libFontRegistry.dylib
0x000000001950e000 	/System/Library/Frameworks/ImageIO.framework/Versions/A/Resources/libJPEG.dylib
0x000000001950e000 	/System/Library/Frameworks/ImageIO.framework/Versions/A/Resources/libTIFF.dylib
0x000000001950e000 	/System/Library/Frameworks/ImageIO.framework/Versions/A/Resources/libPng.dylib
0x000000001950e000 	/System/Library/Frameworks/ImageIO.framework/Versions/A/Resources/libGIF.dylib
0x000000001950e000 	/System/Library/Frameworks/ImageIO.framework/Versions/A/Resources/libJP2.dylib
0x000000001950e000 	/System/Library/Frameworks/ImageIO.framework/Versions/A/Resources/libRadiance.dylib
0x000000001950e000 	/usr/lib/libcompression.dylib
0x000000001950e000 	/System/Library/PrivateFrameworks/AppleJPEG.framework/Versions/A/AppleJPEG
0x000000001950e000 	/usr/lib/libcups.2.dylib
0x000000001950e000 	/System/Library/Frameworks/Kerberos.framework/Versions/A/Kerberos
0x000000001950e000 	/System/Library/Frameworks/GSS.framework/Versions/A/GSS
0x000000001950e000 	/usr/lib/libresolv.9.dylib
0x000000001950e000 	/usr/lib/libiconv.2.dylib
0x000000001950e000 	/System/Library/PrivateFrameworks/Heimdal.framework/Versions/A/Heimdal
0x000000001950e000 	/usr/lib/libheimdal-asn1.dylib
0x000000001950e000 	/System/Library/Frameworks/OpenDirectory.framework/Versions/A/OpenDirectory
0x000000001950e000 	/System/Library/PrivateFrameworks/CommonAuth.framework/Versions/A/CommonAuth
0x000000001950e000 	/System/Library/Frameworks/OpenDirectory.framework/Versions/A/Frameworks/CFOpenDirectory.framework/Versions/A/CFOpenDirectory
0x000000001950e000 	/System/Library/Frameworks/SecurityFoundation.framework/Versions/A/SecurityFoundation
0x000000001950e000 	/System/Library/PrivateFrameworks/LanguageModeling.framework/Versions/A/LanguageModeling
0x000000001950e000 	/usr/lib/libmarisa.dylib
0x000000001950e000 	/usr/lib/libChineseTokenizer.dylib
0x000000001950e000 	/usr/lib/libcmph.dylib
0x000000001950e000 	/System/Library/PrivateFrameworks/CoreEmoji.framework/Versions/A/CoreEmoji
0x000000001950e000 	/System/Library/Frameworks/ServiceManagement.framework/Versions/A/ServiceManagement
0x000000001950e000 	/usr/lib/libxslt.1.dylib
0x000000001950e000 	/System/Library/Frameworks/Carbon.framework/Versions/A/Frameworks/Ink.framework/Versions/A/Ink
0x000000001950e000 	/System/Library/PrivateFrameworks/TextureIO.framework/Versions/A/TextureIO
0x000000001950e000 	/System/Library/Frameworks/Metal.framework/Versions/A/Metal
0x000000001950e000 	/usr/lib/libate.dylib
0x000000001950e000 	/System/Library/PrivateFrameworks/GPUCompiler.framework/libmetal_timestamp.dylib
0x000000001950e000 	/System/Library/Frameworks/OpenGL.framework/Versions/A/Libraries/libCoreFSCache.dylib
0x000000001950e000 	/System/Library/PrivateFrameworks/IOAccelerator.framework/Versions/A/IOAccelerator
0x000000001950e000 	/System/Library/Frameworks/CoreVideo.framework/Versions/A/CoreVideo
0x000000001950e000 	/usr/lib/libFosl_dynamic.dylib
0x000000001950e000 	/System/Library/PrivateFrameworks/MetalPerformanceShaders.framework/Versions/A/MetalPerformanceShaders
0x000000001950e000 	/System/Library/PrivateFrameworks/FaceCore.framework/Versions/A/FaceCore
0x000000001950e000 	/System/Library/Frameworks/OpenCL.framework/Versions/A/OpenCL
0x000000001950e000 	/System/Library/Frameworks/OpenGL.framework/Versions/A/Libraries/libGLU.dylib
0x000000001950e000 	/System/Library/Frameworks/OpenGL.framework/Versions/A/Libraries/libGFXShared.dylib
0x000000001950e000 	/System/Library/Frameworks/OpenGL.framework/Versions/A/Libraries/libGL.dylib
0x000000001950e000 	/System/Library/Frameworks/OpenGL.framework/Versions/A/Libraries/libGLImage.dylib
0x000000001950e000 	/System/Library/Frameworks/OpenGL.framework/Versions/A/Libraries/libCVMSPluginSupport.dylib
0x000000001950e000 	/System/Library/Frameworks/OpenGL.framework/Versions/A/Libraries/libCoreVMClient.dylib
0x000000001950e000 	/System/Library/PrivateFrameworks/CrashReporterSupport.framework/Versions/A/CrashReporterSupport
0x000000001950e000 	/System/Library/PrivateFrameworks/Sharing.framework/Versions/A/Sharing
0x000000001950e000 	/System/Library/PrivateFrameworks/IconServices.framework/Versions/A/IconServices
0x000000001950e000 	/System/Library/PrivateFrameworks/ProtocolBuffer.framework/Versions/A/ProtocolBuffer
0x000000001950e000 	/System/Library/PrivateFrameworks/Apple80211.framework/Versions/A/Apple80211
0x000000001950e000 	/System/Library/Frameworks/CoreWLAN.framework/Versions/A/CoreWLAN
0x000000001950e000 	/System/Library/PrivateFrameworks/CoreUtils.framework/Versions/A/CoreUtils
0x000000001950e000 	/System/Library/Frameworks/IOBluetooth.framework/Versions/A/IOBluetooth
0x000000001950e000 	/System/Library/PrivateFrameworks/CoreWiFi.framework/Versions/A/CoreWiFi
0x000000001950e000 	/System/Library/Frameworks/CoreBluetooth.framework/Versions/A/CoreBluetooth
0x000000001950e000 	/System/Library/Frameworks/CoreDisplay.framework/Versions/A/CoreDisplay
0x000000001950e000 	/System/Library/PrivateFrameworks/IOPresentment.framework/Versions/A/IOPresentment
0x000000001950e000 	/System/Library/PrivateFrameworks/DSExternalDisplay.framework/Versions/A/DSExternalDisplay
0x000000001950e000 	/System/Library/PrivateFrameworks/DebugSymbols.framework/Versions/A/DebugSymbols
0x000000001950e000 	/System/Library/PrivateFrameworks/CoreSymbolication.framework/Versions/A/CoreSymbolication
0x000000001950e000 	/System/Library/PrivateFrameworks/Symbolication.framework/Versions/A/Symbolication
0x000000001950e000 	/System/Library/PrivateFrameworks/AppleFSCompression.framework/Versions/A/AppleFSCompression
0x000000001950e000 	/System/Library/PrivateFrameworks/SpeechRecognitionCore.framework/Versions/A/SpeechRecognitionCore
0x000000001950e000 	/System/Library/PrivateFrameworks/ChunkingLibrary.framework/Versions/A/ChunkingLibrary
0x00000001019de000 	/Library/Java/JavaVirtualMachines/jdk1.8.0_131.jdk/Contents/Home/jre/lib/server/libjvm.dylib
0x000000001950e000 	/usr/lib/libstdc++.6.dylib
0x0000000102981000 	/Library/Java/JavaVirtualMachines/jdk1.8.0_131.jdk/Contents/Home/jre/lib/libverify.dylib
0x000000010298f000 	/Library/Java/JavaVirtualMachines/jdk1.8.0_131.jdk/Contents/Home/jre/lib/libjava.dylib
0x00000001029ce000 	/Library/Java/JavaVirtualMachines/jdk1.8.0_131.jdk/Contents/Home/jre/lib/libzip.dylib
0x000000011eb1b000 	/System/Library/Frameworks/JavaVM.framework/Frameworks/JavaRuntimeSupport.framework/JavaRuntimeSupport
0x000000011eb35000 	/System/Library/Frameworks/JavaVM.framework/Versions/A/Frameworks/JavaNativeFoundation.framework/Versions/A/JavaNativeFoundation
0x000000011eb4a000 	/System/Library/Frameworks/JavaVM.framework/Versions/A/JavaVM
0x000000001950e000 	/System/Library/Frameworks/Carbon.framework/Versions/A/Carbon
0x000000011eb57000 	/System/Library/PrivateFrameworks/JavaLaunching.framework/Versions/A/JavaLaunching
0x000000001950e000 	/System/Library/Frameworks/Carbon.framework/Versions/A/Frameworks/CommonPanels.framework/Versions/A/CommonPanels
0x000000001950e000 	/System/Library/Frameworks/Carbon.framework/Versions/A/Frameworks/Help.framework/Versions/A/Help
0x000000001950e000 	/System/Library/Frameworks/Carbon.framework/Versions/A/Frameworks/ImageCapture.framework/Versions/A/ImageCapture
0x000000001950e000 	/System/Library/Frameworks/Carbon.framework/Versions/A/Frameworks/OpenScripting.framework/Versions/A/OpenScripting
0x000000001950e000 	/System/Library/Frameworks/Carbon.framework/Versions/A/Frameworks/Print.framework/Versions/A/Print
0x000000001950e000 	/System/Library/Frameworks/Carbon.framework/Versions/A/Frameworks/SecurityHI.framework/Versions/A/SecurityHI
0x00000001204ef000 	/private/var/folders/kh/bld4fxgd1d76npx9hl51bcmc0000gn/T/libgdxnicholas/25a8e9fb/libgdx64.dylib
0x000000012053f000 	/Library/Java/JavaVirtualMachines/jdk1.8.0_131.jdk/Contents/Home/jre/lib/libawt.dylib
0x00000001205e7000 	/Library/Java/JavaVirtualMachines/jdk1.8.0_131.jdk/Contents/Home/jre/lib/./libmlib_image.dylib
0x00000001206b3000 	/Library/Java/JavaVirtualMachines/jdk1.8.0_131.jdk/Contents/Home/jre/lib/libawt_lwawt.dylib
0x000000012076a000 	/Library/Java/JavaVirtualMachines/jdk1.8.0_131.jdk/Contents/Home/jre/lib/./libosxapp.dylib
0x000000001950e000 	/System/Library/Frameworks/ExceptionHandling.framework/Versions/A/ExceptionHandling
0x000000001950e000 	/System/Library/PrivateFrameworks/CoreServicesInternal.framework/Versions/A/CoreServicesInternal
0x000000001950e000 	/System/Library/CoreServices/RawCamera.bundle/Contents/MacOS/RawCamera
0x000000001950e000 	/System/Library/Frameworks/Accelerate.framework/Versions/A/Frameworks/vImage.framework/Versions/A/Libraries/libCGInterfaces.dylib
0x000000001950e000 	/System/Library/Frameworks/ApplicationServices.framework/Versions/A/Frameworks/ATS.framework/Versions/A/Resources/libTrueTypeScaler.dylib
0x00000001226dc000 	/System/Library/Frameworks/OpenGL.framework/Resources/GLEngine.bundle/GLEngine
0x000000001950e000 	/System/Library/Frameworks/OpenGL.framework/Versions/A/Libraries/libGLProgrammability.dylib
0x00000001228c1000 	/System/Library/Extensions/AppleIntelKBLGraphicsGLDriver.bundle/Contents/MacOS/AppleIntelKBLGraphicsGLDriver
0x000000001950e000 	/System/Library/PrivateFrameworks/GPUSupport.framework/Versions/A/Libraries/libGPUSupportMercury.dylib
0x0000000123647000 	/System/Library/Extensions/AMDRadeonX4000GLDriver.bundle/Contents/MacOS/AMDRadeonX4000GLDriver
0x0000000123727000 	/System/Library/Extensions/AMDRadeonX4000GLDriver.bundle/Contents/MacOS/ATIRadeonX4000SCLib.dylib
0x0000000123d04000 	/System/Library/Frameworks/OpenGL.framework/Resources//GLRendererFloat.bundle/GLRendererFloat
0x000000001950e000 	/System/Library/Frameworks/OpenCL.framework/Versions/A/Libraries/libcldcpuengine.dylib
0x000000001950e000 	/usr/lib/libcrypto.0.9.8.dylib
0x000000001950e000 	/System/Library/PrivateFrameworks/TrustEvaluationAgent.framework/Versions/A/TrustEvaluationAgent
0x000000001950e000 	/System/Library/Extensions/AMDMTLBronzeDriver.bundle/Contents/MacOS/AMDMTLBronzeDriver
0x000000001950e000 	/System/Library/PrivateFrameworks/IOAccelMemoryInfo.framework/Versions/A/IOAccelMemoryInfo
0x0000000123d54000 	/System/Library/Extensions/AppleIntelKBLGraphicsMTLDriver.bundle/Contents/MacOS/AppleIntelKBLGraphicsMTLDriver
0x000000001950e000 	/System/Library/PrivateFrameworks/FamilyControls.framework/Versions/A/FamilyControls
0x000000001950e000 	/System/Library/PrivateFrameworks/CommerceKit.framework/Versions/A/Frameworks/CommerceCore.framework/Versions/A/CommerceCore
0x000000001950e000 	/System/Library/PrivateFrameworks/SystemAdministration.framework/Versions/A/SystemAdministration
0x000000001950e000 	/System/Library/PrivateFrameworks/AppContainer.framework/Versions/A/AppContainer
0x000000001950e000 	/System/Library/PrivateFrameworks/SecCodeWrapper.framework/Versions/A/SecCodeWrapper
0x000000001950e000 	/System/Library/Frameworks/DirectoryService.framework/Versions/A/DirectoryService
0x000000001950e000 	/System/Library/PrivateFrameworks/DiskImages.framework/Versions/A/DiskImages
0x000000001950e000 	/System/Library/PrivateFrameworks/LoginUIKit.framework/Versions/A/Frameworks/LoginUICore.framework/Versions/A/LoginUICore
0x000000001950e000 	/usr/lib/libCoreStorage.dylib
0x000000001950e000 	/usr/lib/libcsfde.dylib
0x000000001950e000 	/usr/lib/libodfde.dylib
0x000000001950e000 	/System/Library/Frameworks/DiscRecording.framework/Versions/A/DiscRecording
0x000000001950e000 	/usr/lib/libcurl.4.dylib
0x000000001950e000 	/System/Library/PrivateFrameworks/MediaKit.framework/Versions/A/MediaKit
0x000000001950e000 	/System/Library/PrivateFrameworks/ProtectedCloudStorage.framework/Versions/A/ProtectedCloudStorage
0x000000001950e000 	/System/Library/PrivateFrameworks/EFILogin.framework/Versions/A/EFILogin
0x000000001950e000 	/usr/lib/libutil.dylib
0x000000001950e000 	/System/Library/Frameworks/LDAP.framework/Versions/A/LDAP
0x000000001950e000 	/usr/lib/libsasl2.2.dylib
0x000000001950e000 	/System/Library/PrivateFrameworks/CoreDaemon.framework/Versions/B/CoreDaemon
0x000000001950e000 	/System/Library/PrivateFrameworks/AppleSRP.framework/Versions/A/AppleSRP
0x000000001950e000 	/System/Library/PrivateFrameworks/APFS.framework/Versions/A/APFS
0x0000000125491000 	/Library/Java/JavaVirtualMachines/jdk1.8.0_131.jdk/Contents/Home/jre/lib/libfontmanager.dylib
0x00000001254f8000 	/private/var/folders/kh/bld4fxgd1d76npx9hl51bcmc0000gn/T/libgdxnicholas/f7649394/liblwjgl.dylib
0x0000000120ca0000 	/Library/Java/JavaVirtualMachines/jdk1.8.0_131.jdk/Contents/Home/jre/lib/libjawt.dylib
0x000000012557a000 	/var/folders/kh/bld4fxgd1d76npx9hl51bcmc0000gn/T/libgdxnicholas/f7649394/openal.dylib
0x00000001255d6000 	/System/Library/Components/CoreAudio.component/Contents/MacOS/CoreAudio
0x00000001226d1000 	/System/Library/Extensions/AppleHDA.kext/Contents/PlugIns/AppleHDAHALPlugIn.bundle/Contents/MacOS/AppleHDAHALPlugIn
0x000000001950e000 	/System/Library/PrivateFrameworks/ViewBridge.framework/Versions/A/ViewBridge
0x000000001950e000 	/System/Library/PrivateFrameworks/XPCService.framework/Versions/A/XPCService
0x000000001950e000 	/System/Library/PrivateFrameworks/AppSandbox.framework/Versions/A/AppSandbox
0x000000001950e000 	/usr/lib/libsandbox.1.dylib
0x000000001950e000 	/usr/lib/libMatch.1.dylib
0x0000000122380000 	/Library/Java/JavaVirtualMachines/jdk1.8.0_131.jdk/Contents/Home/jre/lib/libmanagement.dylib
0x0000000120ca3000 	/Library/Java/JavaVirtualMachines/jdk1.8.0_131.jdk/Contents/Home/jre/lib/libnet.dylib
0x00000001225a9000 	/Library/Java/JavaVirtualMachines/jdk1.8.0_131.jdk/Contents/Home/jre/lib/libnio.dylib

VM Arguments:
jvm_args: -Dfile.encoding=UTF-8 
java_command: swen30006.driving.desktop.DesktopLauncher
java_class_path (initial): /Library/Java/JavaVirtualMachines/jdk1.8.0_131.jdk/Contents/Home/jre/lib/resources.jar:/Library/Java/JavaVirtualMachines/jdk1.8.0_131.jdk/Contents/Home/jre/lib/rt.jar:/Library/Java/JavaVirtualMachines/jdk1.8.0_131.jdk/Contents/Home/jre/lib/jsse.jar:/Library/Java/JavaVirtualMachines/jdk1.8.0_131.jdk/Contents/Home/jre/lib/jce.jar:/Library/Java/JavaVirtualMachines/jdk1.8.0_131.jdk/Contents/Home/jre/lib/charsets.jar:/Library/Java/JavaVirtualMachines/jdk1.8.0_131.jdk/Contents/Home/jre/lib/jfr.jar:/Library/Java/JavaVirtualMachines/jdk1.8.0_131.jdk/Contents/Home/jre/lib/ext/cldrdata.jar:/Library/Java/JavaVirtualMachines/jdk1.8.0_131.jdk/Contents/Home/jre/lib/ext/dnsns.jar:/Library/Java/JavaVirtualMachines/jdk1.8.0_131.jdk/Contents/Home/jre/lib/ext/jaccess.jar:/Library/Java/JavaVirtualMachines/jdk1.8.0_131.jdk/Contents/Home/jre/lib/ext/jfxrt.jar:/Library/Java/JavaVirtualMachines/jdk1.8.0_131.jdk/Contents/Home/jre/lib/ext/localedata.jar:/Library/Java/JavaVirtualMachines/jdk1.8.0_131.jdk/Contents/Home/jre/lib/ext/nashorn.jar:/Library/Java/JavaVirtualMachines/jdk1.8.0_131.jdk/Contents/Home/jre/lib/ext/sunec.jar:/Library/Java/JavaVirtualMachines/jdk1.8.0_131.jdk/Contents/Home/jre/lib/ext/sunjce_provider.jar:/Library/Java/JavaVirtualMachines/jdk1.8.0_131.jdk/Contents/Home/jre/lib/ext/sunpkcs11.jar:/Library/Java/JavaVirtualMachines/jdk1.8.0_131.jdk/Contents/Home/jre/lib/ext/zipfs.jar:/System/Library/Java/Extensions/MRJToolkit.jar:/Users/nicholas/eclipse-workspace/Part C/bin:/Users/nicholas/eclipse-workspace/Part C/lib/gdx-1.9.8.jar:/Users/nicholas/eclipse-workspace/Part C/lib/gdx-backend-lwjgl-1.9.8.jar:/Users/nicholas/eclipse-workspace/Part C/lib/gdx-platform-1.9.8-natives-desktop.jar:/Users/nicholas/eclipse-workspace/Part C/lib/jinput-2.0.5.jar:/Users/nicholas/eclipse-workspace/Part C/lib/jinput-platform-2.0.5-natives-linux.jar:/Users/nicholas/eclipse-workspace/Part C/lib/jinput-platform-2.0.5-natives-osx.jar:/Users/nicholas/eclipse-workspace/Part C
Launcher Type: SUN_STANDARD

Environment Variables:
PATH=/usr/bin:/bin:/usr/sbin:/sbin
SHELL=/bin/bash

Signal Handlers:
SIGSEGV: [libjvm.dylib+0x5b1eb1], sa_mask[0]=11111111011111110111111111111111, sa_flags=SA_ONSTACK|SA_RESTART|SA_SIGINFO
SIGBUS: [libjvm.dylib+0x5b1eb1], sa_mask[0]=11111111011111110111111111111111, sa_flags=SA_RESTART|SA_SIGINFO
SIGFPE: [libjvm.dylib+0x488988], sa_mask[0]=11111111011111110111111111111111, sa_flags=SA_RESTART|SA_SIGINFO
SIGPIPE: [libjvm.dylib+0x488988], sa_mask[0]=11111111011111110111111111111111, sa_flags=SA_RESTART|SA_SIGINFO
SIGXFSZ: [libjvm.dylib+0x488988], sa_mask[0]=11111111011111110111111111111111, sa_flags=SA_RESTART|SA_SIGINFO
SIGILL: [libjvm.dylib+0x488988], sa_mask[0]=11111111011111110111111111111111, sa_flags=SA_RESTART|SA_SIGINFO
SIGUSR1: SIG_DFL, sa_mask[0]=00000000000000000000000000000000, sa_flags=none
SIGUSR2: [libjvm.dylib+0x4884a6], sa_mask[0]=00100000000000000000000000000000, sa_flags=SA_RESTART|SA_SIGINFO
SIGHUP: [libjvm.dylib+0x486a7d], sa_mask[0]=11111111011111110111111111111111, sa_flags=SA_RESTART|SA_SIGINFO
SIGINT: [libjvm.dylib+0x486a7d], sa_mask[0]=11111111011111110111111111111111, sa_flags=SA_RESTART|SA_SIGINFO
SIGTERM: [libjvm.dylib+0x486a7d], sa_mask[0]=11111111011111110111111111111111, sa_flags=SA_RESTART|SA_SIGINFO
SIGQUIT: [libjvm.dylib+0x486a7d], sa_mask[0]=11111111011111110111111111111111, sa_flags=SA_RESTART|SA_SIGINFO


---------------  S Y S T E M  ---------------

OS:Bsduname:Darwin 16.7.0 Darwin Kernel Version 16.7.0: Thu Jun 15 17:36:27 PDT 2017; root:xnu-3789.70.16~2/RELEASE_X86_64 x86_64
rlimit: STACK 8192k, CORE 0k, NPROC 709, NOFILE 10240, AS infinity
load average:1.52 1.50 1.40

CPU:total 8 (initial active 8) (4 cores per cpu, 2 threads per core) family 6 model 158 stepping 9, cmov, cx8, fxsr, mmx, sse, sse2, sse3, ssse3, sse4.1, sse4.2, popcnt, avx, avx2, aes, clmul, erms, rtm, 3dnowpref, lzcnt, ht, tsc, tscinvbit, bmi1, bmi2, adx

Memory: 4k page, physical 16777216k(2516528k free)

/proc/meminfo:


vm_info: Java HotSpot(TM) 64-Bit Server VM (25.131-b11) for bsd-amd64 JRE (1.8.0_131-b11), built on Mar 15 2017 01:32:22 by "java_re" with gcc 4.2.1 (Based on Apple Inc. build 5658) (LLVM build 2336.11.00)

time: Mon May 21 17:47:53 2018
elapsed time: 5 seconds (0d 0h 0m 5s)

