2018-05-23 12:49:06 INFO  Car - Speed:   0.0; Angle:   0.0; Position:   2,3; Key:  4; Health: 100.0; Tile: START
2018-05-23 12:49:06 INFO  Car - Speed:   0.0; Angle:   0.0; Position:   2,3; Key:  4; Health: 100.0; Tile: START
2018-05-23 12:49:06 INFO  Car - Speed:   0.1; Angle:   0.0; Position:   2,3; Key:  4; Health: 100.0; Tile: START
2018-05-23 12:49:06 INFO  Car - Speed:   0.1; Angle:   0.0; Position:   2,3; Key:  4; Health: 100.0; Tile: START
2018-05-23 12:49:06 INFO  Car - Speed:   0.1; Angle:   0.0; Position:   2,3; Key:  4; Health: 100.0; Tile: START
2018-05-23 12:49:06 INFO  Car - Speed:   0.2; Angle:   0.0; Position:   2,3; Key:  4; Health: 100.0; Tile: START
2018-05-23 12:49:06 INFO  Car - Speed:   0.2; Angle:   0.0; Position:   2,3; Key:  4; Health: 100.0; Tile: START
2018-05-23 12:49:06 INFO  Car - Speed:   0.2; Angle:   0.0; Position:   2,3; Key:  4; Health: 100.0; Tile: START
2018-05-23 12:49:06 INFO  Car - Speed:   0.3; Angle:   0.0; Position:   2,3; Key:  4; Health: 100.0; Tile: START
2018-05-23 12:49:06 INFO  Car - Speed:   0.3; Angle:   0.0; Position:   2,3; Key:  4; Health: 100.0; Tile: START
2018-05-23 12:49:06 INFO  Car - Speed:   0.3; Angle:   0.0; Position:   2,3; Key:  4; Health: 100.0; Tile: START
2018-05-23 12:49:06 INFO  Car - Speed:   0.4; Angle:   0.0; Position:   2,3; Key:  4; Health: 100.0; Tile: START
2018-05-23 12:49:06 INFO  Car - Speed:   0.4; Angle:   0.0; Position:   2,3; Key:  4; Health: 100.0; Tile: START
2018-05-23 12:49:06 INFO  Car - Speed:   0.4; Angle:   0.0; Position:   2,3; Key:  4; Health: 100.0; Tile: START
2018-05-23 12:49:06 INFO  Car - Speed:   0.5; Angle:   0.0; Position:   2,3; Key:  4; Health: 100.0; Tile: START
2018-05-23 12:49:06 INFO  Car - Speed:   0.5; Angle:   0.0; Position:   2,3; Key:  4; Health: 100.0; Tile: START
2018-05-23 12:49:06 INFO  Car - Speed:   0.5; Angle:   0.0; Position:   2,3; Key:  4; Health: 100.0; Tile: START
2018-05-23 12:49:07 INFO  Car - Speed:   0.6; Angle:   0.0; Position:   2,3; Key:  4; Health: 100.0; Tile: START
2018-05-23 12:49:07 INFO  Car - Speed:   0.6; Angle:   0.0; Position:   2,3; Key:  4; Health: 100.0; Tile: START
2018-05-23 12:49:07 INFO  Car - Speed:   0.6; Angle:   0.0; Position:   2,3; Key:  4; Health: 100.0; Tile: START
2018-05-23 12:49:07 INFO  Car - Speed:   0.7; Angle:   0.0; Position:   2,3; Key:  4; Health: 100.0; Tile: START
2018-05-23 12:49:07 INFO  Car - Speed:   0.7; Angle:   0.0; Position:   2,3; Key:  4; Health: 100.0; Tile: START
2018-05-23 12:49:07 INFO  Car - Speed:   0.7; Angle:   0.0; Position:   2,3; Key:  4; Health: 100.0; Tile: START
2018-05-23 12:49:07 INFO  Car - Speed:   0.8; Angle:   0.0; Position:   2,3; Key:  4; Health: 100.0; Tile: START
2018-05-23 12:49:07 INFO  Car - Speed:   0.8; Angle:   0.0; Position:   2,3; Key:  4; Health: 100.0; Tile: START
2018-05-23 12:49:07 INFO  Car - Speed:   0.8; Angle:   0.0; Position:   2,3; Key:  4; Health: 100.0; Tile: START
2018-05-23 12:49:07 INFO  Car - Speed:   0.9; Angle:   0.0; Position:   2,3; Key:  4; Health: 100.0; Tile: START
2018-05-23 12:49:07 INFO  Car - Speed:   0.9; Angle:   0.0; Position:   2,3; Key:  4; Health: 100.0; Tile: START
2018-05-23 12:49:07 INFO  Car - Speed:   0.9; Angle:   0.0; Position:   2,3; Key:  4; Health: 100.0; Tile: START
2018-05-23 12:49:07 INFO  Car - Speed:   1.0; Angle:   0.0; Position:   2,3; Key:  4; Health: 100.0; Tile: START
2018-05-23 12:49:07 INFO  Car - Speed:   1.0; Angle:   0.0; Position:   2,3; Key:  4; Health: 100.0; Tile: START
2018-05-23 12:49:07 INFO  Car - Speed:   1.0; Angle:   0.0; Position:   2,3; Key:  4; Health: 100.0; Tile: START
2018-05-23 12:49:07 INFO  Car - Speed:   1.1; Angle:   0.0; Position:   2,3; Key:  4; Health: 100.0; Tile: START
2018-05-23 12:49:07 INFO  Car - Speed:   1.1; Angle:   0.0; Position:   2,3; Key:  4; Health: 100.0; Tile: START
2018-05-23 12:49:07 INFO  Car - Speed:   1.1; Angle:   0.0; Position:   2,3; Key:  4; Health: 100.0; Tile: START
2018-05-23 12:49:07 INFO  Car - Speed:   1.2; Angle:   0.0; Position:   2,3; Key:  4; Health: 100.0; Tile: START
2018-05-23 12:49:07 INFO  Car - Speed:   1.2; Angle:   0.0; Position:   3,3; Key:  4; Health: 100.0; Tile: ROAD
2018-05-23 12:49:07 INFO  Car - Speed:   1.2; Angle:   0.0; Position:   3,3; Key:  4; Health: 100.0; Tile: ROAD
2018-05-23 12:49:07 INFO  Car - Speed:   1.3; Angle:   0.0; Position:   3,3; Key:  4; Health: 100.0; Tile: ROAD
2018-05-23 12:49:07 INFO  Car - Speed:   1.3; Angle:   0.0; Position:   3,3; Key:  4; Health: 100.0; Tile: ROAD
2018-05-23 12:49:07 INFO  Car - Speed:   1.3; Angle:   0.0; Position:   3,3; Key:  4; Health: 100.0; Tile: ROAD
2018-05-23 12:49:07 INFO  Car - Speed:   1.4; Angle:   0.0; Position:   3,3; Key:  4; Health: 100.0; Tile: ROAD
2018-05-23 12:49:07 INFO  Car - Speed:   1.4; Angle:   0.0; Position:   3,3; Key:  4; Health: 100.0; Tile: ROAD
2018-05-23 12:49:07 INFO  Car - Speed:   1.4; Angle:   0.0; Position:   3,3; Key:  4; Health: 100.0; Tile: ROAD
2018-05-23 12:49:07 INFO  Car - Speed:   1.5; Angle:   0.0; Position:   3,3; Key:  4; Health: 100.0; Tile: ROAD
2018-05-23 12:49:07 INFO  Car - Speed:   1.5; Angle:   0.0; Position:   3,3; Key:  4; Health: 100.0; Tile: ROAD
2018-05-23 12:49:07 INFO  Car - Speed:   1.5; Angle:   0.0; Position:   3,3; Key:  4; Health: 100.0; Tile: ROAD
2018-05-23 12:49:07 INFO  Car - Speed:   1.6; Angle:   0.0; Position:   3,3; Key:  4; Health: 100.0; Tile: ROAD
2018-05-23 12:49:07 INFO  Car - Speed:   1.6; Angle:   0.0; Position:   3,3; Key:  4; Health: 100.0; Tile: ROAD
2018-05-23 12:49:07 INFO  Car - Speed:   1.6; Angle:   0.0; Position:   3,3; Key:  4; Health: 100.0; Tile: ROAD
2018-05-23 12:49:07 INFO  Car - Speed:   1.7; Angle:   0.0; Position:   3,3; Key:  4; Health: 100.0; Tile: ROAD
2018-05-23 12:49:07 INFO  Car - Speed:   1.7; Angle:   0.0; Position:   3,3; Key:  4; Health: 100.0; Tile: ROAD
2018-05-23 12:49:07 INFO  Car - Speed:   1.7; Angle:   0.0; Position:   3,3; Key:  4; Health: 100.0; Tile: ROAD
2018-05-23 12:49:07 INFO  Car - Speed:   1.8; Angle:   0.0; Position:   3,3; Key:  4; Health: 100.0; Tile: ROAD
2018-05-23 12:49:07 INFO  Car - Speed:   1.8; Angle:   0.0; Position:   3,3; Key:  4; Health: 100.0; Tile: ROAD
2018-05-23 12:49:07 INFO  Car - Speed:   1.8; Angle:   0.0; Position:   3,3; Key:  4; Health: 100.0; Tile: ROAD
2018-05-23 12:49:07 INFO  Car - Speed:   1.9; Angle:   0.0; Position:   3,3; Key:  4; Health: 100.0; Tile: ROAD
2018-05-23 12:49:07 INFO  Car - Speed:   1.9; Angle:   0.0; Position:   3,3; Key:  4; Health: 100.0; Tile: ROAD
2018-05-23 12:49:07 INFO  Car - Speed:   1.9; Angle:   0.0; Position:   3,3; Key:  4; Health: 100.0; Tile: ROAD
2018-05-23 12:49:07 INFO  Car - Speed:   2.0; Angle:   0.0; Position:   3,3; Key:  4; Health: 100.0; Tile: ROAD
2018-05-23 12:49:07 INFO  Car - Speed:   2.0; Angle:   0.0; Position:   3,3; Key:  4; Health: 100.0; Tile: ROAD
2018-05-23 12:49:07 INFO  Car - Speed:   2.0; Angle:   0.0; Position:   3,3; Key:  4; Health: 100.0; Tile: ROAD
2018-05-23 12:49:08 INFO  Car - Speed:   2.1; Angle:   0.0; Position:   3,3; Key:  4; Health: 100.0; Tile: ROAD
2018-05-23 12:49:08 INFO  Car - Speed:   2.1; Angle:   0.0; Position:   4,3; Key:  4; Health: 100.0; Tile: ROAD
2018-05-23 12:49:08 INFO  Car - Speed:   2.1; Angle:   0.0; Position:   4,3; Key:  4; Health: 100.0; Tile: ROAD
2018-05-23 12:49:08 INFO  Car - Speed:   2.2; Angle:   0.0; Position:   4,3; Key:  4; Health: 100.0; Tile: ROAD
2018-05-23 12:49:08 INFO  Car - Speed:   2.2; Angle:   0.0; Position:   4,3; Key:  4; Health: 100.0; Tile: ROAD
2018-05-23 12:49:08 INFO  Car - Speed:   2.2; Angle:   0.0; Position:   4,3; Key:  4; Health: 100.0; Tile: ROAD
2018-05-23 12:49:08 INFO  Car - Speed:   2.3; Angle:   0.0; Position:   4,3; Key:  4; Health: 100.0; Tile: ROAD
2018-05-23 12:49:08 INFO  Car - Speed:   2.3; Angle:   0.0; Position:   4,3; Key:  4; Health: 100.0; Tile: ROAD
2018-05-23 12:49:08 INFO  Car - Speed:   2.3; Angle:   0.0; Position:   4,3; Key:  4; Health: 100.0; Tile: ROAD
2018-05-23 12:49:08 INFO  Car - Speed:   2.4; Angle:   0.0; Position:   4,3; Key:  4; Health: 100.0; Tile: ROAD
2018-05-23 12:49:08 INFO  Car - Speed:   2.4; Angle:   0.0; Position:   4,3; Key:  4; Health: 100.0; Tile: ROAD
2018-05-23 12:49:08 INFO  Car - Speed:   2.4; Angle:   0.0; Position:   4,3; Key:  4; Health: 100.0; Tile: ROAD
2018-05-23 12:49:08 INFO  Car - Speed:   2.5; Angle:   0.0; Position:   4,3; Key:  4; Health: 100.0; Tile: ROAD
2018-05-23 12:49:08 INFO  Car - Speed:   2.5; Angle:   0.0; Position:   4,3; Key:  4; Health: 100.0; Tile: ROAD
2018-05-23 12:49:08 INFO  Car - Speed:   2.5; Angle:   0.0; Position:   4,3; Key:  4; Health: 100.0; Tile: ROAD
2018-05-23 12:49:08 INFO  Car - Speed:   2.6; Angle:   0.0; Position:   4,3; Key:  4; Health: 100.0; Tile: ROAD
2018-05-23 12:49:08 INFO  Car - Speed:   2.6; Angle:   0.0; Position:   4,3; Key:  4; Health: 100.0; Tile: ROAD
2018-05-23 12:49:08 INFO  Car - Speed:   2.6; Angle:   0.0; Position:   4,3; Key:  4; Health: 100.0; Tile: ROAD
2018-05-23 12:49:08 INFO  Car - Speed:   2.7; Angle:   0.0; Position:   4,3; Key:  4; Health: 100.0; Tile: ROAD
2018-05-23 12:49:08 INFO  Car - Speed:   2.7; Angle:   0.0; Position:   4,3; Key:  4; Health: 100.0; Tile: ROAD
2018-05-23 12:49:08 INFO  Car - Speed:   2.7; Angle:   0.0; Position:   5,3; Key:  4; Health: 100.0; Tile: ROAD
2018-05-23 12:49:08 INFO  Car - Speed:   2.8; Angle:   0.0; Position:   5,3; Key:  4; Health: 100.0; Tile: ROAD
2018-05-23 12:49:08 INFO  Car - Speed:   2.8; Angle:   0.0; Position:   5,3; Key:  4; Health: 100.0; Tile: ROAD
2018-05-23 12:49:08 INFO  Car - Speed:   2.8; Angle:   0.0; Position:   5,3; Key:  4; Health: 100.0; Tile: ROAD
2018-05-23 12:49:08 INFO  Car - Speed:   2.9; Angle:   0.0; Position:   5,3; Key:  4; Health: 100.0; Tile: ROAD
2018-05-23 12:49:08 INFO  Car - Speed:   2.9; Angle:   0.0; Position:   5,3; Key:  4; Health: 100.0; Tile: ROAD
2018-05-23 12:49:08 INFO  Car - Speed:   2.9; Angle:   0.0; Position:   5,3; Key:  4; Health: 100.0; Tile: ROAD
2018-05-23 12:49:08 INFO  Car - Speed:   3.0; Angle:   0.0; Position:   5,3; Key:  4; Health: 100.0; Tile: ROAD
2018-05-23 12:49:08 INFO  Car - Speed:   3.0; Angle:   0.0; Position:   5,3; Key:  4; Health: 100.0; Tile: ROAD
2018-05-23 12:49:08 INFO  Car - Speed:   3.0; Angle:   0.0; Position:   5,3; Key:  4; Health: 100.0; Tile: ROAD
2018-05-23 12:49:08 INFO  Car - Speed:   3.1; Angle:   0.0; Position:   5,3; Key:  4; Health: 100.0; Tile: ROAD
2018-05-23 12:49:08 INFO  Car - Speed:   3.1; Angle:   0.0; Position:   5,3; Key:  4; Health: 100.0; Tile: ROAD
2018-05-23 12:49:08 INFO  Car - Speed:   3.1; Angle:   0.0; Position:   5,3; Key:  4; Health: 100.0; Tile: ROAD
2018-05-23 12:49:08 INFO  Car - Speed:   3.2; Angle:   0.0; Position:   5,3; Key:  4; Health: 100.0; Tile: ROAD
2018-05-23 12:49:08 INFO  Car - Speed:   3.2; Angle:   0.0; Position:   5,3; Key:  4; Health: 100.0; Tile: ROAD
2018-05-23 12:49:08 INFO  Car - Speed:   3.2; Angle:   0.0; Position:   6,3; Key:  4; Health: 100.0; Tile: ROAD
2018-05-23 12:49:08 INFO  Car - Speed:   3.3; Angle:   0.0; Position:   6,3; Key:  4; Health: 100.0; Tile: ROAD
2018-05-23 12:49:08 INFO  Car - Speed:   3.3; Angle:   0.0; Position:   6,3; Key:  4; Health: 100.0; Tile: ROAD
2018-05-23 12:49:08 INFO  Car - Speed:   3.3; Angle:   0.0; Position:   6,3; Key:  4; Health: 100.0; Tile: ROAD
2018-05-23 12:49:08 INFO  Car - Speed:   3.4; Angle:   0.0; Position:   6,3; Key:  4; Health: 100.0; Tile: ROAD
2018-05-23 12:49:08 INFO  Car - Speed:   3.4; Angle:   0.0; Position:   6,3; Key:  4; Health: 100.0; Tile: ROAD
2018-05-23 12:49:08 INFO  Car - Speed:   3.4; Angle:   0.0; Position:   6,3; Key:  4; Health: 100.0; Tile: ROAD
2018-05-23 12:49:08 INFO  Car - Speed:   3.5; Angle:   0.0; Position:   6,3; Key:  4; Health: 100.0; Tile: ROAD
2018-05-23 12:49:08 INFO  Car - Speed:   3.5; Angle:   0.0; Position:   6,3; Key:  4; Health: 100.0; Tile: ROAD
2018-05-23 12:49:08 INFO  Car - Speed:   3.5; Angle:   0.0; Position:   6,3; Key:  4; Health: 100.0; Tile: ROAD
2018-05-23 12:49:09 INFO  Car - Speed:   3.6; Angle:   0.0; Position:   6,3; Key:  4; Health: 100.0; Tile: ROAD
2018-05-23 12:49:09 INFO  Car - Speed:   3.6; Angle:   0.0; Position:   6,3; Key:  4; Health: 100.0; Tile: ROAD
2018-05-23 12:49:09 INFO  Car - Speed:   3.6; Angle:   0.0; Position:   6,3; Key:  4; Health: 100.0; Tile: ROAD
2018-05-23 12:49:09 INFO  Car - Speed:   3.7; Angle:   0.0; Position:   7,3; Key:  4; Health: 100.0; Tile: ROAD
2018-05-23 12:49:09 INFO  Car - Speed:   3.7; Angle:   0.0; Position:   7,3; Key:  4; Health: 100.0; Tile: ROAD
2018-05-23 12:49:09 INFO  Car - Speed:   3.7; Angle:   0.0; Position:   7,3; Key:  4; Health: 100.0; Tile: ROAD
2018-05-23 12:49:09 INFO  Car - Speed:   3.8; Angle:   0.0; Position:   7,3; Key:  4; Health: 100.0; Tile: ROAD
2018-05-23 12:49:09 INFO  Car - Speed:   3.8; Angle:   0.0; Position:   7,3; Key:  4; Health: 100.0; Tile: ROAD
2018-05-23 12:49:09 INFO  Car - Speed:   3.8; Angle:   0.0; Position:   7,3; Key:  4; Health: 100.0; Tile: ROAD
2018-05-23 12:49:09 INFO  Car - Speed:   3.9; Angle:   0.0; Position:   7,3; Key:  4; Health: 100.0; Tile: ROAD
2018-05-23 12:49:09 INFO  Car - Speed:   3.9; Angle:   0.0; Position:   7,3; Key:  4; Health: 100.0; Tile: ROAD
2018-05-23 12:49:09 INFO  Car - Speed:   3.9; Angle:   0.0; Position:   7,3; Key:  4; Health: 100.0; Tile: ROAD
2018-05-23 12:49:09 INFO  Car - Speed:   4.0; Angle:   0.0; Position:   7,3; Key:  4; Health: 100.0; Tile: ROAD
2018-05-23 12:49:09 INFO  Car - Speed:   4.0; Angle:   0.0; Position:   7,3; Key:  4; Health: 100.0; Tile: ROAD
2018-05-23 12:49:09 INFO  Car - Speed:   2.5; Angle:   0.0; Position:   7,3; Key:  4; Health: 100.0; Tile: ROAD
2018-05-23 12:49:09 INFO  Car - Speed:   2.5; Angle:   0.0; Position:   8,3; Key:  4; Health: 100.0; Tile: ROAD
2018-05-23 12:49:09 INFO  Car - Speed:   2.6; Angle:   0.0; Position:   8,3; Key:  4; Health: 100.0; Tile: ROAD
2018-05-23 12:49:09 INFO  Car - Speed:   2.6; Angle:   0.0; Position:   8,3; Key:  4; Health: 100.0; Tile: ROAD
2018-05-23 12:49:09 INFO  Car - Speed:   2.6; Angle:   0.0; Position:   8,3; Key:  4; Health: 100.0; Tile: ROAD
2018-05-23 12:49:09 INFO  Car - Speed:   2.7; Angle:   0.0; Position:   8,3; Key:  4; Health: 100.0; Tile: ROAD
2018-05-23 12:49:09 INFO  Car - Speed:   2.7; Angle:   0.0; Position:   8,3; Key:  4; Health: 100.0; Tile: ROAD
2018-05-23 12:49:09 INFO  Car - Speed:   2.7; Angle:   0.0; Position:   8,3; Key:  4; Health: 100.0; Tile: ROAD
2018-05-23 12:49:09 INFO  Car - Speed:   2.8; Angle:   0.0; Position:   8,3; Key:  4; Health: 100.0; Tile: ROAD
2018-05-23 12:49:09 INFO  Car - Speed:   2.8; Angle:   0.0; Position:   8,3; Key:  4; Health: 100.0; Tile: ROAD
2018-05-23 12:49:09 INFO  Car - Speed:   2.8; Angle:   0.0; Position:   8,3; Key:  4; Health: 100.0; Tile: ROAD
2018-05-23 12:49:09 INFO  Car - Speed:   2.9; Angle:   0.0; Position:   8,3; Key:  4; Health: 100.0; Tile: ROAD
2018-05-23 12:49:09 INFO  Car - Speed:   2.9; Angle:   0.0; Position:   8,3; Key:  4; Health: 100.0; Tile: ROAD
2018-05-23 12:49:09 INFO  Car - Speed:   2.9; Angle:   0.0; Position:   8,3; Key:  4; Health: 100.0; Tile: ROAD
2018-05-23 12:49:09 INFO  Car - Speed:   3.0; Angle:   0.0; Position:   8,3; Key:  4; Health: 100.0; Tile: ROAD
2018-05-23 12:49:09 INFO  Car - Speed:   3.0; Angle:   0.0; Position:   8,3; Key:  4; Health: 100.0; Tile: ROAD
2018-05-23 12:49:09 INFO  Car - Speed:   3.0; Angle:   0.0; Position:   8,3; Key:  4; Health: 100.0; Tile: ROAD
2018-05-23 12:49:09 INFO  Car - Speed:   3.1; Angle:   0.0; Position:   9,3; Key:  4; Health: 100.0; Tile: ROAD
2018-05-23 12:49:09 INFO  Car - Speed:   3.1; Angle:   0.0; Position:   9,3; Key:  4; Health: 100.0; Tile: ROAD
2018-05-23 12:49:09 INFO  Car - Speed:   3.1; Angle:   0.0; Position:   9,3; Key:  4; Health: 100.0; Tile: ROAD
2018-05-23 12:49:09 INFO  Car - Speed:   3.2; Angle:   0.0; Position:   9,3; Key:  4; Health: 100.0; Tile: ROAD
2018-05-23 12:49:09 INFO  Car - Speed:   3.2; Angle:   0.0; Position:   9,3; Key:  4; Health: 100.0; Tile: ROAD
2018-05-23 12:49:09 INFO  Car - Speed:   3.2; Angle:   0.0; Position:   9,3; Key:  4; Health: 100.0; Tile: ROAD
2018-05-23 12:49:09 INFO  Car - Speed:   3.3; Angle:   0.0; Position:   9,3; Key:  4; Health: 100.0; Tile: ROAD
2018-05-23 12:49:09 INFO  Car - Speed:   3.3; Angle:   0.0; Position:   9,3; Key:  4; Health: 100.0; Tile: ROAD
2018-05-23 12:49:09 INFO  Car - Speed:   3.3; Angle:   0.0; Position:   9,3; Key:  4; Health: 100.0; Tile: ROAD
2018-05-23 12:49:09 INFO  Car - Speed:   3.4; Angle:   0.0; Position:   9,3; Key:  4; Health: 100.0; Tile: ROAD
2018-05-23 12:49:09 INFO  Car - Speed:   3.4; Angle:   0.0; Position:   9,3; Key:  4; Health: 100.0; Tile: ROAD
2018-05-23 12:49:09 INFO  Car - Speed:   3.4; Angle:   0.0; Position:   9,3; Key:  4; Health: 100.0; Tile: ROAD
2018-05-23 12:49:09 INFO  Car - Speed:   3.5; Angle:   0.0; Position:   9,3; Key:  4; Health: 100.0; Tile: ROAD
2018-05-23 12:49:09 INFO  Car - Speed:   3.5; Angle:   0.0; Position:   9,3; Key:  4; Health: 100.0; Tile: ROAD
2018-05-23 12:49:10 INFO  Car - Speed:   3.5; Angle:   0.0; Position:  10,3; Key:  4; Health: 100.0; Tile: ROAD
2018-05-23 12:49:10 INFO  Car - Speed:   3.6; Angle:   0.0; Position:  10,3; Key:  4; Health: 100.0; Tile: ROAD
2018-05-23 12:49:10 INFO  Car - Speed:   3.6; Angle:   0.0; Position:  10,3; Key:  4; Health: 100.0; Tile: ROAD
2018-05-23 12:49:10 INFO  Car - Speed:   3.6; Angle:   0.0; Position:  10,3; Key:  4; Health: 100.0; Tile: ROAD
2018-05-23 12:49:10 INFO  Car - Speed:   3.7; Angle:   0.0; Position:  10,3; Key:  4; Health: 100.0; Tile: ROAD
2018-05-23 12:49:10 INFO  Car - Speed:   3.7; Angle:   0.0; Position:  10,3; Key:  4; Health: 100.0; Tile: ROAD
2018-05-23 12:49:10 INFO  Car - Speed:   3.7; Angle:   0.0; Position:  10,3; Key:  4; Health: 100.0; Tile: ROAD
2018-05-23 12:49:10 INFO  Car - Speed:   3.8; Angle:   0.0; Position:  10,3; Key:  4; Health: 100.0; Tile: ROAD
2018-05-23 12:49:10 INFO  Car - Speed:   3.8; Angle:   0.0; Position:  10,3; Key:  4; Health: 100.0; Tile: ROAD
2018-05-23 12:49:10 INFO  Car - Speed:   3.8; Angle:   0.0; Position:  10,3; Key:  4; Health: 100.0; Tile: ROAD
2018-05-23 12:49:10 INFO  Car - Speed:   3.9; Angle:   0.0; Position:  10,3; Key:  4; Health: 100.0; Tile: ROAD
2018-05-23 12:49:10 INFO  Car - Speed:   3.9; Angle:   0.0; Position:  10,3; Key:  4; Health: 100.0; Tile: ROAD
2018-05-23 12:49:10 INFO  Car - Speed:   3.9; Angle:   0.0; Position:  11,3; Key:  4; Health: 100.0; Tile: ROAD
2018-05-23 12:49:10 INFO  Car - Speed:   4.0; Angle:   0.0; Position:  11,3; Key:  4; Health: 100.0; Tile: ROAD
2018-05-23 12:49:10 INFO  Car - Speed:   4.0; Angle:   0.0; Position:  11,3; Key:  4; Health: 100.0; Tile: ROAD
2018-05-23 12:49:10 INFO  Car - Speed:   4.0; Angle:   0.0; Position:  11,3; Key:  4; Health: 100.0; Tile: ROAD
2018-05-23 12:49:10 INFO  Car - Speed:   2.5; Angle:   0.0; Position:  11,3; Key:  4; Health: 100.0; Tile: ROAD
2018-05-23 12:49:10 INFO  Car - Speed:   2.5; Angle:   0.0; Position:  11,3; Key:  4; Health: 100.0; Tile: ROAD
2018-05-23 12:49:10 INFO  Car - Speed:   2.6; Angle:   0.0; Position:  11,3; Key:  4; Health: 100.0; Tile: ROAD
2018-05-23 12:49:10 INFO  Car - Speed:   2.6; Angle:   0.0; Position:  11,3; Key:  4; Health: 100.0; Tile: ROAD
2018-05-23 12:49:10 INFO  Car - Speed:   2.6; Angle:   0.0; Position:  11,3; Key:  4; Health: 100.0; Tile: ROAD
2018-05-23 12:49:10 INFO  Car - Speed:   2.7; Angle:   0.0; Position:  11,3; Key:  4; Health: 100.0; Tile: ROAD
2018-05-23 12:49:10 INFO  Car - Speed:   2.7; Angle:   0.0; Position:  11,3; Key:  4; Health: 100.0; Tile: ROAD
2018-05-23 12:49:10 INFO  Car - Speed:   2.7; Angle:   0.0; Position:  11,3; Key:  4; Health: 100.0; Tile: ROAD
2018-05-23 12:49:10 INFO  Car - Speed:   2.8; Angle:   0.0; Position:  11,3; Key:  4; Health: 100.0; Tile: ROAD
2018-05-23 12:49:10 INFO  Car - Speed:   2.8; Angle:   0.0; Position:  11,3; Key:  4; Health: 100.0; Tile: ROAD
2018-05-23 12:49:10 INFO  Car - Speed:   2.8; Angle:   0.0; Position:  11,3; Key:  4; Health: 100.0; Tile: ROAD
2018-05-23 12:49:10 INFO  Car - Speed:   2.9; Angle:   0.0; Position:  12,3; Key:  4; Health: 100.0; Tile: ROAD
2018-05-23 12:49:10 INFO  Car - Speed:   2.9; Angle:   0.0; Position:  12,3; Key:  4; Health: 100.0; Tile: ROAD
2018-05-23 12:49:10 INFO  Car - Speed:   2.9; Angle:   0.0; Position:  12,3; Key:  4; Health: 100.0; Tile: ROAD
2018-05-23 12:49:10 INFO  Car - Speed:   3.0; Angle:   0.0; Position:  12,3; Key:  4; Health: 100.0; Tile: ROAD
2018-05-23 12:49:10 INFO  Car - Speed:   3.0; Angle:   0.0; Position:  12,3; Key:  4; Health: 100.0; Tile: ROAD
2018-05-23 12:49:10 INFO  Car - Speed:   3.0; Angle:   0.0; Position:  12,3; Key:  4; Health: 100.0; Tile: ROAD
2018-05-23 12:49:10 INFO  Car - Speed:   3.1; Angle:   0.0; Position:  12,3; Key:  4; Health: 100.0; Tile: ROAD
2018-05-23 12:49:10 INFO  Car - Speed:   3.1; Angle:   0.0; Position:  12,3; Key:  4; Health: 100.0; Tile: ROAD
2018-05-23 12:49:10 INFO  Car - Speed:   3.1; Angle:   0.0; Position:  12,3; Key:  4; Health: 100.0; Tile: ROAD
2018-05-23 12:49:10 INFO  Car - Speed:   3.2; Angle:   0.0; Position:  12,3; Key:  4; Health: 100.0; Tile: ROAD
2018-05-23 12:49:10 INFO  Car - Speed:   3.2; Angle:   0.0; Position:  12,3; Key:  4; Health: 100.0; Tile: ROAD
2018-05-23 12:49:10 INFO  Car - Speed:   3.2; Angle:   0.0; Position:  12,3; Key:  4; Health: 100.0; Tile: ROAD
2018-05-23 12:49:10 INFO  Car - Speed:   3.3; Angle:   0.0; Position:  12,3; Key:  4; Health: 100.0; Tile: ROAD
2018-05-23 12:49:10 INFO  Car - Speed:   3.3; Angle:   0.0; Position:  12,3; Key:  4; Health: 100.0; Tile: ROAD
2018-05-23 12:49:10 INFO  Car - Speed:   3.3; Angle:   0.0; Position:  13,3; Key:  4; Health: 100.0; Tile: ROAD
2018-05-23 12:49:10 INFO  Car - Speed:   3.4; Angle:   0.0; Position:  13,3; Key:  4; Health: 100.0; Tile: ROAD
2018-05-23 12:49:10 INFO  Car - Speed:   3.4; Angle:   0.0; Position:  13,3; Key:  4; Health: 100.0; Tile: ROAD
2018-05-23 12:49:10 INFO  Car - Speed:   3.4; Angle:   0.0; Position:  13,3; Key:  4; Health: 100.0; Tile: ROAD
2018-05-23 12:49:10 INFO  Car - Speed:   3.5; Angle:   0.0; Position:  13,3; Key:  4; Health: 100.0; Tile: ROAD
2018-05-23 12:49:11 INFO  Car - Speed:   3.5; Angle:   0.0; Position:  13,3; Key:  4; Health: 100.0; Tile: ROAD
2018-05-23 12:49:11 INFO  Car - Speed:   3.5; Angle:   0.0; Position:  13,3; Key:  4; Health: 100.0; Tile: ROAD
2018-05-23 12:49:11 INFO  Car - Speed:   3.6; Angle:   0.0; Position:  13,3; Key:  4; Health: 100.0; Tile: ROAD
2018-05-23 12:49:11 INFO  Car - Speed:   3.6; Angle:   0.0; Position:  13,3; Key:  4; Health: 100.0; Tile: ROAD
2018-05-23 12:49:11 INFO  Car - Speed:   3.6; Angle:   0.0; Position:  13,3; Key:  4; Health: 100.0; Tile: ROAD
2018-05-23 12:49:11 INFO  Car - Speed:   3.7; Angle:   0.0; Position:  13,3; Key:  4; Health: 100.0; Tile: ROAD
2018-05-23 12:49:11 INFO  Car - Speed:   3.7; Angle:   0.0; Position:  13,3; Key:  4; Health: 100.0; Tile: ROAD
2018-05-23 12:49:11 INFO  Car - Speed:   3.7; Angle:   0.0; Position:  13,3; Key:  4; Health: 100.0; Tile: ROAD
2018-05-23 12:49:11 INFO  Car - Speed:   3.8; Angle:   0.0; Position:  14,3; Key:  4; Health: 100.0; Tile: ROAD
2018-05-23 12:49:11 INFO  Car - Speed:   3.8; Angle:   0.0; Position:  14,3; Key:  4; Health: 100.0; Tile: ROAD
2018-05-23 12:49:11 INFO  Car - Speed:   3.8; Angle:   0.0; Position:  14,3; Key:  4; Health: 100.0; Tile: ROAD
2018-05-23 12:49:11 INFO  Car - Speed:   3.9; Angle:   0.0; Position:  14,3; Key:  4; Health: 100.0; Tile: ROAD
2018-05-23 12:49:11 INFO  Car - Speed:   3.9; Angle:   0.0; Position:  14,3; Key:  4; Health: 100.0; Tile: ROAD
2018-05-23 12:49:11 INFO  Car - Speed:   3.9; Angle:   0.0; Position:  14,3; Key:  4; Health: 100.0; Tile: ROAD
2018-05-23 12:49:11 INFO  Car - Speed:   4.0; Angle:   0.0; Position:  14,3; Key:  4; Health: 100.0; Tile: ROAD
2018-05-23 12:49:11 INFO  Car - Speed:   4.0; Angle:   0.0; Position:  14,3; Key:  4; Health: 100.0; Tile: ROAD
2018-05-23 12:49:11 INFO  Car - Speed:   4.0; Angle:   0.0; Position:  14,3; Key:  4; Health: 100.0; Tile: ROAD
2018-05-23 12:49:11 INFO  Car - Speed:   2.5; Angle:   0.0; Position:  14,3; Key:  4; Health: 100.0; Tile: ROAD
2018-05-23 12:49:11 INFO  Car - Speed:   2.5; Angle:   0.0; Position:  14,3; Key:  4; Health: 100.0; Tile: ROAD
2018-05-23 12:49:11 INFO  Car - Speed:   2.6; Angle:   0.0; Position:  14,3; Key:  4; Health: 100.0; Tile: ROAD
2018-05-23 12:49:11 INFO  Car - Speed:   2.6; Angle:   0.0; Position:  14,3; Key:  4; Health: 100.0; Tile: ROAD
2018-05-23 12:49:11 INFO  Car - Speed:   2.6; Angle:   0.0; Position:  15,3; Key:  4; Health: 100.0; Tile: ROAD
2018-05-23 12:49:11 INFO  Car - Speed:   2.7; Angle:   0.0; Position:  15,3; Key:  4; Health: 100.0; Tile: ROAD
2018-05-23 12:49:11 INFO  Car - Speed:   2.7; Angle:   0.0; Position:  15,3; Key:  4; Health: 100.0; Tile: ROAD
2018-05-23 12:49:11 INFO  Car - Speed:   2.7; Angle:   0.0; Position:  15,3; Key:  4; Health: 100.0; Tile: ROAD
2018-05-23 12:49:11 INFO  Car - Speed:   2.8; Angle:   0.0; Position:  15,3; Key:  4; Health: 100.0; Tile: ROAD
2018-05-23 12:49:11 INFO  Car - Speed:   2.8; Angle:   0.0; Position:  15,3; Key:  4; Health: 100.0; Tile: ROAD
2018-05-23 12:49:11 INFO  Car - Speed:   2.8; Angle:   0.0; Position:  15,3; Key:  4; Health: 100.0; Tile: ROAD
2018-05-23 12:49:11 INFO  Car - Speed:   2.9; Angle:   0.0; Position:  15,3; Key:  4; Health: 100.0; Tile: ROAD
2018-05-23 12:49:11 INFO  Car - Speed:   2.9; Angle:   0.0; Position:  15,3; Key:  4; Health: 100.0; Tile: ROAD
2018-05-23 12:49:11 INFO  Car - Speed:   2.9; Angle:   0.0; Position:  15,3; Key:  4; Health: 100.0; Tile: ROAD
2018-05-23 12:49:11 INFO  Car - Speed:   3.0; Angle:   0.0; Position:  15,3; Key:  4; Health: 100.0; Tile: ROAD
2018-05-23 12:49:11 INFO  Car - Speed:   3.0; Angle:   0.0; Position:  15,3; Key:  4; Health: 100.0; Tile: ROAD
2018-05-23 12:49:11 INFO  Car - Speed:   3.0; Angle:   0.0; Position:  15,3; Key:  4; Health: 100.0; Tile: ROAD
2018-05-23 12:49:11 INFO  Car - Speed:   3.1; Angle:   0.0; Position:  15,3; Key:  4; Health: 100.0; Tile: ROAD
2018-05-23 12:49:11 INFO  Car - Speed:   3.1; Angle:   0.0; Position:  15,3; Key:  4; Health: 100.0; Tile: ROAD
2018-05-23 12:49:11 INFO  Car - Speed:   3.1; Angle:   0.0; Position:  15,3; Key:  4; Health: 100.0; Tile: ROAD
2018-05-23 12:49:11 INFO  Car - Speed:   3.2; Angle:   0.0; Position:  16,3; Key:  4; Health: 100.0; Tile: ROAD
2018-05-23 12:49:11 INFO  Car - Speed:   3.2; Angle:   0.0; Position:  16,3; Key:  4; Health: 100.0; Tile: ROAD
2018-05-23 12:49:11 INFO  Car - Speed:   3.2; Angle:   0.0; Position:  16,3; Key:  4; Health: 100.0; Tile: ROAD
2018-05-23 12:49:11 INFO  Car - Speed:   3.3; Angle:   0.0; Position:  16,3; Key:  4; Health: 100.0; Tile: ROAD
2018-05-23 12:49:11 INFO  Car - Speed:   3.3; Angle:   0.0; Position:  16,3; Key:  4; Health: 100.0; Tile: ROAD
2018-05-23 12:49:11 INFO  Car - Speed:   3.3; Angle:   0.0; Position:  16,3; Key:  4; Health: 100.0; Tile: ROAD
2018-05-23 12:49:11 INFO  Car - Speed:   3.4; Angle:   0.0; Position:  16,3; Key:  4; Health: 100.0; Tile: ROAD
2018-05-23 12:49:12 INFO  Car - Speed:   3.4; Angle:   0.0; Position:  16,3; Key:  4; Health: 100.0; Tile: ROAD
2018-05-23 12:49:12 INFO  Car - Speed:   3.4; Angle:   0.0; Position:  16,3; Key:  4; Health: 100.0; Tile: ROAD
2018-05-23 12:49:12 INFO  Car - Speed:   3.5; Angle:   0.0; Position:  16,3; Key:  4; Health: 100.0; Tile: ROAD
2018-05-23 12:49:12 INFO  Car - Speed:   3.5; Angle:   0.0; Position:  16,3; Key:  4; Health: 100.0; Tile: ROAD
2018-05-23 12:49:12 INFO  Car - Speed:   3.5; Angle:   0.0; Position:  16,3; Key:  4; Health: 100.0; Tile: ROAD
2018-05-23 12:49:12 INFO  Car - Speed:   3.6; Angle:   0.0; Position:  16,3; Key:  4; Health: 100.0; Tile: ROAD
2018-05-23 12:49:12 INFO  Car - Speed:   3.6; Angle:   0.0; Position:  17,3; Key:  4; Health: 100.0; Tile: ROAD
2018-05-23 12:49:12 INFO  Car - Speed:   3.6; Angle:   0.0; Position:  17,3; Key:  4; Health: 100.0; Tile: ROAD
2018-05-23 12:49:12 INFO  Car - Speed:   3.7; Angle:   0.0; Position:  17,3; Key:  4; Health: 100.0; Tile: ROAD
2018-05-23 12:49:12 INFO  Car - Speed:   3.7; Angle:   0.0; Position:  17,3; Key:  4; Health: 100.0; Tile: ROAD
2018-05-23 12:49:12 INFO  Car - Speed:   3.7; Angle:   0.0; Position:  17,3; Key:  4; Health: 100.0; Tile: ROAD
2018-05-23 12:49:12 INFO  Car - Speed:   3.8; Angle:   0.0; Position:  17,3; Key:  4; Health: 100.0; Tile: ROAD
2018-05-23 12:49:12 INFO  Car - Speed:   3.8; Angle:   0.0; Position:  17,3; Key:  4; Health: 100.0; Tile: ROAD
2018-05-23 12:49:12 INFO  Car - Speed:   3.8; Angle:   0.0; Position:  17,3; Key:  4; Health: 100.0; Tile: ROAD
2018-05-23 12:49:12 INFO  Car - Speed:   3.9; Angle:   0.0; Position:  17,3; Key:  4; Health: 100.0; Tile: ROAD
2018-05-23 12:49:12 INFO  Car - Speed:   3.9; Angle:   0.0; Position:  17,3; Key:  4; Health: 100.0; Tile: ROAD
2018-05-23 12:49:12 INFO  Car - Speed:   3.9; Angle:   0.0; Position:  17,3; Key:  4; Health: 100.0; Tile: ROAD
2018-05-23 12:49:12 INFO  Car - Speed:   4.0; Angle:   0.0; Position:  17,3; Key:  4; Health: 100.0; Tile: ROAD
2018-05-23 12:49:12 INFO  Car - Speed:   4.0; Angle:   0.0; Position:  18,3; Key:  4; Health: 100.0; Tile: TRAP(lava)
2018-05-23 12:49:12 INFO  Car - Speed:   4.0; Angle:   0.0; Position:  18,3; Key:  4; Health:  99.6; Tile: TRAP(lava)
2018-05-23 12:49:12 INFO  Car - Speed:   2.5; Angle:   0.0; Position:  18,3; Key:  4; Health:  99.1; Tile: TRAP(lava)
2018-05-23 12:49:12 INFO  Car - Speed:   2.5; Angle:   0.0; Position:  18,3; Key:  4; Health:  98.7; Tile: TRAP(lava)
2018-05-23 12:49:12 INFO  Car - Speed:   2.6; Angle:   0.0; Position:  18,3; Key:  4; Health:  98.2; Tile: TRAP(lava)
2018-05-23 12:49:12 INFO  Car - Speed:   2.6; Angle:   0.0; Position:  18,3; Key:  4; Health:  97.8; Tile: TRAP(lava)
2018-05-23 12:49:12 INFO  Car - Speed:   2.6; Angle:   0.0; Position:  18,3; Key:  4; Health:  97.3; Tile: TRAP(lava)
2018-05-23 12:49:12 INFO  Car - Speed:   2.7; Angle:   0.0; Position:  18,3; Key:  4; Health:  96.9; Tile: TRAP(lava)
2018-05-23 12:49:12 INFO  Car - Speed:   2.7; Angle:   0.0; Position:  18,3; Key:  4; Health:  96.4; Tile: TRAP(lava)
2018-05-23 12:49:12 INFO  Car - Speed:   2.7; Angle:   0.0; Position:  18,3; Key:  4; Health:  96.0; Tile: TRAP(lava)
2018-05-23 12:49:12 INFO  Car - Speed:   2.8; Angle:   0.0; Position:  18,3; Key:  4; Health:  95.6; Tile: TRAP(lava)
2018-05-23 12:49:12 INFO  Car - Speed:   2.8; Angle:   0.0; Position:  18,3; Key:  4; Health:  95.1; Tile: TRAP(lava)
2018-05-23 12:49:12 INFO  Car - Speed:   2.8; Angle:   0.0; Position:  18,3; Key:  4; Health:  94.7; Tile: TRAP(lava)
2018-05-23 12:49:12 INFO  Car - Speed:   2.9; Angle:   0.0; Position:  18,3; Key:  4; Health:  94.2; Tile: TRAP(lava)
2018-05-23 12:49:12 INFO  Car - Speed:   2.9; Angle:   0.0; Position:  18,3; Key:  4; Health:  93.8; Tile: TRAP(lava)
2018-05-23 12:49:12 INFO  Car - Speed:   2.9; Angle:   0.0; Position:  18,3; Key:  4; Health:  93.3; Tile: TRAP(lava)
2018-05-23 12:49:12 INFO  Car - Speed:   3.0; Angle:   0.0; Position:  19,3; Key:  4; Health:  92.9; Tile: TRAP(lava)
2018-05-23 12:49:12 INFO  Car - Speed:   3.0; Angle:   0.0; Position:  19,3; Key:  4; Health:  92.4; Tile: TRAP(lava)
2018-05-23 12:49:12 INFO  Car - Speed:   3.0; Angle:   0.0; Position:  19,3; Key:  4; Health:  92.0; Tile: TRAP(lava)
2018-05-23 12:49:12 INFO  Car - Speed:   3.1; Angle:   0.0; Position:  19,3; Key:  4; Health:  91.6; Tile: TRAP(lava)
2018-05-23 12:49:12 INFO  Car - Speed:   3.1; Angle:   0.0; Position:  19,3; Key:  4; Health:  91.1; Tile: TRAP(lava)
2018-05-23 12:49:12 INFO  Car - Speed:   3.1; Angle:   0.0; Position:  19,3; Key:  4; Health:  90.7; Tile: TRAP(lava)
2018-05-23 12:49:12 INFO  Car - Speed:   3.2; Angle:   0.0; Position:  19,3; Key:  4; Health:  90.2; Tile: TRAP(lava)
2018-05-23 12:49:12 INFO  Car - Speed:   3.2; Angle:   0.0; Position:  19,3; Key:  4; Health:  89.8; Tile: TRAP(lava)
2018-05-23 12:49:12 INFO  Car - Speed:   3.2; Angle:   0.0; Position:  19,3; Key:  4; Health:  89.3; Tile: TRAP(lava)
2018-05-23 12:49:12 INFO  Car - Speed:   3.3; Angle:   0.0; Position:  19,3; Key:  4; Health:  88.9; Tile: TRAP(lava)
2018-05-23 12:49:12 INFO  Car - Speed:   3.3; Angle:   0.0; Position:  19,3; Key:  4; Health:  88.4; Tile: TRAP(lava)
2018-05-23 12:49:13 INFO  Car - Speed:   3.3; Angle:   0.0; Position:  19,3; Key:  4; Health:  88.0; Tile: TRAP(lava)
2018-05-23 12:49:13 INFO  Car - Speed:   3.4; Angle:   0.0; Position:  19,3; Key:  4; Health:  87.6; Tile: TRAP(lava)
2018-05-23 12:49:13 INFO  Car - Speed:   3.4; Angle:   0.0; Position:  19,3; Key:  4; Health:  87.1; Tile: TRAP(lava)
2018-05-23 12:49:13 INFO  Car - Speed:   3.4; Angle:   0.0; Position:  20,3; Key:  4; Health:  86.7; Tile: ROAD
2018-05-23 12:49:13 INFO  Car - Speed:   3.5; Angle:   0.0; Position:  20,3; Key:  4; Health:  86.7; Tile: ROAD
2018-05-23 12:49:13 INFO  Car - Speed:   3.5; Angle:   0.0; Position:  20,3; Key:  4; Health:  86.7; Tile: ROAD
2018-05-23 12:49:13 INFO  Car - Speed:   3.5; Angle:   0.0; Position:  20,3; Key:  4; Health:  86.7; Tile: ROAD
2018-05-23 12:49:13 INFO  Car - Speed:   3.6; Angle:   0.0; Position:  20,3; Key:  4; Health:  86.7; Tile: ROAD
2018-05-23 12:49:13 INFO  Car - Speed:   3.6; Angle:   0.0; Position:  20,3; Key:  4; Health:  86.7; Tile: ROAD
2018-05-23 12:49:13 INFO  Car - Speed:   3.6; Angle:   0.0; Position:  20,3; Key:  4; Health:  86.7; Tile: ROAD
2018-05-23 12:49:13 INFO  Car - Speed:   3.7; Angle:   0.0; Position:  20,3; Key:  4; Health:  86.7; Tile: ROAD
2018-05-23 12:49:13 INFO  Car - Speed:   3.7; Angle:   0.0; Position:  20,3; Key:  4; Health:  86.7; Tile: ROAD
2018-05-23 12:49:13 INFO  Car - Speed:   3.7; Angle:   0.0; Position:  20,3; Key:  4; Health:  86.7; Tile: ROAD
2018-05-23 12:49:13 INFO  Car - Speed:   3.8; Angle:   0.0; Position:  20,3; Key:  4; Health:  86.7; Tile: ROAD
2018-05-23 12:49:13 INFO  Car - Speed:   3.8; Angle:   0.0; Position:  20,3; Key:  4; Health:  86.7; Tile: ROAD
2018-05-23 12:49:13 INFO  Car - Speed:   3.8; Angle:   0.0; Position:  21,3; Key:  4; Health:  86.7; Tile: ROAD
2018-05-23 12:49:13 INFO  Car - Speed:   2.5; Angle:   0.0; Position:  21,3; Key:  4; Health:  86.7; Tile: ROAD
2018-05-23 12:49:13 INFO  Car - Speed:   2.5; Angle:   0.0; Position:  21,3; Key:  4; Health:  86.7; Tile: ROAD
2018-05-23 12:49:13 INFO  Car - Speed:   2.4; Angle:   0.0; Position:  21,3; Key:  4; Health:  86.7; Tile: ROAD
2018-05-23 12:49:13 INFO  Car - Speed:   2.4; Angle:   0.0; Position:  21,3; Key:  4; Health:  86.7; Tile: ROAD
2018-05-23 12:49:13 INFO  Car - Speed:   2.4; Angle:   0.0; Position:  21,3; Key:  4; Health:  86.7; Tile: ROAD
2018-05-23 12:49:13 INFO  Car - Speed:   2.3; Angle:   0.0; Position:  21,3; Key:  4; Health:  86.7; Tile: ROAD
2018-05-23 12:49:13 INFO  Car - Speed:   2.3; Angle:   0.0; Position:  21,3; Key:  4; Health:  86.7; Tile: ROAD
2018-05-23 12:49:13 INFO  Car - Speed:   2.3; Angle:   0.0; Position:  21,3; Key:  4; Health:  86.7; Tile: ROAD
2018-05-23 12:49:13 INFO  Car - Speed:   2.2; Angle:   0.0; Position:  21,3; Key:  4; Health:  86.7; Tile: ROAD
2018-05-23 12:49:13 INFO  Car - Speed:   2.2; Angle:   0.0; Position:  21,3; Key:  4; Health:  86.7; Tile: ROAD
2018-05-23 12:49:13 INFO  Car - Speed:   2.2; Angle:   0.0; Position:  21,3; Key:  4; Health:  86.7; Tile: ROAD
2018-05-23 12:49:13 INFO  Car - Speed:   2.1; Angle:   0.0; Position:  21,3; Key:  4; Health:  86.7; Tile: ROAD
2018-05-23 12:49:13 INFO  Car - Speed:   2.1; Angle:   0.0; Position:  21,3; Key:  4; Health:  86.7; Tile: ROAD
2018-05-23 12:49:13 INFO  Car - Speed:   2.1; Angle:   0.0; Position:  21,3; Key:  4; Health:  86.7; Tile: ROAD
2018-05-23 12:49:13 INFO  Car - Speed:   2.0; Angle:   0.0; Position:  21,3; Key:  4; Health:  86.7; Tile: ROAD
2018-05-23 12:49:13 INFO  Car - Speed:   2.0; Angle:   0.0; Position:  21,3; Key:  4; Health:  86.7; Tile: ROAD
2018-05-23 12:49:13 INFO  Car - Speed:   2.0; Angle:   0.0; Position:  21,3; Key:  4; Health:  86.7; Tile: ROAD
2018-05-23 12:49:13 INFO  Car - Speed:   1.9; Angle:   0.0; Position:  21,3; Key:  4; Health:  86.7; Tile: ROAD
2018-05-23 12:49:13 INFO  Car - Speed:   1.9; Angle:   0.0; Position:  21,3; Key:  4; Health:  86.7; Tile: ROAD
2018-05-23 12:49:13 INFO  Car - Speed:   1.9; Angle:   0.0; Position:  21,3; Key:  4; Health:  86.7; Tile: ROAD
2018-05-23 12:49:13 INFO  Car - Speed:   1.8; Angle:   0.0; Position:  22,3; Key:  4; Health:  86.7; Tile: ROAD
2018-05-23 12:49:13 INFO  Car - Speed:   1.8; Angle:   0.0; Position:  22,3; Key:  4; Health:  86.7; Tile: ROAD
2018-05-23 12:49:13 INFO  Car - Speed:   1.8; Angle:   0.0; Position:  22,3; Key:  4; Health:  86.7; Tile: ROAD
2018-05-23 12:49:13 INFO  Car - Speed:   1.7; Angle:   0.0; Position:  22,3; Key:  4; Health:  86.7; Tile: ROAD
2018-05-23 12:49:13 INFO  Car - Speed:   1.7; Angle:   0.0; Position:  22,3; Key:  4; Health:  86.7; Tile: ROAD
2018-05-23 12:49:13 INFO  Car - Speed:   1.7; Angle:   0.0; Position:  22,3; Key:  4; Health:  86.7; Tile: ROAD
2018-05-23 12:49:13 INFO  Car - Speed:   1.6; Angle:   0.0; Position:  22,3; Key:  4; Health:  86.7; Tile: ROAD
2018-05-23 12:49:13 INFO  Car - Speed:   1.6; Angle:   0.0; Position:  22,3; Key:  4; Health:  86.7; Tile: ROAD
2018-05-23 12:49:13 INFO  Car - Speed:   1.6; Angle:   0.0; Position:  22,3; Key:  4; Health:  86.7; Tile: ROAD
2018-05-23 12:49:14 INFO  Car - Speed:   1.5; Angle:   0.0; Position:  22,3; Key:  4; Health:  86.7; Tile: ROAD
2018-05-23 12:49:14 INFO  Car - Speed:   1.5; Angle:   0.0; Position:  22,3; Key:  4; Health:  86.7; Tile: ROAD
2018-05-23 12:49:14 INFO  Car - Speed:   1.5; Angle:   0.0; Position:  22,3; Key:  4; Health:  86.7; Tile: ROAD
2018-05-23 12:49:14 INFO  Car - Speed:   1.4; Angle:   0.0; Position:  22,3; Key:  4; Health:  86.7; Tile: ROAD
2018-05-23 12:49:14 INFO  Car - Speed:   1.4; Angle:   0.0; Position:  22,3; Key:  4; Health:  86.7; Tile: ROAD
2018-05-23 12:49:14 INFO  Car - Speed:   1.4; Angle:   0.0; Position:  22,3; Key:  4; Health:  86.7; Tile: ROAD
2018-05-23 12:49:14 INFO  Car - Speed:   1.3; Angle:   0.0; Position:  22,3; Key:  4; Health:  86.7; Tile: ROAD
2018-05-23 12:49:14 INFO  Car - Speed:   1.3; Angle:   0.0; Position:  22,3; Key:  4; Health:  86.7; Tile: ROAD
2018-05-23 12:49:14 INFO  Car - Speed:   1.3; Angle:   0.0; Position:  22,3; Key:  4; Health:  86.7; Tile: ROAD
2018-05-23 12:49:14 INFO  Car - Speed:   1.2; Angle:   0.0; Position:  22,3; Key:  4; Health:  86.7; Tile: ROAD
2018-05-23 12:49:14 INFO  Car - Speed:   1.2; Angle:   0.0; Position:  22,3; Key:  4; Health:  86.7; Tile: ROAD
2018-05-23 12:49:14 INFO  Car - Speed:   1.2; Angle:   0.0; Position:  22,3; Key:  4; Health:  86.7; Tile: ROAD
2018-05-23 12:49:14 INFO  Car - Speed:   1.2; Angle:   0.0; Position:  22,3; Key:  4; Health:  86.7; Tile: ROAD
2018-05-23 12:49:14 INFO  Car - Speed:   1.2; Angle:   0.0; Position:  22,3; Key:  4; Health:  86.7; Tile: ROAD
2018-05-23 12:49:14 INFO  Car - Speed:   1.2; Angle:   0.0; Position:  22,3; Key:  4; Health:  86.7; Tile: ROAD
2018-05-23 12:49:14 INFO  Car - Speed:   1.2; Angle:   0.0; Position:  22,3; Key:  4; Health:  86.7; Tile: ROAD
2018-05-23 12:49:14 INFO  Car - Speed:   1.2; Angle:   0.0; Position:  22,3; Key:  4; Health:  86.7; Tile: ROAD
2018-05-23 12:49:14 INFO  Car - Speed:   1.2; Angle:   0.0; Position:  22,3; Key:  4; Health:  86.7; Tile: ROAD
2018-05-23 12:49:14 INFO  Car - Speed:   1.2; Angle:   0.0; Position:  22,3; Key:  4; Health:  86.7; Tile: ROAD
2018-05-23 12:49:14 INFO  Car - Speed:   1.2; Angle:   0.0; Position:  22,3; Key:  4; Health:  86.7; Tile: ROAD
2018-05-23 12:49:14 INFO  Car - Speed:   1.2; Angle:   0.0; Position:  22,3; Key:  4; Health:  86.7; Tile: ROAD
2018-05-23 12:49:14 INFO  Car - Speed:   1.2; Angle:   0.0; Position:  22,3; Key:  4; Health:  86.7; Tile: ROAD
2018-05-23 12:49:14 INFO  Car - Speed:   1.2; Angle:   0.0; Position:  22,3; Key:  4; Health:  86.7; Tile: ROAD
2018-05-23 12:49:14 INFO  Car - Speed:   1.2; Angle:   0.0; Position:  23,3; Key:  4; Health:  86.7; Tile: ROAD
2018-05-23 12:49:14 INFO  Car - Speed:   1.2; Angle: 356.7; Position:  23,3; Key:  4; Health:  86.7; Tile: ROAD
2018-05-23 12:49:14 INFO  Car - Speed:   1.2; Angle: 353.3; Position:  23,3; Key:  4; Health:  86.7; Tile: ROAD
2018-05-23 12:49:14 INFO  Car - Speed:   1.2; Angle: 350.0; Position:  23,3; Key:  4; Health:  86.7; Tile: ROAD
2018-05-23 12:49:14 INFO  Car - Speed:   1.2; Angle: 346.7; Position:  23,3; Key:  4; Health:  86.7; Tile: ROAD
2018-05-23 12:49:14 INFO  Car - Speed:   1.2; Angle: 343.3; Position:  23,3; Key:  4; Health:  86.7; Tile: ROAD
2018-05-23 12:49:14 INFO  Car - Speed:   1.2; Angle: 340.0; Position:  23,3; Key:  4; Health:  86.7; Tile: ROAD
2018-05-23 12:49:14 INFO  Car - Speed:   1.2; Angle: 336.7; Position:  23,3; Key:  4; Health:  86.7; Tile: ROAD
2018-05-23 12:49:14 INFO  Car - Speed:   1.2; Angle: 333.3; Position:  23,3; Key:  4; Health:  86.7; Tile: ROAD
2018-05-23 12:49:14 INFO  Car - Speed:   1.2; Angle: 330.0; Position:  23,3; Key:  4; Health:  86.7; Tile: ROAD
2018-05-23 12:49:14 INFO  Car - Speed:   1.2; Angle: 326.7; Position:  23,3; Key:  4; Health:  86.7; Tile: ROAD
2018-05-23 12:49:14 INFO  Car - Speed:   1.2; Angle: 323.3; Position:  23,3; Key:  4; Health:  86.7; Tile: ROAD
2018-05-23 12:49:14 INFO  Car - Speed:   1.2; Angle: 320.0; Position:  23,3; Key:  4; Health:  86.7; Tile: ROAD
2018-05-23 12:49:14 INFO  Car - Speed:   1.2; Angle: 316.7; Position:  23,3; Key:  4; Health:  86.7; Tile: ROAD
2018-05-23 12:49:14 INFO  Car - Speed:   1.2; Angle: 313.3; Position:  23,3; Key:  4; Health:  86.7; Tile: ROAD
2018-05-23 12:49:14 INFO  Car - Speed:   1.2; Angle: 310.0; Position:  23,3; Key:  4; Health:  86.7; Tile: ROAD
2018-05-23 12:49:14 INFO  Car - Speed:   1.2; Angle: 306.7; Position:  23,3; Key:  4; Health:  86.7; Tile: ROAD
2018-05-23 12:49:14 INFO  Car - Speed:   1.2; Angle: 303.3; Position:  23,3; Key:  4; Health:  86.7; Tile: ROAD
2018-05-23 12:49:14 INFO  Car - Speed:   1.2; Angle: 300.0; Position:  23,3; Key:  4; Health:  86.7; Tile: ROAD
2018-05-23 12:49:14 INFO  Car - Speed:   1.2; Angle: 296.7; Position:  23,3; Key:  4; Health:  86.7; Tile: ROAD
2018-05-23 12:49:14 INFO  Car - Speed:   1.2; Angle: 293.3; Position:  23,3; Key:  4; Health:  86.7; Tile: ROAD
2018-05-23 12:49:14 INFO  Car - Speed:   1.2; Angle: 290.0; Position:  23,3; Key:  4; Health:  86.7; Tile: ROAD
2018-05-23 12:49:14 INFO  Car - Speed:   1.2; Angle: 286.7; Position:  23,3; Key:  4; Health:  86.7; Tile: ROAD
2018-05-23 12:49:15 INFO  Car - Speed:   1.2; Angle: 283.3; Position:  23,3; Key:  4; Health:  86.7; Tile: ROAD
2018-05-23 12:49:15 INFO  Car - Speed:   1.2; Angle: 280.0; Position:  23,3; Key:  4; Health:  86.7; Tile: ROAD
2018-05-23 12:49:15 INFO  Car - Speed:   1.2; Angle: 276.7; Position:  23,3; Key:  4; Health:  86.7; Tile: ROAD
2018-05-23 12:49:15 INFO  Car - Speed:   1.2; Angle: 273.3; Position:  23,3; Key:  4; Health:  86.7; Tile: ROAD
2018-05-23 12:49:15 INFO  Car - Speed:   1.2; Angle: 270.0; Position:  23,3; Key:  4; Health:  86.7; Tile: ROAD
2018-05-23 12:49:15 INFO  Car - Speed:   1.2; Angle: 270.0; Position:  23,3; Key:  4; Health:  86.7; Tile: ROAD
2018-05-23 12:49:15 INFO  Car - Speed:   1.2; Angle: 270.0; Position:  23,2; Key:  4; Health:  86.7; Tile: ROAD
2018-05-23 12:49:15 INFO  Car - Speed:   1.2; Angle: 266.7; Position:  23,2; Key:  4; Health:  86.7; Tile: ROAD
2018-05-23 12:49:15 INFO  Car - Speed:   1.2; Angle: 263.3; Position:  23,2; Key:  4; Health:  86.7; Tile: ROAD
2018-05-23 12:49:15 INFO  Car - Speed:   1.2; Angle: 260.0; Position:  23,2; Key:  4; Health:  86.7; Tile: ROAD
2018-05-23 12:49:15 INFO  Car - Speed:   1.2; Angle: 256.7; Position:  23,2; Key:  4; Health:  86.7; Tile: ROAD
2018-05-23 12:49:15 INFO  Car - Speed:   1.2; Angle: 253.3; Position:  23,2; Key:  4; Health:  86.7; Tile: ROAD
2018-05-23 12:49:15 INFO  Car - Speed:   1.2; Angle: 250.0; Position:  23,2; Key:  4; Health:  86.7; Tile: ROAD
2018-05-23 12:49:15 INFO  Car - Speed:   1.2; Angle: 246.7; Position:  23,2; Key:  4; Health:  86.7; Tile: ROAD
2018-05-23 12:49:15 INFO  Car - Speed:   1.2; Angle: 243.3; Position:  23,2; Key:  4; Health:  86.7; Tile: ROAD
2018-05-23 12:49:15 INFO  Car - Speed:   1.2; Angle: 240.0; Position:  23,2; Key:  4; Health:  86.7; Tile: ROAD
2018-05-23 12:49:15 INFO  Car - Speed:   1.2; Angle: 236.7; Position:  23,2; Key:  4; Health:  86.7; Tile: ROAD
2018-05-23 12:49:15 INFO  Car - Speed:   1.2; Angle: 233.3; Position:  23,2; Key:  4; Health:  86.7; Tile: ROAD
2018-05-23 12:49:15 INFO  Car - Speed:   1.2; Angle: 230.0; Position:  23,2; Key:  4; Health:  86.7; Tile: ROAD
2018-05-23 12:49:15 INFO  Car - Speed:   1.2; Angle: 226.7; Position:  23,2; Key:  4; Health:  86.7; Tile: ROAD
2018-05-23 12:49:15 INFO  Car - Speed:   1.2; Angle: 223.3; Position:  23,2; Key:  4; Health:  86.7; Tile: ROAD
2018-05-23 12:49:15 INFO  Car - Speed:   1.2; Angle: 220.0; Position:  23,2; Key:  4; Health:  86.7; Tile: ROAD
2018-05-23 12:49:15 INFO  Car - Speed:   1.2; Angle: 216.7; Position:  23,2; Key:  4; Health:  86.7; Tile: ROAD
2018-05-23 12:49:15 INFO  Car - Speed:   1.2; Angle: 213.3; Position:  23,2; Key:  4; Health:  86.7; Tile: ROAD
2018-05-23 12:49:15 INFO  Car - Speed:   1.2; Angle: 210.0; Position:  23,2; Key:  4; Health:  86.7; Tile: ROAD
2018-05-23 12:49:15 INFO  Car - Speed:   1.2; Angle: 206.7; Position:  23,2; Key:  4; Health:  86.7; Tile: ROAD
2018-05-23 12:49:15 INFO  Car - Speed:   1.2; Angle: 203.3; Position:  23,2; Key:  4; Health:  86.7; Tile: ROAD
2018-05-23 12:49:15 INFO  Car - Speed:   1.2; Angle: 200.0; Position:  23,2; Key:  4; Health:  86.7; Tile: ROAD
2018-05-23 12:49:15 INFO  Car - Speed:   1.2; Angle: 196.7; Position:  23,2; Key:  4; Health:  86.7; Tile: ROAD
2018-05-23 12:49:15 INFO  Car - Speed:   1.2; Angle: 193.3; Position:  23,2; Key:  4; Health:  86.7; Tile: ROAD
2018-05-23 12:49:15 INFO  Car - Speed:   1.2; Angle: 190.0; Position:  23,2; Key:  4; Health:  86.7; Tile: ROAD
2018-05-23 12:49:15 INFO  Car - Speed:   1.2; Angle: 186.7; Position:  23,2; Key:  4; Health:  86.7; Tile: ROAD
2018-05-23 12:49:15 INFO  Car - Speed:   1.2; Angle: 183.3; Position:  23,2; Key:  4; Health:  86.7; Tile: ROAD
2018-05-23 12:49:15 INFO  Car - Speed:   1.2; Angle: 180.0; Position:  22,2; Key:  4; Health:  86.7; Tile: ROAD
2018-05-23 12:49:15 INFO  Car - Speed:   1.2; Angle: 180.0; Position:  22,2; Key:  4; Health:  86.7; Tile: ROAD
2018-05-23 12:49:15 INFO  Car - Speed:   1.2; Angle: 180.0; Position:  22,2; Key:  4; Health:  86.7; Tile: ROAD
2018-05-23 12:49:15 INFO  Car - Speed:   1.3; Angle: 180.0; Position:  22,2; Key:  4; Health:  86.7; Tile: ROAD
2018-05-23 12:49:15 INFO  Car - Speed:   1.3; Angle: 180.0; Position:  22,2; Key:  4; Health:  86.7; Tile: ROAD
2018-05-23 12:49:15 INFO  Car - Speed:   1.3; Angle: 180.0; Position:  22,2; Key:  4; Health:  86.7; Tile: ROAD
2018-05-23 12:49:15 INFO  Car - Speed:   1.4; Angle: 180.0; Position:  22,2; Key:  4; Health:  86.7; Tile: ROAD
2018-05-23 12:49:15 INFO  Car - Speed:   1.4; Angle: 180.0; Position:  22,2; Key:  4; Health:  86.7; Tile: ROAD
2018-05-23 12:49:15 INFO  Car - Speed:   1.4; Angle: 180.0; Position:  22,2; Key:  4; Health:  86.7; Tile: ROAD
2018-05-23 12:49:15 INFO  Car - Speed:   1.5; Angle: 180.0; Position:  22,2; Key:  4; Health:  86.7; Tile: ROAD
2018-05-23 12:49:15 INFO  Car - Speed:   1.5; Angle: 180.0; Position:  22,2; Key:  4; Health:  86.7; Tile: ROAD
2018-05-23 12:49:16 INFO  Car - Speed:   1.5; Angle: 180.0; Position:  22,2; Key:  4; Health:  86.7; Tile: ROAD
2018-05-23 12:49:16 INFO  Car - Speed:   1.6; Angle: 180.0; Position:  22,2; Key:  4; Health:  86.7; Tile: ROAD
2018-05-23 12:49:16 INFO  Car - Speed:   1.6; Angle: 180.0; Position:  22,2; Key:  4; Health:  86.7; Tile: ROAD
2018-05-23 12:49:16 INFO  Car - Speed:   1.6; Angle: 180.0; Position:  22,2; Key:  4; Health:  86.7; Tile: ROAD
2018-05-23 12:49:16 INFO  Car - Speed:   1.7; Angle: 180.0; Position:  22,2; Key:  4; Health:  86.7; Tile: ROAD
2018-05-23 12:49:16 INFO  Car - Speed:   1.7; Angle: 180.0; Position:  22,2; Key:  4; Health:  86.7; Tile: ROAD
2018-05-23 12:49:16 INFO  Car - Speed:   1.7; Angle: 180.0; Position:  22,2; Key:  4; Health:  86.7; Tile: ROAD
2018-05-23 12:49:16 INFO  Car - Speed:   1.8; Angle: 180.0; Position:  22,2; Key:  4; Health:  86.7; Tile: ROAD
2018-05-23 12:49:16 INFO  Car - Speed:   1.8; Angle: 180.0; Position:  22,2; Key:  4; Health:  86.7; Tile: ROAD
2018-05-23 12:49:16 INFO  Car - Speed:   1.8; Angle: 180.0; Position:  22,2; Key:  4; Health:  86.7; Tile: ROAD
2018-05-23 12:49:16 INFO  Car - Speed:   1.9; Angle: 180.0; Position:  22,2; Key:  4; Health:  86.7; Tile: ROAD
2018-05-23 12:49:16 INFO  Car - Speed:   1.9; Angle: 180.0; Position:  22,2; Key:  4; Health:  86.7; Tile: ROAD
2018-05-23 12:49:16 INFO  Car - Speed:   1.9; Angle: 180.0; Position:  22,2; Key:  4; Health:  86.7; Tile: ROAD
2018-05-23 12:49:16 INFO  Car - Speed:   2.0; Angle: 180.0; Position:  22,2; Key:  4; Health:  86.7; Tile: ROAD
2018-05-23 12:49:16 INFO  Car - Speed:   2.0; Angle: 180.0; Position:  22,2; Key:  4; Health:  86.7; Tile: ROAD
2018-05-23 12:49:16 INFO  Car - Speed:   2.0; Angle: 180.0; Position:  22,2; Key:  4; Health:  86.7; Tile: ROAD
2018-05-23 12:49:16 INFO  Car - Speed:   2.1; Angle: 180.0; Position:  22,2; Key:  4; Health:  86.7; Tile: ROAD
2018-05-23 12:49:16 INFO  Car - Speed:   2.1; Angle: 180.0; Position:  21,2; Key:  4; Health:  86.7; Tile: ROAD
2018-05-23 12:49:16 INFO  Car - Speed:   2.1; Angle: 180.0; Position:  21,2; Key:  4; Health:  86.7; Tile: ROAD
2018-05-23 12:49:16 INFO  Car - Speed:   2.2; Angle: 180.0; Position:  21,2; Key:  4; Health:  86.7; Tile: ROAD
2018-05-23 12:49:16 INFO  Car - Speed:   2.2; Angle: 180.0; Position:  21,2; Key:  4; Health:  86.7; Tile: ROAD
2018-05-23 12:49:16 INFO  Car - Speed:   2.2; Angle: 180.0; Position:  21,2; Key:  4; Health:  86.7; Tile: ROAD
2018-05-23 12:49:16 INFO  Car - Speed:   2.3; Angle: 180.0; Position:  21,2; Key:  4; Health:  86.7; Tile: ROAD
2018-05-23 12:49:16 INFO  Car - Speed:   2.3; Angle: 180.0; Position:  21,2; Key:  4; Health:  86.7; Tile: ROAD
2018-05-23 12:49:16 INFO  Car - Speed:   2.3; Angle: 180.0; Position:  21,2; Key:  4; Health:  86.7; Tile: ROAD
2018-05-23 12:49:16 INFO  Car - Speed:   2.4; Angle: 180.0; Position:  21,2; Key:  4; Health:  86.7; Tile: ROAD
2018-05-23 12:49:16 INFO  Car - Speed:   2.4; Angle: 180.0; Position:  21,2; Key:  4; Health:  86.7; Tile: ROAD
2018-05-23 12:49:16 INFO  Car - Speed:   2.4; Angle: 180.0; Position:  21,2; Key:  4; Health:  86.7; Tile: ROAD
2018-05-23 12:49:16 INFO  Car - Speed:   2.5; Angle: 180.0; Position:  21,2; Key:  4; Health:  86.7; Tile: ROAD
2018-05-23 12:49:16 INFO  Car - Speed:   2.5; Angle: 180.0; Position:  21,2; Key:  4; Health:  86.7; Tile: ROAD
2018-05-23 12:49:16 INFO  Car - Speed:   2.5; Angle: 180.0; Position:  21,2; Key:  4; Health:  86.7; Tile: ROAD
2018-05-23 12:49:16 INFO  Car - Speed:   2.6; Angle: 180.0; Position:  21,2; Key:  4; Health:  86.7; Tile: ROAD
2018-05-23 12:49:16 INFO  Car - Speed:   2.6; Angle: 180.0; Position:  21,2; Key:  4; Health:  86.7; Tile: ROAD
2018-05-23 12:49:16 INFO  Car - Speed:   2.6; Angle: 180.0; Position:  21,2; Key:  4; Health:  86.7; Tile: ROAD
2018-05-23 12:49:16 INFO  Car - Speed:   2.7; Angle: 180.0; Position:  21,2; Key:  4; Health:  86.7; Tile: ROAD
2018-05-23 12:49:16 INFO  Car - Speed:   2.7; Angle: 180.0; Position:  20,2; Key:  4; Health:  86.7; Tile: ROAD
2018-05-23 12:49:16 INFO  Car - Speed:   2.7; Angle: 180.0; Position:  20,2; Key:  4; Health:  86.7; Tile: ROAD
2018-05-23 12:49:16 INFO  Car - Speed:   2.8; Angle: 180.0; Position:  20,2; Key:  4; Health:  86.7; Tile: ROAD
2018-05-23 12:49:16 INFO  Car - Speed:   2.8; Angle: 180.0; Position:  20,2; Key:  4; Health:  86.7; Tile: ROAD
2018-05-23 12:49:16 INFO  Car - Speed:   2.8; Angle: 180.0; Position:  20,2; Key:  4; Health:  86.7; Tile: ROAD
2018-05-23 12:49:16 INFO  Car - Speed:   2.9; Angle: 180.0; Position:  20,2; Key:  4; Health:  86.7; Tile: ROAD
2018-05-23 12:49:16 INFO  Car - Speed:   2.9; Angle: 180.0; Position:  20,2; Key:  4; Health:  86.7; Tile: ROAD
2018-05-23 12:49:16 INFO  Car - Speed:   2.9; Angle: 180.0; Position:  20,2; Key:  4; Health:  86.7; Tile: ROAD
2018-05-23 12:49:16 INFO  Car - Speed:   3.0; Angle: 180.0; Position:  20,2; Key:  4; Health:  86.7; Tile: ROAD
2018-05-23 12:49:16 INFO  Car - Speed:   3.0; Angle: 180.0; Position:  20,2; Key:  4; Health:  86.7; Tile: ROAD
2018-05-23 12:49:17 INFO  Car - Speed:   3.0; Angle: 180.0; Position:  20,2; Key:  4; Health:  86.7; Tile: ROAD
2018-05-23 12:49:17 INFO  Car - Speed:   3.1; Angle: 180.0; Position:  20,2; Key:  4; Health:  86.7; Tile: ROAD
2018-05-23 12:49:17 INFO  Car - Speed:   3.1; Angle: 180.0; Position:  20,2; Key:  4; Health:  86.7; Tile: ROAD
2018-05-23 12:49:17 INFO  Car - Speed:   3.1; Angle: 180.0; Position:  20,2; Key:  4; Health:  86.7; Tile: ROAD
2018-05-23 12:49:17 INFO  Car - Speed:   3.2; Angle: 180.0; Position:  20,2; Key:  4; Health:  86.7; Tile: ROAD
2018-05-23 12:49:17 INFO  Car - Speed:   3.2; Angle: 180.0; Position:  20,2; Key:  4; Health:  86.7; Tile: ROAD
2018-05-23 12:49:17 INFO  Car - Speed:   3.2; Angle: 180.0; Position:  19,2; Key:  4; Health:  86.7; Tile: TRAP(lava)
2018-05-23 12:49:17 INFO  Car - Speed:   3.3; Angle: 180.0; Position:  19,2; Key:  3; Health:  86.2; Tile: TRAP(lava)
2018-05-23 12:49:17 INFO  Car - Speed:   3.3; Angle: 180.0; Position:  19,2; Key:  3; Health:  85.8; Tile: TRAP(lava)
2018-05-23 12:49:17 INFO  Car - Speed:   3.3; Angle: 180.0; Position:  19,2; Key:  3; Health:  85.3; Tile: TRAP(lava)
2018-05-23 12:49:17 INFO  Car - Speed:   3.4; Angle: 180.0; Position:  19,2; Key:  3; Health:  84.9; Tile: TRAP(lava)
2018-05-23 12:49:17 INFO  Car - Speed:   3.4; Angle: 180.0; Position:  19,2; Key:  3; Health:  84.4; Tile: TRAP(lava)
2018-05-23 12:49:17 INFO  Car - Speed:   3.4; Angle: 180.0; Position:  19,2; Key:  3; Health:  84.0; Tile: TRAP(lava)
2018-05-23 12:49:17 INFO  Car - Speed:   3.5; Angle: 180.0; Position:  19,2; Key:  3; Health:  83.6; Tile: TRAP(lava)
2018-05-23 12:49:17 INFO  Car - Speed:   3.5; Angle: 180.0; Position:  19,2; Key:  3; Health:  83.1; Tile: TRAP(lava)
2018-05-23 12:49:17 INFO  Car - Speed:   3.5; Angle: 180.0; Position:  19,2; Key:  3; Health:  82.7; Tile: TRAP(lava)
2018-05-23 12:49:17 INFO  Car - Speed:   3.6; Angle: 180.0; Position:  19,2; Key:  3; Health:  82.2; Tile: TRAP(lava)
2018-05-23 12:49:17 INFO  Car - Speed:   3.6; Angle: 180.0; Position:  19,2; Key:  3; Health:  81.8; Tile: TRAP(lava)
2018-05-23 12:49:17 INFO  Car - Speed:   3.6; Angle: 180.0; Position:  19,2; Key:  3; Health:  81.3; Tile: TRAP(lava)
2018-05-23 12:49:17 INFO  Car - Speed:   3.7; Angle: 180.0; Position:  18,2; Key:  3; Health:  80.9; Tile: TRAP(lava)
2018-05-23 12:49:17 INFO  Car - Speed:   3.7; Angle: 180.0; Position:  18,2; Key:  3; Health:  80.4; Tile: TRAP(lava)
2018-05-23 12:49:17 INFO  Car - Speed:   3.7; Angle: 180.0; Position:  18,2; Key:  3; Health:  80.0; Tile: TRAP(lava)
2018-05-23 12:49:17 INFO  Car - Speed:   3.8; Angle: 180.0; Position:  18,2; Key:  3; Health:  79.6; Tile: TRAP(lava)
2018-05-23 12:49:17 INFO  Car - Speed:   3.8; Angle: 180.0; Position:  18,2; Key:  3; Health:  79.1; Tile: TRAP(lava)
2018-05-23 12:49:17 INFO  Car - Speed:   3.8; Angle: 180.0; Position:  18,2; Key:  3; Health:  78.7; Tile: TRAP(lava)
2018-05-23 12:49:17 INFO  Car - Speed:   3.9; Angle: 180.0; Position:  18,2; Key:  3; Health:  78.2; Tile: TRAP(lava)
2018-05-23 12:49:17 INFO  Car - Speed:   3.9; Angle: 180.0; Position:  18,2; Key:  3; Health:  77.8; Tile: TRAP(lava)
2018-05-23 12:49:17 INFO  Car - Speed:   3.9; Angle: 180.0; Position:  18,2; Key:  3; Health:  77.3; Tile: TRAP(lava)
2018-05-23 12:49:17 INFO  Car - Speed:   4.0; Angle: 180.0; Position:  18,2; Key:  3; Health:  76.9; Tile: TRAP(lava)
2018-05-23 12:49:17 INFO  Car - Speed:   4.0; Angle: 180.0; Position:  18,2; Key:  3; Health:  76.4; Tile: TRAP(lava)
2018-05-23 12:49:17 INFO  Car - Speed:   4.0; Angle: 180.0; Position:  17,2; Key:  3; Health:  76.0; Tile: ROAD
2018-05-23 12:49:17 INFO  Car - Speed:   2.5; Angle: 180.0; Position:  17,2; Key:  3; Health:  76.0; Tile: ROAD
2018-05-23 12:49:17 INFO  Car - Speed:   2.5; Angle: 180.0; Position:  17,2; Key:  3; Health:  76.0; Tile: ROAD
2018-05-23 12:49:17 INFO  Car - Speed:   2.6; Angle: 180.0; Position:  17,2; Key:  3; Health:  76.0; Tile: ROAD
2018-05-23 12:49:17 INFO  Car - Speed:   2.6; Angle: 180.0; Position:  17,2; Key:  3; Health:  76.0; Tile: ROAD
2018-05-23 12:49:17 INFO  Car - Speed:   2.6; Angle: 180.0; Position:  17,2; Key:  3; Health:  76.0; Tile: ROAD
2018-05-23 12:49:17 INFO  Car - Speed:   2.7; Angle: 180.0; Position:  17,2; Key:  3; Health:  76.0; Tile: ROAD
2018-05-23 12:49:17 INFO  Car - Speed:   2.7; Angle: 180.0; Position:  17,2; Key:  3; Health:  76.0; Tile: ROAD
2018-05-23 12:49:17 INFO  Car - Speed:   2.7; Angle: 180.0; Position:  17,2; Key:  3; Health:  76.0; Tile: ROAD
2018-05-23 12:49:17 INFO  Car - Speed:   2.8; Angle: 180.0; Position:  17,2; Key:  3; Health:  76.0; Tile: ROAD
2018-05-23 12:49:17 INFO  Car - Speed:   2.8; Angle: 180.0; Position:  17,2; Key:  3; Health:  76.0; Tile: ROAD
2018-05-23 12:49:17 INFO  Car - Speed:   2.8; Angle: 180.0; Position:  17,2; Key:  3; Health:  76.0; Tile: ROAD
2018-05-23 12:49:17 INFO  Car - Speed:   2.9; Angle: 180.0; Position:  17,2; Key:  3; Health:  76.0; Tile: ROAD
2018-05-23 12:49:17 INFO  Car - Speed:   2.9; Angle: 180.0; Position:  17,2; Key:  3; Health:  76.0; Tile: ROAD
2018-05-23 12:49:17 INFO  Car - Speed:   2.9; Angle: 180.0; Position:  17,2; Key:  3; Health:  76.0; Tile: ROAD
2018-05-23 12:49:18 INFO  Car - Speed:   3.0; Angle: 180.0; Position:  17,2; Key:  3; Health:  76.0; Tile: ROAD
2018-05-23 12:49:18 INFO  Car - Speed:   3.0; Angle: 180.0; Position:  17,2; Key:  3; Health:  76.0; Tile: ROAD
2018-05-23 12:49:18 INFO  Car - Speed:   3.0; Angle: 180.0; Position:  16,2; Key:  3; Health:  76.0; Tile: ROAD
2018-05-23 12:49:18 INFO  Car - Speed:   3.1; Angle: 180.0; Position:  16,2; Key:  3; Health:  76.0; Tile: ROAD
2018-05-23 12:49:18 INFO  Car - Speed:   3.1; Angle: 180.0; Position:  16,2; Key:  3; Health:  76.0; Tile: ROAD
2018-05-23 12:49:18 INFO  Car - Speed:   3.1; Angle: 180.0; Position:  16,2; Key:  3; Health:  76.0; Tile: ROAD
2018-05-23 12:49:18 INFO  Car - Speed:   3.2; Angle: 180.0; Position:  16,2; Key:  3; Health:  76.0; Tile: ROAD
2018-05-23 12:49:18 INFO  Car - Speed:   3.2; Angle: 180.0; Position:  16,2; Key:  3; Health:  76.0; Tile: ROAD
2018-05-23 12:49:18 INFO  Car - Speed:   3.2; Angle: 180.0; Position:  16,2; Key:  3; Health:  76.0; Tile: ROAD
2018-05-23 12:49:18 INFO  Car - Speed:   3.3; Angle: 180.0; Position:  16,2; Key:  3; Health:  76.0; Tile: ROAD
2018-05-23 12:49:18 INFO  Car - Speed:   3.3; Angle: 180.0; Position:  16,2; Key:  3; Health:  76.0; Tile: ROAD
2018-05-23 12:49:18 INFO  Car - Speed:   3.3; Angle: 180.0; Position:  16,2; Key:  3; Health:  76.0; Tile: ROAD
2018-05-23 12:49:18 INFO  Car - Speed:   3.4; Angle: 180.0; Position:  16,2; Key:  3; Health:  76.0; Tile: ROAD
2018-05-23 12:49:18 INFO  Car - Speed:   3.4; Angle: 180.0; Position:  16,2; Key:  3; Health:  76.0; Tile: ROAD
2018-05-23 12:49:18 INFO  Car - Speed:   3.4; Angle: 180.0; Position:  16,2; Key:  3; Health:  76.0; Tile: ROAD
2018-05-23 12:49:18 INFO  Car - Speed:   3.5; Angle: 180.0; Position:  15,2; Key:  3; Health:  76.0; Tile: ROAD
2018-05-23 12:49:18 INFO  Car - Speed:   3.5; Angle: 180.0; Position:  15,2; Key:  3; Health:  76.0; Tile: ROAD
2018-05-23 12:49:18 INFO  Car - Speed:   3.5; Angle: 180.0; Position:  15,2; Key:  3; Health:  76.0; Tile: ROAD
2018-05-23 12:49:18 INFO  Car - Speed:   3.6; Angle: 180.0; Position:  15,2; Key:  3; Health:  76.0; Tile: ROAD
2018-05-23 12:49:18 INFO  Car - Speed:   3.6; Angle: 180.0; Position:  15,2; Key:  3; Health:  76.0; Tile: ROAD
2018-05-23 12:49:18 INFO  Car - Speed:   3.6; Angle: 180.0; Position:  15,2; Key:  3; Health:  76.0; Tile: ROAD
2018-05-23 12:49:18 INFO  Car - Speed:   3.7; Angle: 180.0; Position:  15,2; Key:  3; Health:  76.0; Tile: ROAD
2018-05-23 12:49:18 INFO  Car - Speed:   3.7; Angle: 180.0; Position:  15,2; Key:  3; Health:  76.0; Tile: ROAD
2018-05-23 12:49:18 INFO  Car - Speed:   3.7; Angle: 180.0; Position:  15,2; Key:  3; Health:  76.0; Tile: ROAD
2018-05-23 12:49:18 INFO  Car - Speed:   3.8; Angle: 180.0; Position:  15,2; Key:  3; Health:  76.0; Tile: ROAD
2018-05-23 12:49:18 INFO  Car - Speed:   3.8; Angle: 180.0; Position:  15,2; Key:  3; Health:  76.0; Tile: ROAD
2018-05-23 12:49:18 INFO  Car - Speed:   3.8; Angle: 180.0; Position:  15,2; Key:  3; Health:  76.0; Tile: ROAD
2018-05-23 12:49:18 INFO  Car - Speed:   3.9; Angle: 180.0; Position:  15,2; Key:  3; Health:  76.0; Tile: ROAD
2018-05-23 12:49:18 INFO  Car - Speed:   3.9; Angle: 180.0; Position:  14,2; Key:  3; Health:  76.0; Tile: ROAD
2018-05-23 12:49:18 INFO  Car - Speed:   3.9; Angle: 180.0; Position:  14,2; Key:  3; Health:  76.0; Tile: ROAD
2018-05-23 12:49:18 INFO  Car - Speed:   4.0; Angle: 180.0; Position:  14,2; Key:  3; Health:  76.0; Tile: ROAD
2018-05-23 12:49:18 INFO  Car - Speed:   4.0; Angle: 180.0; Position:  14,2; Key:  3; Health:  76.0; Tile: ROAD
2018-05-23 12:49:18 INFO  Car - Speed:   4.0; Angle: 180.0; Position:  14,2; Key:  3; Health:  76.0; Tile: ROAD
2018-05-23 12:49:18 INFO  Car - Speed:   2.5; Angle: 180.0; Position:  14,2; Key:  3; Health:  76.0; Tile: ROAD
2018-05-23 12:49:18 INFO  Car - Speed:   2.5; Angle: 180.0; Position:  14,2; Key:  3; Health:  76.0; Tile: ROAD
2018-05-23 12:49:18 INFO  Car - Speed:   2.6; Angle: 180.0; Position:  14,2; Key:  3; Health:  76.0; Tile: ROAD
2018-05-23 12:49:18 INFO  Car - Speed:   2.6; Angle: 180.0; Position:  14,2; Key:  3; Health:  76.0; Tile: ROAD
2018-05-23 12:49:18 INFO  Car - Speed:   2.6; Angle: 180.0; Position:  14,2; Key:  3; Health:  76.0; Tile: ROAD
2018-05-23 12:49:18 INFO  Car - Speed:   2.7; Angle: 180.0; Position:  14,2; Key:  3; Health:  76.0; Tile: ROAD
2018-05-23 12:49:18 INFO  Car - Speed:   2.7; Angle: 180.0; Position:  14,2; Key:  3; Health:  76.0; Tile: ROAD
2018-05-23 12:49:18 INFO  Car - Speed:   2.7; Angle: 180.0; Position:  14,2; Key:  3; Health:  76.0; Tile: ROAD
2018-05-23 12:49:18 INFO  Car - Speed:   2.8; Angle: 180.0; Position:  14,2; Key:  3; Health:  76.0; Tile: ROAD
2018-05-23 12:49:18 INFO  Car - Speed:   2.8; Angle: 180.0; Position:  13,2; Key:  3; Health:  76.0; Tile: ROAD
2018-05-23 12:49:18 INFO  Car - Speed:   2.8; Angle: 180.0; Position:  13,2; Key:  3; Health:  76.0; Tile: ROAD
2018-05-23 12:49:18 INFO  Car - Speed:   2.9; Angle: 180.0; Position:  13,2; Key:  3; Health:  76.0; Tile: ROAD
2018-05-23 12:49:19 INFO  Car - Speed:   2.9; Angle: 180.0; Position:  13,2; Key:  3; Health:  76.0; Tile: ROAD
2018-05-23 12:49:19 INFO  Car - Speed:   2.9; Angle: 180.0; Position:  13,2; Key:  3; Health:  76.0; Tile: ROAD
2018-05-23 12:49:19 INFO  Car - Speed:   3.0; Angle: 180.0; Position:  13,2; Key:  3; Health:  76.0; Tile: ROAD
2018-05-23 12:49:19 INFO  Car - Speed:   3.0; Angle: 180.0; Position:  13,2; Key:  3; Health:  76.0; Tile: ROAD
2018-05-23 12:49:19 INFO  Car - Speed:   3.0; Angle: 180.0; Position:  13,2; Key:  3; Health:  76.0; Tile: ROAD
2018-05-23 12:49:19 INFO  Car - Speed:   3.1; Angle: 180.0; Position:  13,2; Key:  3; Health:  76.0; Tile: ROAD
2018-05-23 12:49:19 INFO  Car - Speed:   3.1; Angle: 180.0; Position:  13,2; Key:  3; Health:  76.0; Tile: ROAD
2018-05-23 12:49:19 INFO  Car - Speed:   3.1; Angle: 180.0; Position:  13,2; Key:  3; Health:  76.0; Tile: ROAD
2018-05-23 12:49:19 INFO  Car - Speed:   3.2; Angle: 180.0; Position:  13,2; Key:  3; Health:  76.0; Tile: ROAD
2018-05-23 12:49:19 INFO  Car - Speed:   3.2; Angle: 180.0; Position:  13,2; Key:  3; Health:  76.0; Tile: ROAD
2018-05-23 12:49:19 INFO  Car - Speed:   3.2; Angle: 180.0; Position:  13,2; Key:  3; Health:  76.0; Tile: ROAD
2018-05-23 12:49:19 INFO  Car - Speed:   3.3; Angle: 180.0; Position:  13,2; Key:  3; Health:  76.0; Tile: ROAD
2018-05-23 12:49:19 INFO  Car - Speed:   3.3; Angle: 180.0; Position:  12,2; Key:  3; Health:  76.0; Tile: ROAD
2018-05-23 12:49:19 INFO  Car - Speed:   3.3; Angle: 180.0; Position:  12,2; Key:  3; Health:  76.0; Tile: ROAD
2018-05-23 12:49:19 INFO  Car - Speed:   3.4; Angle: 180.0; Position:  12,2; Key:  3; Health:  76.0; Tile: ROAD
2018-05-23 12:49:19 INFO  Car - Speed:   3.4; Angle: 180.0; Position:  12,2; Key:  3; Health:  76.0; Tile: ROAD
2018-05-23 12:49:19 INFO  Car - Speed:   3.4; Angle: 180.0; Position:  12,2; Key:  3; Health:  76.0; Tile: ROAD
2018-05-23 12:49:19 INFO  Car - Speed:   3.5; Angle: 180.0; Position:  12,2; Key:  3; Health:  76.0; Tile: ROAD
2018-05-23 12:49:19 INFO  Car - Speed:   3.5; Angle: 180.0; Position:  12,2; Key:  3; Health:  76.0; Tile: ROAD
2018-05-23 12:49:19 INFO  Car - Speed:   3.5; Angle: 180.0; Position:  12,2; Key:  3; Health:  76.0; Tile: ROAD
2018-05-23 12:49:19 INFO  Car - Speed:   3.6; Angle: 180.0; Position:  12,2; Key:  3; Health:  76.0; Tile: ROAD
2018-05-23 12:49:19 INFO  Car - Speed:   3.6; Angle: 180.0; Position:  12,2; Key:  3; Health:  76.0; Tile: ROAD
2018-05-23 12:49:19 INFO  Car - Speed:   3.6; Angle: 180.0; Position:  12,2; Key:  3; Health:  76.0; Tile: ROAD
2018-05-23 12:49:19 INFO  Car - Speed:   3.7; Angle: 180.0; Position:  12,2; Key:  3; Health:  76.0; Tile: ROAD
2018-05-23 12:49:19 INFO  Car - Speed:   3.7; Angle: 180.0; Position:  12,2; Key:  3; Health:  76.0; Tile: ROAD
2018-05-23 12:49:19 INFO  Car - Speed:   3.7; Angle: 180.0; Position:  11,2; Key:  3; Health:  76.0; Tile: ROAD
2018-05-23 12:49:19 INFO  Car - Speed:   3.8; Angle: 180.0; Position:  11,2; Key:  3; Health:  76.0; Tile: ROAD
2018-05-23 12:49:19 INFO  Car - Speed:   3.8; Angle: 180.0; Position:  11,2; Key:  3; Health:  76.0; Tile: ROAD
2018-05-23 12:49:19 INFO  Car - Speed:   3.8; Angle: 180.0; Position:  11,2; Key:  3; Health:  76.0; Tile: ROAD
2018-05-23 12:49:19 INFO  Car - Speed:   3.9; Angle: 180.0; Position:  11,2; Key:  3; Health:  76.0; Tile: ROAD
2018-05-23 12:49:19 INFO  Car - Speed:   3.9; Angle: 180.0; Position:  11,2; Key:  3; Health:  76.0; Tile: ROAD
2018-05-23 12:49:19 INFO  Car - Speed:   3.9; Angle: 180.0; Position:  11,2; Key:  3; Health:  76.0; Tile: ROAD
2018-05-23 12:49:19 INFO  Car - Speed:   4.0; Angle: 180.0; Position:  11,2; Key:  3; Health:  76.0; Tile: ROAD
2018-05-23 12:49:19 INFO  Car - Speed:   4.0; Angle: 180.0; Position:  11,2; Key:  3; Health:  76.0; Tile: ROAD
2018-05-23 12:49:19 INFO  Car - Speed:   4.0; Angle: 180.0; Position:  11,2; Key:  3; Health:  76.0; Tile: ROAD
2018-05-23 12:49:19 INFO  Car - Speed:   2.5; Angle: 180.0; Position:  11,2; Key:  3; Health:  76.0; Tile: ROAD
2018-05-23 12:49:19 INFO  Car - Speed:   2.5; Angle: 180.0; Position:  11,2; Key:  3; Health:  76.0; Tile: ROAD
2018-05-23 12:49:19 INFO  Car - Speed:   2.6; Angle: 180.0; Position:  10,2; Key:  3; Health:  76.0; Tile: ROAD
2018-05-23 12:49:19 INFO  Car - Speed:   2.6; Angle: 180.0; Position:  10,2; Key:  3; Health:  76.0; Tile: ROAD
2018-05-23 12:49:19 INFO  Car - Speed:   2.6; Angle: 180.0; Position:  10,2; Key:  3; Health:  76.0; Tile: ROAD
2018-05-23 12:49:19 INFO  Car - Speed:   2.7; Angle: 180.0; Position:  10,2; Key:  3; Health:  76.0; Tile: ROAD
2018-05-23 12:49:19 INFO  Car - Speed:   2.7; Angle: 180.0; Position:  10,2; Key:  3; Health:  76.0; Tile: ROAD
2018-05-23 12:49:19 INFO  Car - Speed:   2.7; Angle: 180.0; Position:  10,2; Key:  3; Health:  76.0; Tile: ROAD
2018-05-23 12:49:19 INFO  Car - Speed:   2.8; Angle: 180.0; Position:  10,2; Key:  3; Health:  76.0; Tile: ROAD
2018-05-23 12:49:19 INFO  Car - Speed:   2.8; Angle: 180.0; Position:  10,2; Key:  3; Health:  76.0; Tile: ROAD
2018-05-23 12:49:20 INFO  Car - Speed:   2.8; Angle: 180.0; Position:  10,2; Key:  3; Health:  76.0; Tile: ROAD
2018-05-23 12:49:20 INFO  Car - Speed:   2.9; Angle: 180.0; Position:  10,2; Key:  3; Health:  76.0; Tile: ROAD
2018-05-23 12:49:20 INFO  Car - Speed:   2.9; Angle: 180.0; Position:  10,2; Key:  3; Health:  76.0; Tile: ROAD
2018-05-23 12:49:20 INFO  Car - Speed:   2.9; Angle: 180.0; Position:  10,2; Key:  3; Health:  76.0; Tile: ROAD
2018-05-23 12:49:20 INFO  Car - Speed:   3.0; Angle: 180.0; Position:  10,2; Key:  3; Health:  76.0; Tile: ROAD
2018-05-23 12:49:20 INFO  Car - Speed:   3.0; Angle: 180.0; Position:  10,2; Key:  3; Health:  76.0; Tile: ROAD
2018-05-23 12:49:20 INFO  Car - Speed:   3.0; Angle: 180.0; Position:  10,2; Key:  3; Health:  76.0; Tile: ROAD
2018-05-23 12:49:20 INFO  Car - Speed:   3.1; Angle: 180.0; Position:  10,2; Key:  3; Health:  76.0; Tile: ROAD
2018-05-23 12:49:20 INFO  Car - Speed:   3.1; Angle: 180.0; Position:   9,2; Key:  3; Health:  76.0; Tile: ROAD
2018-05-23 12:49:20 INFO  Car - Speed:   3.1; Angle: 180.0; Position:   9,2; Key:  3; Health:  76.0; Tile: ROAD
2018-05-23 12:49:20 INFO  Car - Speed:   3.2; Angle: 180.0; Position:   9,2; Key:  3; Health:  76.0; Tile: ROAD
2018-05-23 12:49:20 INFO  Car - Speed:   3.2; Angle: 180.0; Position:   9,2; Key:  3; Health:  76.0; Tile: ROAD
2018-05-23 12:49:20 INFO  Car - Speed:   3.2; Angle: 180.0; Position:   9,2; Key:  3; Health:  76.0; Tile: ROAD
2018-05-23 12:49:20 INFO  Car - Speed:   3.3; Angle: 180.0; Position:   9,2; Key:  3; Health:  76.0; Tile: ROAD
2018-05-23 12:49:20 INFO  Car - Speed:   3.3; Angle: 180.0; Position:   9,2; Key:  3; Health:  76.0; Tile: ROAD
2018-05-23 12:49:20 INFO  Car - Speed:   3.3; Angle: 180.0; Position:   9,2; Key:  3; Health:  76.0; Tile: ROAD
2018-05-23 12:49:20 INFO  Car - Speed:   3.4; Angle: 180.0; Position:   9,2; Key:  3; Health:  76.0; Tile: ROAD
2018-05-23 12:49:20 INFO  Car - Speed:   3.4; Angle: 180.0; Position:   9,2; Key:  3; Health:  76.0; Tile: ROAD
2018-05-23 12:49:20 INFO  Car - Speed:   3.4; Angle: 180.0; Position:   9,2; Key:  3; Health:  76.0; Tile: ROAD
2018-05-23 12:49:20 INFO  Car - Speed:   3.5; Angle: 180.0; Position:   9,2; Key:  3; Health:  76.0; Tile: ROAD
2018-05-23 12:49:20 INFO  Car - Speed:   3.5; Angle: 180.0; Position:   9,2; Key:  3; Health:  76.0; Tile: ROAD
2018-05-23 12:49:20 INFO  Car - Speed:   3.5; Angle: 180.0; Position:   9,2; Key:  3; Health:  76.0; Tile: ROAD
2018-05-23 12:49:20 INFO  Car - Speed:   3.6; Angle: 180.0; Position:   8,2; Key:  3; Health:  76.0; Tile: ROAD
2018-05-23 12:49:20 INFO  Car - Speed:   3.6; Angle: 180.0; Position:   8,2; Key:  3; Health:  76.0; Tile: ROAD
2018-05-23 12:49:20 INFO  Car - Speed:   3.6; Angle: 180.0; Position:   8,2; Key:  3; Health:  76.0; Tile: ROAD
2018-05-23 12:49:20 INFO  Car - Speed:   3.7; Angle: 180.0; Position:   8,2; Key:  3; Health:  76.0; Tile: ROAD
2018-05-23 12:49:20 INFO  Car - Speed:   3.7; Angle: 180.0; Position:   8,2; Key:  3; Health:  76.0; Tile: ROAD
2018-05-23 12:49:20 INFO  Car - Speed:   3.7; Angle: 180.0; Position:   8,2; Key:  3; Health:  76.0; Tile: ROAD
2018-05-23 12:49:20 INFO  Car - Speed:   3.8; Angle: 180.0; Position:   8,2; Key:  3; Health:  76.0; Tile: ROAD
2018-05-23 12:49:20 INFO  Car - Speed:   3.8; Angle: 180.0; Position:   8,2; Key:  3; Health:  76.0; Tile: ROAD
2018-05-23 12:49:20 INFO  Car - Speed:   3.8; Angle: 180.0; Position:   8,2; Key:  3; Health:  76.0; Tile: ROAD
2018-05-23 12:49:20 INFO  Car - Speed:   3.9; Angle: 180.0; Position:   8,2; Key:  3; Health:  76.0; Tile: ROAD
2018-05-23 12:49:20 INFO  Car - Speed:   3.9; Angle: 180.0; Position:   8,2; Key:  3; Health:  76.0; Tile: ROAD
2018-05-23 12:49:20 INFO  Car - Speed:   3.9; Angle: 180.0; Position:   8,2; Key:  3; Health:  76.0; Tile: ROAD
2018-05-23 12:49:20 INFO  Car - Speed:   4.0; Angle: 180.0; Position:   7,2; Key:  3; Health:  76.0; Tile: ROAD
2018-05-23 12:49:20 INFO  Car - Speed:   4.0; Angle: 180.0; Position:   7,2; Key:  3; Health:  76.0; Tile: ROAD
2018-05-23 12:49:20 INFO  Car - Speed:   4.0; Angle: 180.0; Position:   7,2; Key:  3; Health:  76.0; Tile: ROAD
2018-05-23 12:49:20 INFO  Car - Speed:   2.5; Angle: 180.0; Position:   7,2; Key:  3; Health:  76.0; Tile: ROAD
2018-05-23 12:49:20 INFO  Car - Speed:   2.5; Angle: 180.0; Position:   7,2; Key:  3; Health:  76.0; Tile: ROAD
2018-05-23 12:49:20 INFO  Car - Speed:   2.6; Angle: 180.0; Position:   7,2; Key:  3; Health:  76.0; Tile: ROAD
2018-05-23 12:49:20 INFO  Car - Speed:   2.6; Angle: 180.0; Position:   7,2; Key:  3; Health:  76.0; Tile: ROAD
2018-05-23 12:49:20 INFO  Car - Speed:   2.6; Angle: 180.0; Position:   7,2; Key:  3; Health:  76.0; Tile: ROAD
2018-05-23 12:49:20 INFO  Car - Speed:   2.7; Angle: 180.0; Position:   7,2; Key:  3; Health:  76.0; Tile: ROAD
2018-05-23 12:49:20 INFO  Car - Speed:   2.7; Angle: 180.0; Position:   7,2; Key:  3; Health:  76.0; Tile: ROAD
2018-05-23 12:49:20 INFO  Car - Speed:   2.7; Angle: 180.0; Position:   7,2; Key:  3; Health:  76.0; Tile: ROAD
2018-05-23 12:49:21 INFO  Car - Speed:   2.8; Angle: 180.0; Position:   7,2; Key:  3; Health:  76.0; Tile: ROAD
2018-05-23 12:49:21 INFO  Car - Speed:   2.8; Angle: 180.0; Position:   7,2; Key:  3; Health:  76.0; Tile: ROAD
2018-05-23 12:49:21 INFO  Car - Speed:   2.8; Angle: 180.0; Position:   7,2; Key:  3; Health:  76.0; Tile: ROAD
2018-05-23 12:49:21 INFO  Car - Speed:   2.9; Angle: 180.0; Position:   7,2; Key:  3; Health:  76.0; Tile: ROAD
2018-05-23 12:49:21 INFO  Car - Speed:   2.9; Angle: 180.0; Position:   6,2; Key:  3; Health:  76.0; Tile: ROAD
2018-05-23 12:49:21 INFO  Car - Speed:   2.9; Angle: 180.0; Position:   6,2; Key:  3; Health:  76.0; Tile: ROAD
2018-05-23 12:49:21 INFO  Car - Speed:   3.0; Angle: 180.0; Position:   6,2; Key:  3; Health:  76.0; Tile: ROAD
2018-05-23 12:49:21 INFO  Car - Speed:   3.0; Angle: 180.0; Position:   6,2; Key:  3; Health:  76.0; Tile: ROAD
2018-05-23 12:49:21 INFO  Car - Speed:   3.0; Angle: 180.0; Position:   6,2; Key:  3; Health:  76.0; Tile: ROAD
2018-05-23 12:49:21 INFO  Car - Speed:   3.1; Angle: 180.0; Position:   6,2; Key:  3; Health:  76.0; Tile: ROAD
2018-05-23 12:49:21 INFO  Car - Speed:   3.1; Angle: 180.0; Position:   6,2; Key:  3; Health:  76.0; Tile: ROAD
2018-05-23 12:49:21 INFO  Car - Speed:   3.1; Angle: 180.0; Position:   6,2; Key:  3; Health:  76.0; Tile: ROAD
2018-05-23 12:49:21 INFO  Car - Speed:   3.2; Angle: 180.0; Position:   6,2; Key:  3; Health:  76.0; Tile: ROAD
2018-05-23 12:49:21 INFO  Car - Speed:   3.2; Angle: 180.0; Position:   6,2; Key:  3; Health:  76.0; Tile: ROAD
2018-05-23 12:49:21 INFO  Car - Speed:   3.2; Angle: 180.0; Position:   6,2; Key:  3; Health:  76.0; Tile: ROAD
2018-05-23 12:49:21 INFO  Car - Speed:   3.3; Angle: 180.0; Position:   6,2; Key:  3; Health:  76.0; Tile: ROAD
2018-05-23 12:49:21 INFO  Car - Speed:   3.3; Angle: 180.0; Position:   6,2; Key:  3; Health:  76.0; Tile: ROAD
2018-05-23 12:49:21 INFO  Car - Speed:   3.3; Angle: 180.0; Position:   6,2; Key:  3; Health:  76.0; Tile: ROAD
2018-05-23 12:49:21 INFO  Car - Speed:   3.4; Angle: 180.0; Position:   5,2; Key:  3; Health:  76.0; Tile: ROAD
2018-05-23 12:49:21 INFO  Car - Speed:   3.4; Angle: 180.0; Position:   5,2; Key:  3; Health:  76.0; Tile: ROAD
2018-05-23 12:49:21 INFO  Car - Speed:   3.4; Angle: 180.0; Position:   5,2; Key:  3; Health:  76.0; Tile: ROAD
2018-05-23 12:49:21 INFO  Car - Speed:   3.5; Angle: 180.0; Position:   5,2; Key:  3; Health:  76.0; Tile: ROAD
2018-05-23 12:49:21 INFO  Car - Speed:   3.5; Angle: 180.0; Position:   5,2; Key:  3; Health:  76.0; Tile: ROAD
2018-05-23 12:49:21 INFO  Car - Speed:   3.5; Angle: 180.0; Position:   5,2; Key:  3; Health:  76.0; Tile: ROAD
2018-05-23 12:49:21 INFO  Car - Speed:   3.6; Angle: 180.0; Position:   5,2; Key:  3; Health:  76.0; Tile: ROAD
2018-05-23 12:49:21 INFO  Car - Speed:   3.6; Angle: 180.0; Position:   5,2; Key:  3; Health:  76.0; Tile: ROAD
2018-05-23 12:49:21 INFO  Car - Speed:   3.6; Angle: 180.0; Position:   5,2; Key:  3; Health:  76.0; Tile: ROAD
2018-05-23 12:49:21 INFO  Car - Speed:   3.7; Angle: 180.0; Position:   5,2; Key:  3; Health:  76.0; Tile: ROAD
2018-05-23 12:49:21 INFO  Car - Speed:   3.7; Angle: 180.0; Position:   5,2; Key:  3; Health:  76.0; Tile: ROAD
2018-05-23 12:49:21 INFO  Car - Speed:   3.7; Angle: 180.0; Position:   5,2; Key:  3; Health:  76.0; Tile: ROAD
2018-05-23 12:49:21 INFO  Car - Speed:   3.8; Angle: 180.0; Position:   5,2; Key:  3; Health:  76.0; Tile: ROAD
2018-05-23 12:49:21 INFO  Car - Speed:   3.8; Angle: 180.0; Position:   4,2; Key:  3; Health:  76.0; Tile: ROAD
2018-05-23 12:49:21 INFO  Car - Speed:   3.8; Angle: 180.0; Position:   4,2; Key:  3; Health:  76.0; Tile: ROAD
2018-05-23 12:49:21 INFO  Car - Speed:   3.9; Angle: 180.0; Position:   4,2; Key:  3; Health:  76.0; Tile: ROAD
2018-05-23 12:49:21 INFO  Car - Speed:   3.9; Angle: 180.0; Position:   4,2; Key:  3; Health:  76.0; Tile: ROAD
2018-05-23 12:49:21 INFO  Car - Speed:   3.9; Angle: 180.0; Position:   4,2; Key:  3; Health:  76.0; Tile: ROAD
2018-05-23 12:49:21 INFO  Car - Speed:   4.0; Angle: 180.0; Position:   4,2; Key:  3; Health:  76.0; Tile: ROAD
2018-05-23 12:49:21 INFO  Car - Speed:   4.0; Angle: 180.0; Position:   4,2; Key:  3; Health:  76.0; Tile: ROAD
2018-05-23 12:49:21 INFO  Car - Speed:   4.0; Angle: 180.0; Position:   4,2; Key:  3; Health:  76.0; Tile: ROAD
2018-05-23 12:49:21 INFO  Car - Speed:   2.5; Angle: 180.0; Position:   4,2; Key:  3; Health:  76.0; Tile: ROAD
2018-05-23 12:49:21 INFO  Car - Speed:   2.5; Angle: 180.0; Position:   4,2; Key:  3; Health:  76.0; Tile: ROAD
2018-05-23 12:49:21 INFO  Car - Speed:   2.6; Angle: 180.0; Position:   4,2; Key:  3; Health:  76.0; Tile: ROAD
2018-05-23 12:49:21 INFO  Car - Speed:   2.6; Angle: 180.0; Position:   4,2; Key:  3; Health:  76.0; Tile: ROAD
2018-05-23 12:49:21 INFO  Car - Speed:   2.6; Angle: 180.0; Position:   4,2; Key:  3; Health:  76.0; Tile: ROAD
2018-05-23 12:49:21 INFO  Car - Speed:   2.7; Angle: 180.0; Position:   3,2; Key:  3; Health:  76.0; Tile: ROAD
2018-05-23 12:49:22 INFO  Car - Speed:   2.5; Angle: 180.0; Position:   3,2; Key:  3; Health:  76.0; Tile: ROAD
2018-05-23 12:49:22 INFO  Car - Speed:   2.5; Angle: 180.0; Position:   3,2; Key:  3; Health:  76.0; Tile: ROAD
2018-05-23 12:49:22 INFO  Car - Speed:   2.4; Angle: 180.0; Position:   3,2; Key:  3; Health:  76.0; Tile: ROAD
2018-05-23 12:49:22 INFO  Car - Speed:   2.4; Angle: 180.0; Position:   3,2; Key:  3; Health:  76.0; Tile: ROAD
2018-05-23 12:49:22 INFO  Car - Speed:   2.4; Angle: 180.0; Position:   3,2; Key:  3; Health:  76.0; Tile: ROAD
2018-05-23 12:49:22 INFO  Car - Speed:   2.3; Angle: 180.0; Position:   3,2; Key:  3; Health:  76.0; Tile: ROAD
2018-05-23 12:49:22 INFO  Car - Speed:   2.3; Angle: 180.0; Position:   3,2; Key:  3; Health:  76.0; Tile: ROAD
2018-05-23 12:49:22 INFO  Car - Speed:   2.3; Angle: 180.0; Position:   3,2; Key:  3; Health:  76.0; Tile: ROAD
2018-05-23 12:49:22 INFO  Car - Speed:   2.2; Angle: 180.0; Position:   3,2; Key:  3; Health:  76.0; Tile: ROAD
2018-05-23 12:49:22 INFO  Car - Speed:   2.2; Angle: 180.0; Position:   3,2; Key:  3; Health:  76.0; Tile: ROAD
2018-05-23 12:49:22 INFO  Car - Speed:   2.2; Angle: 180.0; Position:   3,2; Key:  3; Health:  76.0; Tile: ROAD
2018-05-23 12:49:22 INFO  Car - Speed:   2.1; Angle: 180.0; Position:   3,2; Key:  3; Health:  76.0; Tile: ROAD
2018-05-23 12:49:22 INFO  Car - Speed:   2.1; Angle: 180.0; Position:   3,2; Key:  3; Health:  76.0; Tile: ROAD
2018-05-23 12:49:22 INFO  Car - Speed:   2.1; Angle: 180.0; Position:   3,2; Key:  3; Health:  76.0; Tile: ROAD
2018-05-23 12:49:22 INFO  Car - Speed:   2.0; Angle: 180.0; Position:   3,2; Key:  3; Health:  76.0; Tile: ROAD
2018-05-23 12:49:22 INFO  Car - Speed:   2.0; Angle: 180.0; Position:   3,2; Key:  3; Health:  76.0; Tile: ROAD
2018-05-23 12:49:22 INFO  Car - Speed:   2.0; Angle: 180.0; Position:   3,2; Key:  3; Health:  76.0; Tile: ROAD
2018-05-23 12:49:22 INFO  Car - Speed:   1.9; Angle: 180.0; Position:   3,2; Key:  3; Health:  76.0; Tile: ROAD
2018-05-23 12:49:22 INFO  Car - Speed:   1.9; Angle: 180.0; Position:   3,2; Key:  3; Health:  76.0; Tile: ROAD
2018-05-23 12:49:22 INFO  Car - Speed:   1.9; Angle: 180.0; Position:   3,2; Key:  3; Health:  76.0; Tile: ROAD
2018-05-23 12:49:22 INFO  Car - Speed:   1.8; Angle: 180.0; Position:   2,2; Key:  3; Health:  76.0; Tile: ROAD
2018-05-23 12:49:22 INFO  Car - Speed:   1.9; Angle: 180.0; Position:   2,2; Key:  3; Health:  76.0; Tile: ROAD
2018-05-23 12:49:22 INFO  Car - Speed:   1.9; Angle: 180.0; Position:   2,2; Key:  3; Health:  76.0; Tile: ROAD
2018-05-23 12:49:22 INFO  Car - Speed:   1.9; Angle: 180.0; Position:   2,2; Key:  3; Health:  76.0; Tile: ROAD
2018-05-23 12:49:22 INFO  Car - Speed:   2.0; Angle: 180.0; Position:   2,2; Key:  3; Health:  76.0; Tile: ROAD
2018-05-23 12:49:22 INFO  Car - Speed:   2.0; Angle: 180.0; Position:   2,2; Key:  3; Health:  76.0; Tile: ROAD
2018-05-23 12:49:22 INFO  Car - Speed:   2.0; Angle: 180.0; Position:   2,2; Key:  3; Health:  76.0; Tile: ROAD
2018-05-23 12:49:22 INFO  Car - Speed:   2.1; Angle: 180.0; Position:   2,2; Key:  3; Health:  76.0; Tile: ROAD
2018-05-23 12:49:22 INFO  Car - Speed:   2.1; Angle: 180.0; Position:   2,2; Key:  3; Health:  76.0; Tile: ROAD
2018-05-23 12:49:22 INFO  Car - Speed:   2.1; Angle: 180.0; Position:   2,2; Key:  3; Health:  76.0; Tile: ROAD
2018-05-23 12:49:22 INFO  Car - Speed:   2.2; Angle: 180.0; Position:   2,2; Key:  3; Health:  76.0; Tile: ROAD
2018-05-23 12:49:22 INFO  Car - Speed:   2.2; Angle: 180.0; Position:   2,2; Key:  3; Health:  76.0; Tile: ROAD
2018-05-23 12:49:22 INFO  Car - Speed:   2.2; Angle: 180.0; Position:   2,2; Key:  3; Health:  76.0; Tile: ROAD
2018-05-23 12:49:22 INFO  Car - Speed:   2.3; Angle: 180.0; Position:   2,2; Key:  3; Health:  76.0; Tile: ROAD
2018-05-23 12:49:22 INFO  Car - Speed:   2.3; Angle: 180.0; Position:   2,2; Key:  3; Health:  76.0; Tile: ROAD
2018-05-23 12:49:22 INFO  Car - Speed:   2.3; Angle: 180.0; Position:   2,2; Key:  3; Health:  76.0; Tile: ROAD
2018-05-23 12:49:22 INFO  Car - Speed:   2.4; Angle: 180.0; Position:   2,2; Key:  3; Health:  76.0; Tile: ROAD
2018-05-23 12:49:22 INFO  Car - Speed:   2.4; Angle: 180.0; Position:   2,2; Key:  3; Health:  76.0; Tile: ROAD
2018-05-23 12:49:22 INFO  Car - Speed:   2.4; Angle: 180.0; Position:   2,2; Key:  3; Health:  76.0; Tile: ROAD
2018-05-23 12:49:22 INFO  Car - Speed:   2.5; Angle: 180.0; Position:   2,2; Key:  3; Health:  76.0; Tile: ROAD
2018-05-23 12:49:22 INFO  Car - Speed:   2.5; Angle: 180.0; Position:   2,2; Key:  3; Health:  76.0; Tile: ROAD
2018-05-23 12:49:22 INFO  Car - Speed:   2.5; Angle: 180.0; Position:   1,2; Key:  3; Health:  76.0; Tile: ROAD
2018-05-23 12:49:22 INFO  Car - Speed:   2.5; Angle: 176.7; Position:   1,2; Key:  3; Health:  76.0; Tile: ROAD
2018-05-23 12:49:22 INFO  Car - Speed:   2.5; Angle: 173.3; Position:   1,2; Key:  3; Health:  76.0; Tile: ROAD
2018-05-23 12:49:22 INFO  Car - Speed:   2.4; Angle: 170.0; Position:   1,2; Key:  3; Health:  76.0; Tile: ROAD
2018-05-23 12:49:23 INFO  Car - Speed:   2.4; Angle: 166.7; Position:   1,2; Key:  3; Health:  76.0; Tile: ROAD
2018-05-23 12:49:23 INFO  Car - Speed:   2.4; Angle: 163.3; Position:   1,2; Key:  3; Health:  76.0; Tile: ROAD
2018-05-23 12:49:23 INFO  Car - Speed:   2.3; Angle: 160.0; Position:   1,2; Key:  3; Health:  76.0; Tile: ROAD
2018-05-23 12:49:23 INFO  Car - Speed:   2.3; Angle: 156.7; Position:   1,2; Key:  3; Health:  76.0; Tile: ROAD
2018-05-23 12:49:23 INFO  Car - Speed:   2.3; Angle: 153.3; Position:   1,2; Key:  3; Health:  76.0; Tile: ROAD
2018-05-23 12:49:23 INFO  Car - Speed:   2.2; Angle: 150.0; Position:   1,2; Key:  3; Health:  76.0; Tile: ROAD
2018-05-23 12:49:23 INFO  Car - Speed:   0.0; Angle: 146.7; Position:   1,2; Key:  3; Health:  75.9; Tile: ROAD
2018-05-23 12:49:23 INFO  Car - Speed:   0.0; Angle: 146.7; Position:   1,2; Key:  3; Health:  75.9; Tile: ROAD
2018-05-23 12:49:23 INFO  Car - Speed:   0.1; Angle: 143.3; Position:   1,2; Key:  3; Health:  75.9; Tile: ROAD
2018-05-23 12:49:23 INFO  Car - Speed:   0.1; Angle: 140.0; Position:   1,2; Key:  3; Health:  75.9; Tile: ROAD
2018-05-23 12:49:23 INFO  Car - Speed:   0.1; Angle: 136.7; Position:   1,2; Key:  3; Health:  75.9; Tile: ROAD
2018-05-23 12:49:23 INFO  Car - Speed:   0.0; Angle: 133.3; Position:   1,2; Key:  3; Health:  75.8; Tile: ROAD
2018-05-23 12:49:23 INFO  Car - Speed:   0.0; Angle: 133.3; Position:   1,2; Key:  3; Health:  75.8; Tile: ROAD
2018-05-23 12:49:23 INFO  Car - Speed:   0.1; Angle: 130.0; Position:   1,2; Key:  3; Health:  75.8; Tile: ROAD
2018-05-23 12:49:23 INFO  Car - Speed:   0.0; Angle: 126.7; Position:   1,2; Key:  3; Health:  75.7; Tile: ROAD
2018-05-23 12:49:23 INFO  Car - Speed:   0.0; Angle: 126.7; Position:   1,2; Key:  3; Health:  75.6; Tile: ROAD
2018-05-23 12:49:23 INFO  Car - Speed:   0.0; Angle: 126.7; Position:   1,2; Key:  3; Health:  75.4; Tile: ROAD
2018-05-23 12:49:23 INFO  Car - Speed:   0.0; Angle: 126.7; Position:   1,2; Key:  3; Health:  75.3; Tile: ROAD
2018-05-23 12:49:23 INFO  Car - Speed:   0.0; Angle: 126.7; Position:   1,2; Key:  3; Health:  75.2; Tile: ROAD
2018-05-23 12:49:23 INFO  Car - Speed:   0.0; Angle: 126.7; Position:   1,2; Key:  3; Health:  75.1; Tile: ROAD
2018-05-23 12:49:23 INFO  Car - Speed:   0.0; Angle: 126.7; Position:   1,2; Key:  3; Health:  75.0; Tile: ROAD
2018-05-23 12:49:23 INFO  Car - Speed:   0.0; Angle: 126.7; Position:   1,2; Key:  3; Health:  74.9; Tile: ROAD
2018-05-23 12:49:23 INFO  Car - Speed:   0.0; Angle: 126.7; Position:   1,2; Key:  3; Health:  74.8; Tile: ROAD
2018-05-23 12:49:23 INFO  Car - Speed:   0.0; Angle: 126.7; Position:   1,2; Key:  3; Health:  74.7; Tile: ROAD
2018-05-23 12:49:23 INFO  Car - Speed:   0.0; Angle: 126.7; Position:   1,2; Key:  3; Health:  74.6; Tile: ROAD
2018-05-23 12:49:23 INFO  Car - Speed:   0.0; Angle: 126.7; Position:   1,2; Key:  3; Health:  74.4; Tile: ROAD
2018-05-23 12:49:23 INFO  Car - Speed:   0.0; Angle: 126.7; Position:   1,2; Key:  3; Health:  74.3; Tile: ROAD
2018-05-23 12:49:23 INFO  Car - Speed:   0.0; Angle: 126.7; Position:   1,2; Key:  3; Health:  74.2; Tile: ROAD
2018-05-23 12:49:23 INFO  Car - Speed:   0.0; Angle: 126.7; Position:   1,2; Key:  3; Health:  74.1; Tile: ROAD
2018-05-23 12:49:23 INFO  Car - Speed:   0.0; Angle: 126.7; Position:   1,2; Key:  3; Health:  74.0; Tile: ROAD
2018-05-23 12:49:23 INFO  Car - Speed:   0.0; Angle: 126.7; Position:   1,2; Key:  3; Health:  73.9; Tile: ROAD
2018-05-23 12:49:23 INFO  Car - Speed:   0.0; Angle: 126.7; Position:   1,2; Key:  3; Health:  73.8; Tile: ROAD
2018-05-23 12:49:23 INFO  Car - Speed:   0.0; Angle: 126.7; Position:   1,2; Key:  3; Health:  73.7; Tile: ROAD
2018-05-23 12:49:23 INFO  Car - Speed:   0.0; Angle: 126.7; Position:   1,2; Key:  3; Health:  73.6; Tile: ROAD
2018-05-23 12:49:23 INFO  Car - Speed:   0.0; Angle: 126.7; Position:   1,2; Key:  3; Health:  73.4; Tile: ROAD
2018-05-23 12:49:23 INFO  Car - Speed:   0.0; Angle: 126.7; Position:   1,2; Key:  3; Health:  73.3; Tile: ROAD
2018-05-23 12:49:23 INFO  Car - Speed:   0.0; Angle: 126.7; Position:   1,2; Key:  3; Health:  73.2; Tile: ROAD
2018-05-23 12:49:23 INFO  Car - Speed:   0.0; Angle: 126.7; Position:   1,2; Key:  3; Health:  73.1; Tile: ROAD
2018-05-23 12:49:23 INFO  Car - Speed:   0.0; Angle: 126.7; Position:   1,2; Key:  3; Health:  73.0; Tile: ROAD
2018-05-23 12:49:23 INFO  Car - Speed:   0.0; Angle: 126.7; Position:   1,2; Key:  3; Health:  72.9; Tile: ROAD
2018-05-23 12:49:23 INFO  Car - Speed:   0.0; Angle: 126.7; Position:   1,2; Key:  3; Health:  72.8; Tile: ROAD
2018-05-23 12:49:23 INFO  Car - Speed:   0.0; Angle: 126.7; Position:   1,2; Key:  3; Health:  72.7; Tile: ROAD
2018-05-23 12:49:23 INFO  Car - Speed:   0.0; Angle: 126.7; Position:   1,2; Key:  3; Health:  72.6; Tile: ROAD
2018-05-23 12:49:23 INFO  Car - Speed:   0.0; Angle: 126.7; Position:   1,2; Key:  3; Health:  72.4; Tile: ROAD
2018-05-23 12:49:23 INFO  Car - Speed:   0.0; Angle: 126.7; Position:   1,2; Key:  3; Health:  72.3; Tile: ROAD
2018-05-23 12:49:24 INFO  Car - Speed:   0.0; Angle: 126.7; Position:   1,2; Key:  3; Health:  72.2; Tile: ROAD
2018-05-23 12:49:24 INFO  Car - Speed:   0.0; Angle: 126.7; Position:   1,2; Key:  3; Health:  72.1; Tile: ROAD
2018-05-23 12:49:24 INFO  Car - Speed:   0.0; Angle: 126.7; Position:   1,2; Key:  3; Health:  72.0; Tile: ROAD
2018-05-23 12:49:24 INFO  Car - Speed:   0.0; Angle: 126.7; Position:   1,2; Key:  3; Health:  71.9; Tile: ROAD
2018-05-23 12:49:24 INFO  Car - Speed:   0.0; Angle: 126.7; Position:   1,2; Key:  3; Health:  71.8; Tile: ROAD
2018-05-23 12:49:24 INFO  Car - Speed:   0.0; Angle: 126.7; Position:   1,2; Key:  3; Health:  71.7; Tile: ROAD
2018-05-23 12:49:24 INFO  Car - Speed:   0.0; Angle: 126.7; Position:   1,2; Key:  3; Health:  71.6; Tile: ROAD
2018-05-23 12:49:24 INFO  Car - Speed:   0.0; Angle: 126.7; Position:   1,2; Key:  3; Health:  71.4; Tile: ROAD
2018-05-23 12:49:24 INFO  Car - Speed:   0.0; Angle: 126.7; Position:   1,2; Key:  3; Health:  71.3; Tile: ROAD
2018-05-23 12:49:24 INFO  Car - Speed:   0.0; Angle: 126.7; Position:   1,2; Key:  3; Health:  71.2; Tile: ROAD
2018-05-23 12:49:24 INFO  Car - Speed:   0.0; Angle: 126.7; Position:   1,2; Key:  3; Health:  71.1; Tile: ROAD
2018-05-23 12:49:24 INFO  Car - Speed:   0.0; Angle: 126.7; Position:   1,2; Key:  3; Health:  71.0; Tile: ROAD
2018-05-23 12:49:24 INFO  Car - Speed:   0.0; Angle: 126.7; Position:   1,2; Key:  3; Health:  70.9; Tile: ROAD
2018-05-23 12:49:24 INFO  Car - Speed:   0.0; Angle: 126.7; Position:   1,2; Key:  3; Health:  70.8; Tile: ROAD
2018-05-23 12:49:24 INFO  Car - Speed:   0.0; Angle: 126.7; Position:   1,2; Key:  3; Health:  70.7; Tile: ROAD
2018-05-23 12:49:24 INFO  Car - Speed:   0.0; Angle: 126.7; Position:   1,2; Key:  3; Health:  70.6; Tile: ROAD
2018-05-23 12:49:24 INFO  Car - Speed:   0.0; Angle: 126.7; Position:   1,2; Key:  3; Health:  70.4; Tile: ROAD
2018-05-23 12:49:24 INFO  Car - Speed:   0.0; Angle: 126.7; Position:   1,2; Key:  3; Health:  70.3; Tile: ROAD
2018-05-23 12:49:24 INFO  Car - Speed:   0.0; Angle: 126.7; Position:   1,2; Key:  3; Health:  70.2; Tile: ROAD
2018-05-23 12:49:24 INFO  Car - Speed:   0.0; Angle: 126.7; Position:   1,2; Key:  3; Health:  70.1; Tile: ROAD
2018-05-23 12:49:24 INFO  Car - Speed:   0.0; Angle: 126.7; Position:   1,2; Key:  3; Health:  70.0; Tile: ROAD
2018-05-23 12:49:24 INFO  Car - Speed:   0.0; Angle: 126.7; Position:   1,2; Key:  3; Health:  69.9; Tile: ROAD
2018-05-23 12:49:24 INFO  Car - Speed:   0.0; Angle: 126.7; Position:   1,2; Key:  3; Health:  69.8; Tile: ROAD
2018-05-23 12:49:24 INFO  Car - Speed:   0.0; Angle: 126.7; Position:   1,2; Key:  3; Health:  69.7; Tile: ROAD
2018-05-23 12:49:24 INFO  Car - Speed:   0.0; Angle: 126.7; Position:   1,2; Key:  3; Health:  69.6; Tile: ROAD
2018-05-23 12:49:24 INFO  Car - Speed:   0.0; Angle: 126.7; Position:   1,2; Key:  3; Health:  69.4; Tile: ROAD
2018-05-23 12:49:24 INFO  Car - Speed:   0.0; Angle: 126.7; Position:   1,2; Key:  3; Health:  69.3; Tile: ROAD
2018-05-23 12:49:24 INFO  Car - Speed:   0.0; Angle: 126.7; Position:   1,2; Key:  3; Health:  69.2; Tile: ROAD
2018-05-23 12:49:24 INFO  Car - Speed:   0.0; Angle: 126.7; Position:   1,2; Key:  3; Health:  69.1; Tile: ROAD
2018-05-23 12:49:24 INFO  Car - Speed:   0.0; Angle: 126.7; Position:   1,2; Key:  3; Health:  69.0; Tile: ROAD
2018-05-23 12:49:24 INFO  Car - Speed:   0.0; Angle: 126.7; Position:   1,2; Key:  3; Health:  68.9; Tile: ROAD
2018-05-23 12:49:24 INFO  Car - Speed:   0.0; Angle: 126.7; Position:   1,2; Key:  3; Health:  68.8; Tile: ROAD
2018-05-23 12:49:24 INFO  Car - Speed:   0.0; Angle: 126.7; Position:   1,2; Key:  3; Health:  68.7; Tile: ROAD
2018-05-23 12:49:24 INFO  Car - Speed:   0.0; Angle: 126.7; Position:   1,2; Key:  3; Health:  68.6; Tile: ROAD
2018-05-23 12:49:24 INFO  Car - Speed:   0.0; Angle: 126.7; Position:   1,2; Key:  3; Health:  68.4; Tile: ROAD
2018-05-23 12:49:24 INFO  Car - Speed:   0.0; Angle: 126.7; Position:   1,2; Key:  3; Health:  68.3; Tile: ROAD
2018-05-23 12:49:24 INFO  Car - Speed:   0.0; Angle: 126.7; Position:   1,2; Key:  3; Health:  68.2; Tile: ROAD
2018-05-23 12:49:24 INFO  Car - Speed:   0.0; Angle: 126.7; Position:   1,2; Key:  3; Health:  68.1; Tile: ROAD
2018-05-23 12:49:24 INFO  Car - Speed:   0.0; Angle: 126.7; Position:   1,2; Key:  3; Health:  68.0; Tile: ROAD
2018-05-23 12:49:24 INFO  Car - Speed:   0.0; Angle: 126.7; Position:   1,2; Key:  3; Health:  67.9; Tile: ROAD
2018-05-23 12:49:24 INFO  Car - Speed:   0.0; Angle: 126.7; Position:   1,2; Key:  3; Health:  67.8; Tile: ROAD
2018-05-23 12:49:24 INFO  Car - Speed:   0.0; Angle: 126.7; Position:   1,2; Key:  3; Health:  67.7; Tile: ROAD
2018-05-23 12:49:24 INFO  Car - Speed:   0.0; Angle: 126.7; Position:   1,2; Key:  3; Health:  67.6; Tile: ROAD
2018-05-23 12:49:24 INFO  Car - Speed:   0.0; Angle: 126.7; Position:   1,2; Key:  3; Health:  67.4; Tile: ROAD
2018-05-23 12:49:24 INFO  Car - Speed:   0.0; Angle: 126.7; Position:   1,2; Key:  3; Health:  67.3; Tile: ROAD
2018-05-23 12:49:25 INFO  Car - Speed:   0.0; Angle: 126.7; Position:   1,2; Key:  3; Health:  67.2; Tile: ROAD
2018-05-23 12:49:25 INFO  Car - Speed:   0.0; Angle: 126.7; Position:   1,2; Key:  3; Health:  67.1; Tile: ROAD
2018-05-23 12:49:25 INFO  Car - Speed:   0.0; Angle: 126.7; Position:   1,2; Key:  3; Health:  67.0; Tile: ROAD
2018-05-23 12:49:25 INFO  Car - Speed:   0.0; Angle: 126.7; Position:   1,2; Key:  3; Health:  66.9; Tile: ROAD
2018-05-23 12:49:25 INFO  Car - Speed:   0.0; Angle: 126.7; Position:   1,2; Key:  3; Health:  66.8; Tile: ROAD
2018-05-23 12:49:25 INFO  Car - Speed:   0.0; Angle: 126.7; Position:   1,2; Key:  3; Health:  66.7; Tile: ROAD
2018-05-23 12:49:25 INFO  Car - Speed:   0.0; Angle: 126.7; Position:   1,2; Key:  3; Health:  66.6; Tile: ROAD
2018-05-23 12:49:25 INFO  Car - Speed:   0.0; Angle: 126.7; Position:   1,2; Key:  3; Health:  66.4; Tile: ROAD
